#
# A fatal error has been detected by the Java Runtime Environment:
#
#  EXCEPTION_ACCESS_VIOLATION (0xc0000005) at pc=0x00000000513d8f45, pid=8508, tid=13824
#
# JRE version: Java(TM) SE Runtime Environment (8.0_91-b14) (build 1.8.0_91-b14)
# Java VM: Java HotSpot(TM) 64-Bit Server VM (25.91-b14 mixed mode windows-amd64 compressed oops)
# Problematic frame:
# V  [jvm.dll+0x128f45]
#
# Failed to write core dump. Minidumps are not enabled by default on client versions of Windows
#
# If you would like to submit a bug report, please visit:
#   http://bugreport.java.com/bugreport/crash.jsp
#

---------------  T H R E A D  ---------------

Current thread (0x000000001e27a800):  JavaThread "JDWP Transport Listener: dt_socket" daemon [_thread_in_vm, id=13824, stack(0x000000001ea30000,0x000000001eb30000)]

siginfo: ExceptionCode=0xc0000005, reading address 0xffffffffffffffff

Registers:
RAX=0x000000001eb2f601, RBX=0x000000001e27a800, RCX=0x006a000000770065, RDX=0x0000000000000000
RSP=0x000000001eb2f5f0, RBP=0x006a000000770065, RSI=0x000000001eb2f708, RDI=0x000000000282c730
R8 =0x000000001e27a800, R9 =0x0000000000008000, R10=0x0000000000000000, R11=0x000000001f51f65b
R12=0x0000000000000000, R13=0x000000001e27fab8, R14=0x0000000000000000, R15=0x0000000000000000
RIP=0x00000000513d8f45, EFLAGS=0x0000000000010206

Top of Stack: (sp=0x000000001eb2f5f0)
0x000000001eb2f5f0:   000000001e27a800 000000001e27a800
0x000000001eb2f600:   000000001eb2f6b8 00000000515df32b
0x000000001eb2f610:   000000001e27a800 00000000515fbb8d
0x000000001eb2f620:   0000000000000000 00000000511e9155
0x000000001eb2f630:   00000000204abad0 00000000511f291e
0x000000001eb2f640:   000000001e27a800 0000000000000000
0x000000001eb2f650:   0000000000000000 0000000000000000
0x000000001eb2f660:   006a000000770065 00000000511f1a15
0x000000001eb2f670:   000000001eb2f708 000000001eb2f6e0
0x000000001eb2f680:   0000000000000001 00000000204abad0
0x000000001eb2f690:   006a000000770065 00000000511d53b3
0x000000001eb2f6a0:   000000001eb2f7d0 0000000000000001
0x000000001eb2f6b0:   0000000000000001 00000000204abad0
0x000000001eb2f6c0:   0000000000000008 0000000000000000
0x000000001eb2f6d0:   0000000000000000 0000000000000000
0x000000001eb2f6e0:   0000000000000001 00000000511d5571 

Instructions: (pc=0x00000000513d8f45)
0x00000000513d8f25:   cc cc cc cc cc cc cc cc cc cc cc 48 83 ec 28 48
0x00000000513d8f35:   85 c9 75 07 33 c0 48 83 c4 28 c3 48 89 5c 24 20
0x00000000513d8f45:   48 8b 19 48 85 db 74 20 48 83 fb 37 74 1a 48 8b
0x00000000513d8f55:   13 48 8b cb ff 52 10 84 c0 74 0d 48 8b c3 48 8b 


Register to memory mapping:

RAX=0x000000001eb2f601 is pointing into the stack for thread: 0x000000001e27a800
RBX=0x000000001e27a800 is a thread
RCX=0x006a000000770065 is an unknown value
RDX=0x0000000000000000 is an unknown value
RSP=0x000000001eb2f5f0 is pointing into the stack for thread: 0x000000001e27a800
RBP=0x006a000000770065 is an unknown value
RSI=0x000000001eb2f708 is pointing into the stack for thread: 0x000000001e27a800
RDI=0x000000000282c730 is an unknown value
R8 =0x000000001e27a800 is a thread
R9 =0x0000000000008000 is an unknown value
R10=0x0000000000000000 is an unknown value
R11=0x000000001f51f65b is an unknown value
R12=0x0000000000000000 is an unknown value
R13=0x000000001e27fab8 is an unknown value
R14=0x0000000000000000 is an unknown value
R15=0x0000000000000000 is an unknown value


Stack: [0x000000001ea30000,0x000000001eb30000],  sp=0x000000001eb2f5f0,  free space=1021k
Native frames: (J=compiled Java code, j=interpreted, Vv=VM code, C=native code)
V  [jvm.dll+0x128f45]
V  [jvm.dll+0x34bb8d]
C  [jdwp.dll+0x21a15]
C  [jdwp.dll+0x53b3]
C  [jdwp.dll+0x5571]
C  [jdwp.dll+0xf0a8]
C  [jdwp.dll+0x1f2d5]
C  [jdwp.dll+0x1f4aa]
V  [jvm.dll+0x1bbf38]
V  [jvm.dll+0x243ae4]
V  [jvm.dll+0x29a99a]
C  [msvcr100.dll+0x21d9f]
C  [msvcr100.dll+0x21e3b]
C  [KERNEL32.DLL+0x8364]
C  [ntdll.dll+0x670d1]


---------------  P R O C E S S  ---------------

Java Threads: ( => current thread )
  0x000000001faf3800 JavaThread "qtp1367873789-119" [_thread_blocked, id=4520, stack(0x00000000291a0000,0x00000000292a0000)]
  0x000000001faeb000 JavaThread "qtp1367873789-118" [_thread_blocked, id=10708, stack(0x00000000290a0000,0x00000000291a0000)]
  0x000000001faea800 JavaThread "qtp1367873789-117" [_thread_in_native, id=9928, stack(0x0000000028fa0000,0x00000000290a0000)]
  0x000000001faf1000 JavaThread "qtp1367873789-116" [_thread_blocked, id=13216, stack(0x0000000028ea0000,0x0000000028fa0000)]
  0x000000001faef800 JavaThread "MongoCleaner1223593374" daemon [_thread_blocked, id=10492, stack(0x0000000028da0000,0x0000000028ea0000)]
  0x000000001faef000 JavaThread "MongoCleaner1012911996" daemon [_thread_blocked, id=12768, stack(0x0000000028ba0000,0x0000000028ca0000)]
  0x000000001faf0800 JavaThread "qtp1367873789-112" [_thread_blocked, id=4804, stack(0x00000000289a0000,0x0000000028aa0000)]
  0x000000001faec000 JavaThread "qtp1367873789-111" [_thread_in_native, id=4300, stack(0x00000000288a0000,0x00000000289a0000)]
  0x000000001faee000 JavaThread "MongoCleaner644007865" daemon [_thread_blocked, id=13168, stack(0x00000000284a0000,0x00000000285a0000)]
  0x000000001fae9800 JavaThread "MongoCleaner2000772226" daemon [_thread_blocked, id=8740, stack(0x00000000282a0000,0x00000000283a0000)]
  0x000000001fae9000 JavaThread "qtp1367873789-104" [_thread_blocked, id=13484, stack(0x00000000280a0000,0x00000000281a0000)]
  0x000000001faed800 JavaThread "qtp1367873789-100" [_thread_in_native, id=7748, stack(0x0000000027ca0000,0x0000000027da0000)]
  0x000000001faec800 JavaThread "qtp1367873789-98" [_thread_blocked, id=1632, stack(0x0000000027aa0000,0x0000000027ba0000)]
  0x000000001f591000 JavaThread "MongoCleaner607677911" daemon [_thread_blocked, id=3716, stack(0x00000000279a0000,0x0000000027aa0000)]
  0x000000001f58d000 JavaThread "MongoCleaner1275412709" daemon [_thread_blocked, id=9196, stack(0x00000000278a0000,0x00000000279a0000)]
  0x000000001f58f800 JavaThread "MongoCleaner1339637480" daemon [_thread_blocked, id=10028, stack(0x00000000277a0000,0x00000000278a0000)]
  0x000000001fa46000 JavaThread "MongoCleaner1034404471" daemon [_thread_blocked, id=11496, stack(0x00000000276a0000,0x00000000277a0000)]
  0x000000001fa45000 JavaThread "MongoCleaner1557324853" daemon [_thread_blocked, id=1928, stack(0x00000000275a0000,0x00000000276a0000)]
  0x000000001fa44800 JavaThread "MongoCleaner1115628106" daemon [_thread_blocked, id=11800, stack(0x00000000274a0000,0x00000000275a0000)]
  0x000000001fa3c800 JavaThread "qtp1367873789-91" [_thread_in_native, id=1548, stack(0x00000000273a0000,0x00000000274a0000)]
  0x000000001f59a000 JavaThread "MongoCleaner1377071114" daemon [_thread_blocked, id=11484, stack(0x00000000272a0000,0x00000000273a0000)]
  0x000000001f58e000 JavaThread "MongoCleaner631269573" daemon [_thread_blocked, id=3348, stack(0x00000000271a0000,0x00000000272a0000)]
  0x000000001f599000 JavaThread "MongoCleaner1780558691" daemon [_thread_blocked, id=1432, stack(0x0000000026ea0000,0x0000000026fa0000)]
  0x000000001f598800 JavaThread "MongoCleaner1129612972" daemon [_thread_blocked, id=1608, stack(0x0000000026da0000,0x0000000026ea0000)]
  0x000000001f59a800 JavaThread "MongoCleaner1358228793" daemon [_thread_blocked, id=10320, stack(0x0000000026ca0000,0x0000000026da0000)]
  0x000000001f597800 JavaThread "MongoCleaner226932772" daemon [_thread_blocked, id=2692, stack(0x0000000026ba0000,0x0000000026ca0000)]
  0x000000001f59b800 JavaThread "MongoCleaner2066263527" daemon [_thread_blocked, id=2460, stack(0x0000000026aa0000,0x0000000026ba0000)]
  0x000000001f58e800 JavaThread "MongoCleaner2100296860" daemon [_thread_blocked, id=6848, stack(0x00000000269a0000,0x0000000026aa0000)]
  0x000000001f590000 JavaThread "MongoCleaner1610565320" daemon [_thread_blocked, id=12024, stack(0x00000000268a0000,0x00000000269a0000)]
  0x000000001f597000 JavaThread "MongoCleaner824879473" daemon [_thread_blocked, id=6816, stack(0x00000000267a0000,0x00000000268a0000)]
  0x000000001f596000 JavaThread "MongoCleaner465067532" daemon [_thread_blocked, id=6900, stack(0x00000000266a0000,0x00000000267a0000)]
  0x000000001f594000 JavaThread "MongoCleaner1007683350" daemon [_thread_blocked, id=10212, stack(0x00000000265a0000,0x00000000266a0000)]
  0x000000001f595800 JavaThread "MongoCleaner1870532499" daemon [_thread_blocked, id=11476, stack(0x00000000264a0000,0x00000000265a0000)]
  0x000000001f594800 JavaThread "MongoCleaner1660208005" daemon [_thread_blocked, id=8908, stack(0x00000000263a0000,0x00000000264a0000)]
  0x000000001f58c800 JavaThread "MongoCleaner1106199606" daemon [_thread_blocked, id=3084, stack(0x00000000262a0000,0x00000000263a0000)]
  0x000000001f593000 JavaThread "MongoCleaner731643266" daemon [_thread_blocked, id=12080, stack(0x00000000260a0000,0x00000000261a0000)]
  0x000000001f591800 JavaThread "qtp1367873789-68" [_thread_blocked, id=12488, stack(0x0000000025aa0000,0x0000000025ba0000)]
  0x000000001fa3f000 JavaThread "MongoCleaner1993064529" daemon [_thread_blocked, id=9048, stack(0x00000000257a0000,0x00000000258a0000)]
  0x000000001fa3c000 JavaThread "MongoCleaner454218083" daemon [_thread_blocked, id=6948, stack(0x00000000256a0000,0x00000000257a0000)]
  0x000000001fa37800 JavaThread "MongoCleaner1073520167" daemon [_thread_blocked, id=7316, stack(0x00000000255a0000,0x00000000256a0000)]
  0x000000001f8a6800 JavaThread "MongoCleaner1431272622" daemon [_thread_blocked, id=1988, stack(0x00000000254a0000,0x00000000255a0000)]
  0x000000001f8a5800 JavaThread "MongoCleaner446197741" daemon [_thread_blocked, id=9988, stack(0x00000000252a0000,0x00000000253a0000)]
  0x000000001f8a5000 JavaThread "MongoCleaner1394541958" daemon [_thread_blocked, id=2236, stack(0x00000000251a0000,0x00000000252a0000)]
  0x000000001f8a1000 JavaThread "MongoCleaner1285353495" daemon [_thread_blocked, id=10620, stack(0x00000000250a0000,0x00000000251a0000)]
  0x000000001f8a4000 JavaThread "MongoCleaner131154538" daemon [_thread_blocked, id=696, stack(0x0000000024fa0000,0x00000000250a0000)]
  0x000000001fa43800 JavaThread "MongoCleaner588757969" daemon [_thread_blocked, id=5096, stack(0x0000000024ea0000,0x0000000024fa0000)]
  0x000000001fa43000 JavaThread "MongoCleaner943851794" daemon [_thread_blocked, id=13900, stack(0x0000000024da0000,0x0000000024ea0000)]
  0x000000001fa42000 JavaThread "MongoCleaner1258427052" daemon [_thread_blocked, id=9796, stack(0x0000000024ca0000,0x0000000024da0000)]
  0x000000001fa3f800 JavaThread "MongoCleaner1210277912" daemon [_thread_blocked, id=6184, stack(0x0000000024ba0000,0x0000000024ca0000)]
  0x000000001fa41000 JavaThread "MongoCleaner1172522670" daemon [_thread_blocked, id=1372, stack(0x00000000249a0000,0x0000000024aa0000)]
  0x000000001fa40800 JavaThread "MongoCleaner1960677620" daemon [_thread_blocked, id=7076, stack(0x00000000247a0000,0x00000000248a0000)]
  0x000000001fa39000 JavaThread "MongoCleaner1869505051" daemon [_thread_blocked, id=6748, stack(0x0000000022bc0000,0x0000000022cc0000)]
  0x000000001fa38000 JavaThread "MongoCleaner1251759849" daemon [_thread_blocked, id=11088, stack(0x0000000022ac0000,0x0000000022bc0000)]
  0x000000001fa3b000 JavaThread "MongoCleaner1918079015" daemon [_thread_blocked, id=13880, stack(0x00000000225c0000,0x00000000226c0000)]
  0x000000001fa3a800 JavaThread "MongoCleaner589594208" daemon [_thread_blocked, id=9324, stack(0x00000000224c0000,0x00000000225c0000)]
  0x000000001fa3e000 JavaThread "MongoCleaner196321122" daemon [_thread_blocked, id=3704, stack(0x00000000221c0000,0x00000000222c0000)]
  0x000000001fa39800 JavaThread "MongoCleaner52727990" daemon [_thread_blocked, id=2376, stack(0x00000000220c0000,0x00000000221c0000)]
  0x000000001f8a7000 JavaThread "Scheduler-487467263" [_thread_blocked, id=6052, stack(0x0000000021dc0000,0x0000000021ec0000)]
  0x000000001f8a0800 JavaThread "org.eclipse.jetty.server.session.HashSessionManager@98b5243Timer" daemon [_thread_blocked, id=4024, stack(0x0000000021cc0000,0x0000000021dc0000)]
  0x000000001f8a2000 JavaThread "qtp1367873789-21-acceptor-0@2f03cb3d-ServerConnector@6dd5d178{HTTP/1.1,[http/1.1]}{0.0.0.0:4567}" [_thread_in_native, id=11916, stack(0x00000000216c0000,0x00000000217c0000)]
  0x0000000002864800 JavaThread "DestroyJavaVM" [_thread_blocked, id=7368, stack(0x00000000026d0000,0x00000000027d0000)]
  0x000000001fa12800 JavaThread "Thread-2" [_thread_blocked, id=2828, stack(0x00000000200f0000,0x00000000201f0000)]
  0x000000001f6a5800 JavaThread "MongoCleaner1095293768" daemon [_thread_blocked, id=7620, stack(0x000000001fef0000,0x000000001fff0000)]
  0x000000001e292800 JavaThread "Service Thread" daemon [_thread_blocked, id=9756, stack(0x000000001f130000,0x000000001f230000)]
  0x000000001e2f3000 JavaThread "C1 CompilerThread3" daemon [_thread_blocked, id=1140, stack(0x000000001f030000,0x000000001f130000)]
  0x000000001e29c000 JavaThread "C2 CompilerThread2" daemon [_thread_blocked, id=13320, stack(0x000000001ef30000,0x000000001f030000)]
  0x000000001e29b000 JavaThread "C2 CompilerThread1" daemon [_thread_blocked, id=9332, stack(0x000000001ee30000,0x000000001ef30000)]
  0x000000001e2a0000 JavaThread "C2 CompilerThread0" daemon [_thread_blocked, id=8012, stack(0x000000001ed30000,0x000000001ee30000)]
  0x000000001e28e800 JavaThread "JDWP Command Reader" daemon [_thread_in_native, id=10924, stack(0x000000001ec30000,0x000000001ed30000)]
  0x000000001e282000 JavaThread "JDWP Event Helper Thread" daemon [_thread_blocked, id=532, stack(0x000000001eb30000,0x000000001ec30000)]
=>0x000000001e27a800 JavaThread "JDWP Transport Listener: dt_socket" daemon [_thread_in_vm, id=13824, stack(0x000000001ea30000,0x000000001eb30000)]
  0x000000001e272000 JavaThread "Attach Listener" daemon [_thread_blocked, id=8580, stack(0x000000001e930000,0x000000001ea30000)]
  0x000000001e271000 JavaThread "Signal Dispatcher" daemon [_thread_blocked, id=5932, stack(0x000000001e830000,0x000000001e930000)]
  0x000000001e260800 JavaThread "Finalizer" daemon [_thread_blocked, id=6972, stack(0x000000001e640000,0x000000001e740000)]
  0x000000000295a000 JavaThread "Reference Handler" daemon [_thread_blocked, id=11904, stack(0x000000001e140000,0x000000001e240000)]

Other Threads:
  0x000000001c349000 VMThread [stack: 0x000000001e040000,0x000000001e140000] [id=9236]
  0x000000001e32f800 WatcherThread [stack: 0x000000001f230000,0x000000001f330000] [id=5996]

VM state:not at safepoint (normal execution)

VM Mutex/Monitor currently owned by a thread: None

Heap:
 PSYoungGen      total 74240K, used 29934K [0x000000076b800000, 0x0000000770d00000, 0x00000007c0000000)
  eden space 63488K, 30% used [0x000000076b800000,0x000000076cabebc8,0x000000076f600000)
  from space 10752K, 99% used [0x000000076f780000,0x00000007701fd010,0x0000000770200000)
  to   space 11264K, 0% used [0x0000000770200000,0x0000000770200000,0x0000000770d00000)
 ParOldGen       total 173568K, used 388K [0x00000006c2800000, 0x00000006cd180000, 0x000000076b800000)
  object space 173568K, 0% used [0x00000006c2800000,0x00000006c2861010,0x00000006cd180000)
 Metaspace       used 14720K, capacity 15102K, committed 15360K, reserved 1062912K
  class space    used 1606K, capacity 1739K, committed 1792K, reserved 1048576K

Card table byte_map: [0x0000000011d20000,0x0000000012510000] byte_map_base: 0x000000000e70c000

Marking Bits: (ParMarkBitMap*) 0x0000000051ac2f70
 Begin Bits: [0x0000000013260000, 0x00000000171c0000)
 End Bits:   [0x00000000171c0000, 0x000000001b120000)

Polling page: 0x00000000027d0000

CodeCache: size=245760Kb used=8134Kb max_used=8134Kb free=237625Kb
 bounds [0x0000000002960000, 0x0000000003160000, 0x0000000011960000]
 total_blobs=2545 nmethods=2155 adapters=310
 compilation: enabled

Compilation events (10 events):
Event: 3306.573 Thread 0x000000001e2f3000 nmethod 2449 0x0000000003147f10 code [0x0000000003148300, 0x000000000314ab28]
Event: 3306.585 Thread 0x000000001e29b000 nmethod 2440 0x0000000003150490 code [0x0000000003150680, 0x0000000003151cb8]
Event: 3306.632 Thread 0x000000001e2f3000 2450   !   3       org.eclipse.jetty.util.IteratingCallback::processing (542 bytes)
Event: 3306.636 Thread 0x000000001e2f3000 nmethod 2450 0x0000000003152f10 code [0x0000000003153740, 0x0000000003159748]
Event: 3306.636 Thread 0x000000001e2f3000 2451       3       java.lang.ThreadLocal::setInitialValue (36 bytes)
Event: 3306.637 Thread 0x000000001e2f3000 nmethod 2451 0x000000000314fc90 code [0x000000000314fe40, 0x00000000031502f8]
Event: 3306.637 Thread 0x000000001e2f3000 2452       3       java.lang.ThreadLocal::set (30 bytes)
Event: 3306.637 Thread 0x000000001e2f3000 nmethod 2452 0x000000000314f550 code [0x000000000314f6e0, 0x000000000314fae8]
Event: 3306.638 Thread 0x000000001e2f3000 2453   !   3       org.eclipse.jetty.io.ManagedSelector$SelectorProducer::runChange (68 bytes)
Event: 3306.639 Thread 0x000000001e2f3000 nmethod 2453 0x000000000314d810 code [0x000000000314daa0, 0x000000000314ec18]

GC Heap History (10 events):
Event: 86.706 GC heap before
{Heap before GC invocations=1 (full 0):
 PSYoungGen      total 75776K, used 65024K [0x000000076b800000, 0x0000000770c80000, 0x00000007c0000000)
  eden space 65024K, 100% used [0x000000076b800000,0x000000076f780000,0x000000076f780000)
  from space 10752K, 0% used [0x0000000770200000,0x0000000770200000,0x0000000770c80000)
  to   space 10752K, 0% used [0x000000076f780000,0x000000076f780000,0x0000000770200000)
 ParOldGen       total 173568K, used 0K [0x00000006c2800000, 0x00000006cd180000, 0x000000076b800000)
  object space 173568K, 0% used [0x00000006c2800000,0x00000006c2800000,0x00000006cd180000)
 Metaspace       used 13244K, capacity 13470K, committed 13696K, reserved 1060864K
  class space    used 1563K, capacity 1649K, committed 1664K, reserved 1048576K
Event: 86.712 GC heap after
Heap after GC invocations=1 (full 0):
 PSYoungGen      total 75776K, used 9539K [0x000000076b800000, 0x0000000770c80000, 0x00000007c0000000)
  eden space 65024K, 0% used [0x000000076b800000,0x000000076b800000,0x000000076f780000)
  from space 10752K, 88% used [0x000000076f780000,0x00000007700d0e28,0x0000000770200000)
  to   space 10752K, 0% used [0x0000000770200000,0x0000000770200000,0x0000000770c80000)
 ParOldGen       total 173568K, used 24K [0x00000006c2800000, 0x00000006cd180000, 0x000000076b800000)
  object space 173568K, 0% used [0x00000006c2800000,0x00000006c2806000,0x00000006cd180000)
 Metaspace       used 13244K, capacity 13470K, committed 13696K, reserved 1060864K
  class space    used 1563K, capacity 1649K, committed 1664K, reserved 1048576K
}
Event: 1188.600 GC heap before
{Heap before GC invocations=2 (full 0):
 PSYoungGen      total 75776K, used 74563K [0x000000076b800000, 0x0000000770c80000, 0x00000007c0000000)
  eden space 65024K, 100% used [0x000000076b800000,0x000000076f780000,0x000000076f780000)
  from space 10752K, 88% used [0x000000076f780000,0x00000007700d0e28,0x0000000770200000)
  to   space 10752K, 0% used [0x0000000770200000,0x0000000770200000,0x0000000770c80000)
 ParOldGen       total 173568K, used 24K [0x00000006c2800000, 0x00000006cd180000, 0x000000076b800000)
  object space 173568K, 0% used [0x00000006c2800000,0x00000006c2806000,0x00000006cd180000)
 Metaspace       used 13677K, capacity 13936K, committed 13952K, reserved 1060864K
  class space    used 1572K, capacity 1664K, committed 1664K, reserved 1048576K
Event: 1188.604 GC heap after
Heap after GC invocations=2 (full 0):
 PSYoungGen      total 75776K, used 7298K [0x000000076b800000, 0x0000000770c80000, 0x00000007c0000000)
  eden space 65024K, 0% used [0x000000076b800000,0x000000076b800000,0x000000076f780000)
  from space 10752K, 67% used [0x0000000770200000,0x0000000770920a80,0x0000000770c80000)
  to   space 10752K, 0% used [0x000000076f780000,0x000000076f780000,0x0000000770200000)
 ParOldGen       total 173568K, used 32K [0x00000006c2800000, 0x00000006cd180000, 0x000000076b800000)
  object space 173568K, 0% used [0x00000006c2800000,0x00000006c2808000,0x00000006cd180000)
 Metaspace       used 13677K, capacity 13936K, committed 13952K, reserved 1060864K
  class space    used 1572K, capacity 1664K, committed 1664K, reserved 1048576K
}
Event: 1730.853 GC heap before
{Heap before GC invocations=3 (full 0):
 PSYoungGen      total 75776K, used 72322K [0x000000076b800000, 0x0000000770c80000, 0x00000007c0000000)
  eden space 65024K, 100% used [0x000000076b800000,0x000000076f780000,0x000000076f780000)
  from space 10752K, 67% used [0x0000000770200000,0x0000000770920a80,0x0000000770c80000)
  to   space 10752K, 0% used [0x000000076f780000,0x000000076f780000,0x0000000770200000)
 ParOldGen       total 173568K, used 32K [0x00000006c2800000, 0x00000006cd180000, 0x000000076b800000)
  object space 173568K, 0% used [0x00000006c2800000,0x00000006c2808000,0x00000006cd180000)
 Metaspace       used 13921K, capacity 14258K, committed 14592K, reserved 1062912K
  class space    used 1580K, capacity 1703K, committed 1792K, reserved 1048576K
Event: 1730.859 GC heap after
Heap after GC invocations=3 (full 0):
 PSYoungGen      total 75776K, used 8419K [0x000000076b800000, 0x0000000770c80000, 0x00000007c0000000)
  eden space 65024K, 0% used [0x000000076b800000,0x000000076b800000,0x000000076f780000)
  from space 10752K, 78% used [0x000000076f780000,0x000000076ffb8c20,0x0000000770200000)
  to   space 10752K, 0% used [0x0000000770200000,0x0000000770200000,0x0000000770c80000)
 ParOldGen       total 173568K, used 40K [0x00000006c2800000, 0x00000006cd180000, 0x000000076b800000)
  object space 173568K, 0% used [0x00000006c2800000,0x00000006c280a000,0x00000006cd180000)
 Metaspace       used 13921K, capacity 14258K, committed 14592K, reserved 1062912K
  class space    used 1580K, capacity 1703K, committed 1792K, reserved 1048576K
}
Event: 1962.385 GC heap before
{Heap before GC invocations=4 (full 0):
 PSYoungGen      total 75776K, used 73443K [0x000000076b800000, 0x0000000770c80000, 0x00000007c0000000)
  eden space 65024K, 100% used [0x000000076b800000,0x000000076f780000,0x000000076f780000)
  from space 10752K, 78% used [0x000000076f780000,0x000000076ffb8c20,0x0000000770200000)
  to   space 10752K, 0% used [0x0000000770200000,0x0000000770200000,0x0000000770c80000)
 ParOldGen       total 173568K, used 40K [0x00000006c2800000, 0x00000006cd180000, 0x000000076b800000)
  object space 173568K, 0% used [0x00000006c2800000,0x00000006c280a000,0x00000006cd180000)
 Metaspace       used 14354K, capacity 14704K, committed 14848K, reserved 1062912K
  class space    used 1592K, capacity 1718K, committed 1792K, reserved 1048576K
Event: 1962.391 GC heap after
Heap after GC invocations=4 (full 0):
 PSYoungGen      total 75776K, used 10003K [0x000000076b800000, 0x0000000770c80000, 0x00000007c0000000)
  eden space 65024K, 0% used [0x000000076b800000,0x000000076b800000,0x000000076f780000)
  from space 10752K, 93% used [0x0000000770200000,0x0000000770bc4e30,0x0000000770c80000)
  to   space 10752K, 0% used [0x000000076f780000,0x000000076f780000,0x0000000770200000)
 ParOldGen       total 173568K, used 48K [0x00000006c2800000, 0x00000006cd180000, 0x000000076b800000)
  object space 173568K, 0% used [0x00000006c2800000,0x00000006c280c000,0x00000006cd180000)
 Metaspace       used 14354K, capacity 14704K, committed 14848K, reserved 1062912K
  class space    used 1592K, capacity 1718K, committed 1792K, reserved 1048576K
}
Event: 2615.572 GC heap before
{Heap before GC invocations=5 (full 0):
 PSYoungGen      total 75776K, used 75027K [0x000000076b800000, 0x0000000770c80000, 0x00000007c0000000)
  eden space 65024K, 100% used [0x000000076b800000,0x000000076f780000,0x000000076f780000)
  from space 10752K, 93% used [0x0000000770200000,0x0000000770bc4e30,0x0000000770c80000)
  to   space 10752K, 0% used [0x000000076f780000,0x000000076f780000,0x0000000770200000)
 ParOldGen       total 173568K, used 48K [0x00000006c2800000, 0x00000006cd180000, 0x000000076b800000)
  object space 173568K, 0% used [0x00000006c2800000,0x00000006c280c000,0x00000006cd180000)
 Metaspace       used 14623K, capacity 15012K, committed 15104K, reserved 1062912K
  class space    used 1602K, capacity 1732K, committed 1792K, reserved 1048576K
Event: 2615.577 GC heap after
Heap after GC invocations=5 (full 0):
 PSYoungGen      total 74240K, used 10740K [0x000000076b800000, 0x0000000770d00000, 0x00000007c0000000)
  eden space 63488K, 0% used [0x000000076b800000,0x000000076b800000,0x000000076f600000)
  from space 10752K, 99% used [0x000000076f780000,0x00000007701fd010,0x0000000770200000)
  to   space 11264K, 0% used [0x0000000770200000,0x0000000770200000,0x0000000770d00000)
 ParOldGen       total 173568K, used 388K [0x00000006c2800000, 0x00000006cd180000, 0x000000076b800000)
  object space 173568K, 0% used [0x00000006c2800000,0x00000006c2861010,0x00000006cd180000)
 Metaspace       used 14623K, capacity 15012K, committed 15104K, reserved 1062912K
  class space    used 1602K, capacity 1732K, committed 1792K, reserved 1048576K
}

Deoptimization events (10 events):
Event: 9.139 Thread 0x000000001f8a6800 Uncommon trap: reason=class_check action=maybe_recompile pc=0x0000000002d18204 method=java.util.regex.Pattern$Curly.match0(Ljava/util/regex/Matcher;IILjava/lang/CharSequence;)Z @ 31
Event: 9.139 Thread 0x000000001f8a6800 Uncommon trap: reason=bimorphic action=maybe_recompile pc=0x0000000002d499dc method=java.util.regex.Pattern$GroupTail.match(Ljava/util/regex/Matcher;ILjava/lang/CharSequence;)Z @ 70
Event: 17.328 Thread 0x000000001f8a1000 Uncommon trap: reason=unstable_if action=reinterpret pc=0x0000000002d74a90 method=java.util.Formatter$FormatSpecifier.print(ILjava/util/Locale;)V @ 4
Event: 99.668 Thread 0x000000001f8a4000 Uncommon trap: reason=class_check action=maybe_recompile pc=0x0000000002d18204 method=java.util.regex.Pattern$Curly.match0(Ljava/util/regex/Matcher;IILjava/lang/CharSequence;)Z @ 31
Event: 99.668 Thread 0x000000001f8a4000 Uncommon trap: reason=class_check action=maybe_recompile pc=0x0000000002d18204 method=java.util.regex.Pattern$Curly.match0(Ljava/util/regex/Matcher;IILjava/lang/CharSequence;)Z @ 31
Event: 99.668 Thread 0x000000001f8a4000 Uncommon trap: reason=bimorphic action=maybe_recompile pc=0x0000000002d499dc method=java.util.regex.Pattern$GroupTail.match(Ljava/util/regex/Matcher;ILjava/lang/CharSequence;)Z @ 70
Event: 183.935 Thread 0x000000001f8a6800 Uncommon trap: reason=bimorphic action=maybe_recompile pc=0x0000000002d499dc method=java.util.regex.Pattern$GroupTail.match(Ljava/util/regex/Matcher;ILjava/lang/CharSequence;)Z @ 70
Event: 1149.664 Thread 0x000000001fa3c000 Uncommon trap: reason=bimorphic action=maybe_recompile pc=0x0000000002d499dc method=java.util.regex.Pattern$GroupTail.match(Ljava/util/regex/Matcher;ILjava/lang/CharSequence;)Z @ 70
Event: 1400.790 Thread 0x000000001fa3d800 Uncommon trap: reason=class_check action=maybe_recompile pc=0x0000000002cf7ed8 method=java.util.HashMap.putVal(ILjava/lang/Object;Ljava/lang/Object;ZZ)Ljava/lang/Object; @ 203
Event: 1730.810 Thread 0x000000001fa46800 Uncommon trap: reason=unstable_if action=reinterpret pc=0x0000000002f0da34 method=java.nio.charset.CharsetEncoder.encode(Ljava/nio/CharBuffer;Ljava/nio/ByteBuffer;Z)Ljava/nio/charset/CoderResult; @ 1

Internal exceptions (10 events):
Event: 1.521 Thread 0x0000000002864800 Exception <a 'java/lang/ArrayIndexOutOfBoundsException'> (0x000000076c3f3470) thrown at [C:\re\workspace\8-2-build-windows-amd64-cygwin\jdk8u91\6644\hotspot\src\share\vm\runtime\sharedRuntime.cpp, line 605]
Event: 1.527 Thread 0x0000000002864800 Exception <a 'java/lang/ArrayIndexOutOfBoundsException'> (0x000000076c419b90) thrown at [C:\re\workspace\8-2-build-windows-amd64-cygwin\jdk8u91\6644\hotspot\src\share\vm\runtime\sharedRuntime.cpp, line 605]
Event: 1.528 Thread 0x0000000002864800 Exception <a 'java/lang/ArrayIndexOutOfBoundsException'> (0x000000076c41adf8) thrown at [C:\re\workspace\8-2-build-windows-amd64-cygwin\jdk8u91\6644\hotspot\src\share\vm\runtime\sharedRuntime.cpp, line 605]
Event: 1.528 Thread 0x0000000002864800 Exception <a 'java/lang/ArrayIndexOutOfBoundsException'> (0x000000076c41c770) thrown at [C:\re\workspace\8-2-build-windows-amd64-cygwin\jdk8u91\6644\hotspot\src\share\vm\runtime\sharedRuntime.cpp, line 605]
Event: 1.534 Thread 0x0000000002864800 Exception <a 'java/lang/ArrayIndexOutOfBoundsException'> (0x000000076c442720) thrown at [C:\re\workspace\8-2-build-windows-amd64-cygwin\jdk8u91\6644\hotspot\src\share\vm\runtime\sharedRuntime.cpp, line 605]
Event: 1.566 Thread 0x0000000002864800 Exception <a 'java/lang/ArrayIndexOutOfBoundsException'> (0x000000076c4516d0) thrown at [C:\re\workspace\8-2-build-windows-amd64-cygwin\jdk8u91\6644\hotspot\src\share\vm\runtime\sharedRuntime.cpp, line 605]
Event: 1.721 Thread 0x0000000002864800 Exception <a 'java/lang/NoSuchFieldError': method resolution failed> (0x000000076c6e8268) thrown at [C:\re\workspace\8-2-build-windows-amd64-cygwin\jdk8u91\6644\hotspot\src\share\vm\prims\methodHandles.cpp, line 1146]
Event: 1.723 Thread 0x0000000002864800 Exception <a 'java/lang/NoSuchFieldError': method resolution failed> (0x000000076c6f5588) thrown at [C:\re\workspace\8-2-build-windows-amd64-cygwin\jdk8u91\6644\hotspot\src\share\vm\prims\methodHandles.cpp, line 1146]
Event: 6.691 Thread 0x000000001f8a6800 Exception <a 'java/lang/NoSuchMethodError': java.lang.Object.lambda$comparing$77a9974f$1(Ljava/util/function/Function;Ljava/lang/Object;Ljava/lang/Object;)I> (0x000000076e2b42c8) thrown at [C:\re\workspace\8-2-build-windows-amd64-cygwin\jdk8u91\6644\hotspoäË®k@
Event: 6.777 Thread 0x000000001f8a6800 Exception <a 'java/lang/NoClassDefFoundError': org/apache/log/format/Formatter> (0x000000076e3bb340) thrown at [C:\re\workspace\8-2-build-windows-amd64-cygwin\jdk8u91\6644\hotspot\src\share\vm\classfile\systemDictionary.cpp, line 199]

Events (10 events):
Event: 3306.537 Thread 0x000000001faf0800 DEOPT PACKING pc=0x00000000031234f0 sp=0x0000000028a9e550
Event: 3306.537 Thread 0x000000001faf0800 DEOPT UNPACKING pc=0x00000000029a787f sp=0x0000000028a9e1a0 mode 1
Event: 3306.556 Thread 0x000000001faf1000 Thread added: 0x000000001faf1000
Event: 3306.556 Thread 0x000000001faea800 Thread added: 0x000000001faea800
Event: 3306.561 Thread 0x000000001faeb000 Thread added: 0x000000001faeb000
Event: 3306.562 Executing VM operation: BulkRevokeBias
Event: 3306.562 Executing VM operation: BulkRevokeBias done
Event: 3306.562 Thread 0x000000001faf3800 Thread added: 0x000000001faf3800
Event: 3343.711 Thread 0x000000001f58d000 DEOPT PACKING pc=0x0000000002d187b0 sp=0x000000002799f100
Event: 3343.711 Thread 0x000000001f58d000 DEOPT UNPACKING pc=0x00000000029a787f sp=0x000000002799ee50 mode 0


Dynamic libraries:
0x00007ff736400000 - 0x00007ff736437000 	C:\Program Files\Java\jdk1.8.0_91\bin\java.exe
0x00007ffb5fcd0000 - 0x00007ffb5fea1000 	C:\WINDOWS\SYSTEM32\ntdll.dll
0x00007ffb5f360000 - 0x00007ffb5f40b000 	C:\WINDOWS\System32\KERNEL32.DLL
0x00007ffb5c1c0000 - 0x00007ffb5c3dd000 	C:\WINDOWS\System32\KERNELBASE.dll
0x00007ffb5d980000 - 0x00007ffb5da22000 	C:\WINDOWS\System32\ADVAPI32.dll
0x00007ffb5f410000 - 0x00007ffb5f4ae000 	C:\WINDOWS\System32\msvcrt.dll
0x00007ffb5f830000 - 0x00007ffb5f889000 	C:\WINDOWS\System32\sechost.dll
0x00007ffb5f620000 - 0x00007ffb5f741000 	C:\WINDOWS\System32\RPCRT4.dll
0x00007ffb5f4b0000 - 0x00007ffb5f615000 	C:\WINDOWS\System32\USER32.dll
0x00007ffb5c590000 - 0x00007ffb5c5ae000 	C:\WINDOWS\System32\win32u.dll
0x00007ffb5f750000 - 0x00007ffb5f784000 	C:\WINDOWS\System32\GDI32.dll
0x00007ffb5c750000 - 0x00007ffb5c8d2000 	C:\WINDOWS\System32\gdi32full.dll
0x00007ffb54fb0000 - 0x00007ffb55229000 	C:\WINDOWS\WinSxS\amd64_microsoft.windows.common-controls_6595b64144ccf1df_6.0.14393.447_none_42191651c6827bb3\COMCTL32.dll
0x00007ffb5f970000 - 0x00007ffb5fc38000 	C:\WINDOWS\System32\combase.dll
0x00007ffb5c5b0000 - 0x00007ffb5c6a5000 	C:\WINDOWS\System32\ucrtbase.dll
0x00007ffb5cb10000 - 0x00007ffb5cb7a000 	C:\WINDOWS\System32\bcryptPrimitives.dll
0x00007ffb5f070000 - 0x00007ffb5f09e000 	C:\WINDOWS\System32\IMM32.DLL
0x0000000051b50000 - 0x0000000051c22000 	C:\Program Files\Java\jdk1.8.0_91\jre\bin\msvcr100.dll
0x00000000512b0000 - 0x0000000051b43000 	C:\Program Files\Java\jdk1.8.0_91\jre\bin\server\jvm.dll
0x00007ffb5d690000 - 0x00007ffb5d698000 	C:\WINDOWS\System32\PSAPI.DLL
0x00007ffb501b0000 - 0x00007ffb501b9000 	C:\WINDOWS\SYSTEM32\WSOCK32.dll
0x00007ffb59760000 - 0x00007ffb59783000 	C:\WINDOWS\SYSTEM32\WINMM.dll
0x00007ffb57df0000 - 0x00007ffb57dfa000 	C:\WINDOWS\SYSTEM32\VERSION.dll
0x00007ffb5da30000 - 0x00007ffb5da9a000 	C:\WINDOWS\System32\WS2_32.dll
0x00007ffb59730000 - 0x00007ffb5975b000 	C:\WINDOWS\SYSTEM32\WINMMBASE.dll
0x00007ffb5c540000 - 0x00007ffb5c582000 	C:\WINDOWS\System32\cfgmgr32.dll
0x00000000512a0000 - 0x00000000512af000 	C:\Program Files\Java\jdk1.8.0_91\jre\bin\verify.dll
0x0000000051270000 - 0x0000000051299000 	C:\Program Files\Java\jdk1.8.0_91\jre\bin\java.dll
0x00000000511d0000 - 0x0000000051205000 	C:\Program Files\Java\jdk1.8.0_91\jre\bin\jdwp.dll
0x00000000511c0000 - 0x00000000511c8000 	C:\Program Files\Java\jdk1.8.0_91\jre\bin\npt.dll
0x0000000051250000 - 0x0000000051266000 	C:\Program Files\Java\jdk1.8.0_91\jre\bin\zip.dll
0x00007ffb5daa0000 - 0x00007ffb5efa9000 	C:\WINDOWS\System32\SHELL32.dll
0x00007ffb5cb80000 - 0x00007ffb5d25a000 	C:\WINDOWS\System32\windows.storage.dll
0x00007ffb5c160000 - 0x00007ffb5c1ac000 	C:\WINDOWS\System32\powrprof.dll
0x00007ffb5f890000 - 0x00007ffb5f8e2000 	C:\WINDOWS\System32\shlwapi.dll
0x00007ffb5c1b0000 - 0x00007ffb5c1bf000 	C:\WINDOWS\System32\kernel.appcore.dll
0x00007ffb5c3e0000 - 0x00007ffb5c489000 	C:\WINDOWS\System32\shcore.dll
0x00007ffb5c140000 - 0x00007ffb5c154000 	C:\WINDOWS\System32\profapi.dll
0x00000000511b0000 - 0x00000000511b9000 	C:\Program Files\Java\jdk1.8.0_91\jre\bin\dt_socket.dll
0x00007ffb5ba60000 - 0x00007ffb5babc000 	C:\WINDOWS\system32\mswsock.dll
0x0000000051230000 - 0x000000005124a000 	C:\Program Files\Java\jdk1.8.0_91\jre\bin\net.dll
0x00007ffb5b840000 - 0x00007ffb5b8e0000 	C:\WINDOWS\SYSTEM32\DNSAPI.dll
0x00007ffb5f960000 - 0x00007ffb5f968000 	C:\WINDOWS\System32\NSI.dll
0x00007ffb5b7f0000 - 0x00007ffb5b828000 	C:\WINDOWS\SYSTEM32\IPHLPAPI.DLL
0x0000000052250000 - 0x0000000052276000 	C:\Program Files\Bonjour\mdnsNSP.dll
0x00007ffb4fae0000 - 0x00007ffb4faea000 	C:\Windows\System32\rasadhlp.dll
0x00007ffb53d60000 - 0x00007ffb53dca000 	C:\WINDOWS\System32\fwpuclnt.dll
0x00007ffb5bd10000 - 0x00007ffb5bd3b000 	C:\WINDOWS\SYSTEM32\bcrypt.dll
0x00007ffb53ce0000 - 0x00007ffb53cf6000 	C:\WINDOWS\SYSTEM32\dhcpcsvc6.DLL
0x00007ffb53cc0000 - 0x00007ffb53cda000 	C:\WINDOWS\SYSTEM32\dhcpcsvc.DLL
0x00000000511a0000 - 0x00000000511ad000 	C:\Program Files\Java\jdk1.8.0_91\jre\bin\management.dll
0x00007ffb488f0000 - 0x00007ffb48906000 	C:\WINDOWS\system32\napinsp.dll
0x00007ffb48080000 - 0x00007ffb4809a000 	C:\WINDOWS\system32\pnrpnsp.dll
0x00007ffb59010000 - 0x00007ffb59028000 	C:\WINDOWS\system32\NLAapi.dll
0x00007ffb48070000 - 0x00007ffb4807e000 	C:\WINDOWS\System32\winrnr.dll
0x00007ffb45830000 - 0x00007ffb45845000 	C:\WINDOWS\System32\wshbth.dll
0x0000000051210000 - 0x0000000051221000 	C:\Program Files\Java\jdk1.8.0_91\jre\bin\nio.dll
0x00007ffb5bc00000 - 0x00007ffb5bc17000 	C:\WINDOWS\SYSTEM32\CRYPTSP.dll
0x00007ffb5b670000 - 0x00007ffb5b6a3000 	C:\WINDOWS\system32\rsaenh.dll
0x00007ffb5b8e0000 - 0x00007ffb5b8ff000 	C:\WINDOWS\SYSTEM32\USERENV.dll
0x00007ffb5bc20000 - 0x00007ffb5bc2b000 	C:\WINDOWS\SYSTEM32\CRYPTBASE.dll
0x00007ffb50000000 - 0x00007ffb50192000 	C:\WINDOWS\SYSTEM32\dbghelp.dll

VM Arguments:
jvm_args: -agentlib:jdwp=transport=dt_socket,address=127.0.0.1:51022,suspend=y,server=n -Dfile.encoding=UTF-8 
java_command: RentCalculator
java_class_path (initial): C:\Program Files\Java\jdk1.8.0_91\jre\lib\charsets.jar;C:\Program Files\Java\jdk1.8.0_91\jre\lib\deploy.jar;C:\Program Files\Java\jdk1.8.0_91\jre\lib\ext\access-bridge-64.jar;C:\Program Files\Java\jdk1.8.0_91\jre\lib\ext\cldrdata.jar;C:\Program Files\Java\jdk1.8.0_91\jre\lib\ext\dnsns.jar;C:\Program Files\Java\jdk1.8.0_91\jre\lib\ext\jaccess.jar;C:\Program Files\Java\jdk1.8.0_91\jre\lib\ext\jfxrt.jar;C:\Program Files\Java\jdk1.8.0_91\jre\lib\ext\localedata.jar;C:\Program Files\Java\jdk1.8.0_91\jre\lib\ext\nashorn.jar;C:\Program Files\Java\jdk1.8.0_91\jre\lib\ext\sunec.jar;C:\Program Files\Java\jdk1.8.0_91\jre\lib\ext\sunjce_provider.jar;C:\Program Files\Java\jdk1.8.0_91\jre\lib\ext\sunmscapi.jar;C:\Program Files\Java\jdk1.8.0_91\jre\lib\ext\sunpkcs11.jar;C:\Program Files\Java\jdk1.8.0_91\jre\lib\ext\zipfs.jar;C:\Program Files\Java\jdk1.8.0_91\jre\lib\javaws.jar;C:\Program Files\Java\jdk1.8.0_91\jre\lib\jce.jar;C:\Program Files\Java\jdk1.8.0_91\jre\lib\jfr.jar;C:\Program Files\Java\jdk1.8.0_91\jre\lib\jfxswt.jar;C:\Program Files\Java\jdk1.8.0_91\jre\lib\jsse.jar;C:\Program Files\Java\jdk1.8.0_91\jre\lib\management-agent.jar;C:\Program Files\Java\jdk1.8.0_91\jre\lib\plugin.jar;C:\Program Files\Java\jdk1.8.0_91\jre\lib\resources.jar;C:\Program Files\Java\jdk1.8.0_91\jre\lib\rt.jar;C:\Users\Nicolas\IdeaProjects\RentCalculator\target\classes;C:\Users\Nicolas\.m2\repository\org\hibernate\hibernate-core\5.2.1.Final\hibernate-core-5.2.1.Final.jar;C:\Users\Nicolas\.m2\repository\org\jboss\logging\jboss-logging\3.3.0.Final\jboss-logging-3.3.0.Final.jar;C:\Users\Nicolas\.m2\repository\org\hibernate\javax\persistence\hibernate-jpa-2.1-api\1.0.0.Final\hibernate-jpa-2.1-api-1.0.0.Final.jar;C:\Users\Nicolas\.m2\repository\org\javassist\javassist\3.20.0-GA\javassist-3.20.0-GA.jar;C:\Users\Nicolas\.m2\repository\antlr\antlr\2.7.7\antlr-2.7.7.jar;C:\Users\Nicolas\.m2\repository\org\apache\geronimo\specs\geronimo-jta_1.1_spec\1.1.1\geronimo-jta_1.1_spec-1.
Launcher Type: SUN_STANDARD

Environment Variables:
PATH=C:\ProgramData\Oracle\Java\javapath;C:\Program Files (x86)\Intel\iCLS Client\;C:\Program Files\Intel\iCLS Client\;C:\Windows\system32;C:\Windows;C:\Windows\System32\Wbem;C:\Windows\System32\WindowsPowerShell\v1.0\;C:\Program Files (x86)\Intel\Intel(R) Management Engine Components\DAL;C:\Program Files\Intel\Intel(R) Management Engine Components\DAL;C:\Program Files (x86)\Intel\Intel(R) Management Engine Components\IPT;C:\Program Files\Intel\Intel(R) Management Engine Components\IPT;C:\Program Files (x86)\NVIDIA Corporation\PhysX\Common;C:\Program Files\Intel\WiFi\bin\;C:\Program Files\Common Files\Intel\WirelessCommon\;C:\Program Files (x86)\Skype\Phone\;C:\WINDOWS\system32;C:\WINDOWS;C:\WINDOWS\System32\Wbem;C:\WINDOWS\System32\WindowsPowerShell\v1.0\;C:\Program Files (x86)\ImageConverter Plus;C:\Program Files (x86)\NVIDIA Corporation\DDS Utilities;C:\Users\Nicolas\AppData\Local\Microsoft\WindowsApps;C:\Program Files (x86)\ImageConverter Plus;
USERNAME=Nicolas
OS=Windows_NT
PROCESSOR_IDENTIFIER=Intel64 Family 6 Model 94 Stepping 3, GenuineIntel



---------------  S Y S T E M  ---------------

OS: Windows 10.0 , 64 bit Build 14393 (10.0.14393.0)

CPU:total 8 (4 cores per cpu, 2 threads per core) family 6 model 94 stepping 3, cmov, cx8, fxsr, mmx, sse, sse2, sse3, ssse3, sse4.1, sse4.2, popcnt, avx, avx2, aes, clmul, erms, rtm, 3dnowpref, lzcnt, ht, tsc, tscinvbit, bmi1, bmi2, adx

Memory: 4k page, physical 16609304k(10221180k free), swap 19099672k(10961048k free)

vm_info: Java HotSpot(TM) 64-Bit Server VM (25.91-b14) for windows-amd64 JRE (1.8.0_91-b14), built on Apr  1 2016 00:58:32 by "java_re" with MS VC++ 10.0 (VS2010)

time: Tue Jan 17 19:29:54 2017
elapsed time: 3344 seconds (0d 0h 55m 44s)

