#
# A fatal error has been detected by the Java Runtime Environment:
#
#  EXCEPTION_ACCESS_VIOLATION (0xc0000005) at pc=0x00000000513d8f45, pid=6596, tid=5456
#
# JRE version: Java(TM) SE Runtime Environment (8.0_91-b14) (build 1.8.0_91-b14)
# Java VM: Java HotSpot(TM) 64-Bit Server VM (25.91-b14 mixed mode windows-amd64 compressed oops)
# Problematic frame:
# V  [jvm.dll+0x128f45]
#
# Failed to write core dump. Minidumps are not enabled by default on client versions of Windows
#
# If you would like to submit a bug report, please visit:
#   http://bugreport.java.com/bugreport/crash.jsp
#

---------------  T H R E A D  ---------------

Current thread (0x000000001e5ea800):  JavaThread "JDWP Transport Listener: dt_socket" daemon [_thread_in_vm, id=5456, stack(0x000000001eda0000,0x000000001eea0000)]

siginfo: ExceptionCode=0xc0000005, reading address 0xffffffffffffffff

Registers:
RAX=0x000000001ee9f201, RBX=0x000000001e5ea800, RCX=0x65746e692f6b646a, RDX=0x0000000000000000
RSP=0x000000001ee9f260, RBP=0x65746e692f6b646a, RSI=0x000000001ee9f378, RDI=0x0000000002c2c750
R8 =0x000000001e5ea800, R9 =0x0000000000008000, R10=0x0000000000000000, R11=0x000000001fd08346
R12=0x0000000000000000, R13=0x000000001c6deb38, R14=0x0000000000000000, R15=0x0000000000000000
RIP=0x00000000513d8f45, EFLAGS=0x0000000000010206

Top of Stack: (sp=0x000000001ee9f260)
0x000000001ee9f260:   000000001e5ea800 000000001e5ea800
0x000000001ee9f270:   000000001ee9f328 00000000515df32b
0x000000001ee9f280:   000000001e5ea800 00000000515fbb8d
0x000000001ee9f290:   0000000000000000 00000000511e9155
0x000000001ee9f2a0:   000000001e9a7b40 00000000511f291e
0x000000001ee9f2b0:   000000001e5ea800 0000000000000000
0x000000001ee9f2c0:   0000000000000000 0000000000000000
0x000000001ee9f2d0:   65746e692f6b646a 00000000511f1a15
0x000000001ee9f2e0:   000000001ee9f378 000000001ee9f350
0x000000001ee9f2f0:   0000000000000001 000000001e9a7b40
0x000000001ee9f300:   65746e692f6b646a 00000000511d53b3
0x000000001ee9f310:   000000001ee9f440 0000000000000001
0x000000001ee9f320:   0000000000000001 000000001e9a7b40
0x000000001ee9f330:   0000000000000008 0000000000000000
0x000000001ee9f340:   0000000000000000 0000000000000000
0x000000001ee9f350:   0000000000000001 00000000511d5571 

Instructions: (pc=0x00000000513d8f45)
0x00000000513d8f25:   cc cc cc cc cc cc cc cc cc cc cc 48 83 ec 28 48
0x00000000513d8f35:   85 c9 75 07 33 c0 48 83 c4 28 c3 48 89 5c 24 20
0x00000000513d8f45:   48 8b 19 48 85 db 74 20 48 83 fb 37 74 1a 48 8b
0x00000000513d8f55:   13 48 8b cb ff 52 10 84 c0 74 0d 48 8b c3 48 8b 


Register to memory mapping:

RAX=0x000000001ee9f201 is pointing into the stack for thread: 0x000000001e5ea800
RBX=0x000000001e5ea800 is a thread
RCX=0x65746e692f6b646a is an unknown value
RDX=0x0000000000000000 is an unknown value
RSP=0x000000001ee9f260 is pointing into the stack for thread: 0x000000001e5ea800
RBP=0x65746e692f6b646a is an unknown value
RSI=0x000000001ee9f378 is pointing into the stack for thread: 0x000000001e5ea800
RDI=0x0000000002c2c750 is an unknown value
R8 =0x000000001e5ea800 is a thread
R9 =0x0000000000008000 is an unknown value
R10=0x0000000000000000 is an unknown value
R11=0x000000001fd08346 is an unknown value
R12=0x0000000000000000 is an unknown value
R13=0x000000001c6deb38 is an unknown value
R14=0x0000000000000000 is an unknown value
R15=0x0000000000000000 is an unknown value


Stack: [0x000000001eda0000,0x000000001eea0000],  sp=0x000000001ee9f260,  free space=1020k
Native frames: (J=compiled Java code, j=interpreted, Vv=VM code, C=native code)
V  [jvm.dll+0x128f45]
V  [jvm.dll+0x34bb8d]
C  [jdwp.dll+0x21a15]
C  [jdwp.dll+0x53b3]
C  [jdwp.dll+0x5571]
C  [jdwp.dll+0xf0a8]
C  [jdwp.dll+0x1f2d5]
C  [jdwp.dll+0x1f4aa]
V  [jvm.dll+0x1bbf38]
V  [jvm.dll+0x243ae4]
V  [jvm.dll+0x29a99a]
C  [msvcr100.dll+0x21d9f]
C  [msvcr100.dll+0x21e3b]
C  [KERNEL32.DLL+0x8364]
C  [ntdll.dll+0x670d1]


---------------  P R O C E S S  ---------------

Java Threads: ( => current thread )
  0x000000001fac5000 JavaThread "MongoCleaner1235880819" daemon [_thread_blocked, id=13896, stack(0x00000000262b0000,0x00000000263b0000)]
  0x000000001fac3800 JavaThread "MongoCleaner281782961" daemon [_thread_blocked, id=17604, stack(0x00000000261b0000,0x00000000262b0000)]
  0x000000001fac2800 JavaThread "MongoCleaner581006608" daemon [_thread_blocked, id=16516, stack(0x00000000260b0000,0x00000000261b0000)]
  0x000000001fac9800 JavaThread "MongoCleaner1742792978" daemon [_thread_blocked, id=14296, stack(0x0000000025fb0000,0x00000000260b0000)]
  0x000000001fac4000 JavaThread "MongoCleaner987391798" daemon [_thread_blocked, id=17304, stack(0x0000000025eb0000,0x0000000025fb0000)]
  0x000000001fac5800 JavaThread "MongoCleaner1974786382" daemon [_thread_blocked, id=12184, stack(0x0000000025db0000,0x0000000025eb0000)]
  0x000000001fdd2800 JavaThread "MongoCleaner813330845" daemon [_thread_blocked, id=10644, stack(0x0000000025cb0000,0x0000000025db0000)]
  0x000000001fb57800 JavaThread "MongoCleaner228826990" daemon [_thread_blocked, id=11496, stack(0x0000000025bb0000,0x0000000025cb0000)]
  0x000000001fb5c000 JavaThread "MongoCleaner1743605513" daemon [_thread_blocked, id=15412, stack(0x0000000025ab0000,0x0000000025bb0000)]
  0x000000001fb59000 JavaThread "MongoCleaner1972246013" daemon [_thread_blocked, id=6804, stack(0x00000000259b0000,0x0000000025ab0000)]
  0x000000001fa7c800 JavaThread "MongoCleaner540618034" daemon [_thread_blocked, id=17216, stack(0x00000000257b0000,0x00000000258b0000)]
  0x000000001fa7e800 JavaThread "MongoCleaner915946865" daemon [_thread_blocked, id=15048, stack(0x00000000256b0000,0x00000000257b0000)]
  0x000000001fa81800 JavaThread "MongoCleaner1456652221" daemon [_thread_blocked, id=11588, stack(0x00000000255b0000,0x00000000256b0000)]
  0x000000001fa82800 JavaThread "MongoCleaner199381672" daemon [_thread_blocked, id=16132, stack(0x00000000254b0000,0x00000000255b0000)]
  0x000000001fa7d000 JavaThread "MongoCleaner555658086" daemon [_thread_blocked, id=8236, stack(0x00000000253b0000,0x00000000254b0000)]
  0x000000001fa7b800 JavaThread "MongoCleaner1380971490" daemon [_thread_blocked, id=4972, stack(0x00000000251b0000,0x00000000252b0000)]
  0x000000001fa80000 JavaThread "MongoCleaner1890412344" daemon [_thread_blocked, id=14200, stack(0x00000000250b0000,0x00000000251b0000)]
  0x000000001fa7f800 JavaThread "MongoCleaner1926729488" daemon [_thread_blocked, id=13296, stack(0x0000000024fb0000,0x00000000250b0000)]
  0x000000001fa7e000 JavaThread "MongoCleaner650906004" daemon [_thread_blocked, id=9316, stack(0x0000000024eb0000,0x0000000024fb0000)]
  0x000000001fa81000 JavaThread "MongoCleaner1891462110" daemon [_thread_blocked, id=13500, stack(0x0000000024db0000,0x0000000024eb0000)]
  0x000000001fa7b000 JavaThread "MongoCleaner2105344027" daemon [_thread_blocked, id=5296, stack(0x0000000024cb0000,0x0000000024db0000)]
  0x000000001fa73000 JavaThread "MongoCleaner779923734" daemon [_thread_blocked, id=6612, stack(0x0000000024bb0000,0x0000000024cb0000)]
  0x000000001fa78800 JavaThread "MongoCleaner971131454" daemon [_thread_blocked, id=8548, stack(0x0000000024ab0000,0x0000000024bb0000)]
  0x000000001fa74800 JavaThread "MongoCleaner1589436923" daemon [_thread_blocked, id=11376, stack(0x00000000249b0000,0x0000000024ab0000)]
  0x000000001fa78000 JavaThread "MongoCleaner839071121" daemon [_thread_blocked, id=14632, stack(0x00000000248b0000,0x00000000249b0000)]
  0x000000001fa7a000 JavaThread "MongoCleaner2074915224" daemon [_thread_blocked, id=12992, stack(0x00000000247b0000,0x00000000248b0000)]
  0x000000001fa74000 JavaThread "MongoCleaner914172868" daemon [_thread_blocked, id=7920, stack(0x00000000246b0000,0x00000000247b0000)]
  0x000000001fa77000 JavaThread "MongoCleaner831046064" daemon [_thread_blocked, id=4600, stack(0x00000000245b0000,0x00000000246b0000)]
  0x000000001fa75800 JavaThread "qtp322236774-58" [_thread_blocked, id=10716, stack(0x00000000243b0000,0x00000000244b0000)]
  0x000000001fa76800 JavaThread "MongoCleaner2144728270" daemon [_thread_blocked, id=17740, stack(0x00000000242b0000,0x00000000243b0000)]
  0x000000001fa79800 JavaThread "MongoCleaner177283352" daemon [_thread_blocked, id=11676, stack(0x00000000241b0000,0x00000000242b0000)]
  0x000000001fb58800 JavaThread "qtp322236774-55" [_thread_blocked, id=13452, stack(0x00000000240b0000,0x00000000241b0000)]
  0x000000001fb5d000 JavaThread "qtp322236774-53" [_thread_in_native, id=8004, stack(0x0000000023eb0000,0x0000000023fb0000)]
  0x000000001fb57000 JavaThread "MongoCleaner1712953799" daemon [_thread_blocked, id=11040, stack(0x0000000023db0000,0x0000000023eb0000)]
  0x000000001fde0000 JavaThread "MongoCleaner168180307" daemon [_thread_blocked, id=1516, stack(0x0000000023cb0000,0x0000000023db0000)]
  0x000000001fddf000 JavaThread "MongoCleaner142687802" daemon [_thread_blocked, id=16492, stack(0x0000000023bb0000,0x0000000023cb0000)]
  0x000000001fdde800 JavaThread "MongoCleaner931846168" daemon [_thread_blocked, id=2176, stack(0x00000000239b0000,0x0000000023ab0000)]
  0x000000001fddd800 JavaThread "MongoCleaner1602077242" daemon [_thread_blocked, id=5100, stack(0x00000000237b0000,0x00000000238b0000)]
  0x000000001fddd000 JavaThread "MongoCleaner996178143" daemon [_thread_blocked, id=18212, stack(0x00000000236b0000,0x00000000237b0000)]
  0x000000001fddc000 JavaThread "MongoCleaner1498418811" daemon [_thread_blocked, id=17068, stack(0x00000000235b0000,0x00000000236b0000)]
  0x000000001fddb800 JavaThread "MongoCleaner473436400" daemon [_thread_blocked, id=12484, stack(0x00000000234b0000,0x00000000235b0000)]
  0x000000001fdd4000 JavaThread "MongoCleaner1592544230" daemon [_thread_blocked, id=6288, stack(0x00000000233b0000,0x00000000234b0000)]
  0x000000001fdda800 JavaThread "MongoCleaner1754025496" daemon [_thread_blocked, id=8332, stack(0x00000000232b0000,0x00000000233b0000)]
  0x000000001fdda000 JavaThread "MongoCleaner795867209" daemon [_thread_blocked, id=14196, stack(0x00000000231b0000,0x00000000232b0000)]
  0x000000001fdd7000 JavaThread "MongoCleaner1574031824" daemon [_thread_blocked, id=3416, stack(0x00000000230b0000,0x00000000231b0000)]
  0x000000001fdd9000 JavaThread "MongoCleaner1177792274" daemon [_thread_blocked, id=14628, stack(0x0000000022fb0000,0x00000000230b0000)]
  0x000000001fdd6000 JavaThread "MongoCleaner1847303078" daemon [_thread_blocked, id=7940, stack(0x0000000022eb0000,0x0000000022fb0000)]
  0x000000001fdd8800 JavaThread "MongoCleaner245435626" daemon [_thread_blocked, id=10292, stack(0x0000000022db0000,0x0000000022eb0000)]
  0x000000001fdd1000 JavaThread "MongoCleaner521156887" daemon [_thread_blocked, id=1604, stack(0x0000000022cb0000,0x0000000022db0000)]
  0x000000001fdd7800 JavaThread "MongoCleaner77165025" daemon [_thread_blocked, id=7356, stack(0x00000000229b0000,0x0000000022ab0000)]
  0x000000001fdd5800 JavaThread "MongoCleaner958074659" daemon [_thread_blocked, id=14412, stack(0x00000000228b0000,0x00000000229b0000)]
  0x000000001fdd1800 JavaThread "Scheduler-1867168812" [_thread_blocked, id=8940, stack(0x00000000225b0000,0x00000000226b0000)]
  0x000000001fdd4800 JavaThread "qtp322236774-32" [_thread_in_native, id=9652, stack(0x00000000224b0000,0x00000000225b0000)]
  0x000000001fdd3000 JavaThread "qtp322236774-30" [_thread_in_native, id=16788, stack(0x00000000222b0000,0x00000000223b0000)]
  0x000000001fb5a000 JavaThread "org.eclipse.jetty.server.session.HashSessionManager@5daf8c7eTimer" daemon [_thread_blocked, id=8156, stack(0x0000000021fb0000,0x00000000220b0000)]
  0x000000001fb5a800 JavaThread "qtp322236774-23" [_thread_in_native, id=7004, stack(0x0000000021bb0000,0x0000000021cb0000)]
  0x000000001fb56000 JavaThread "qtp322236774-22" [_thread_blocked, id=2388, stack(0x0000000021ab0000,0x0000000021bb0000)]
  0x000000001fb5b800 JavaThread "qtp322236774-21-acceptor-0@3ce24688-ServerConnector@2841ecb0{HTTP/1.1,[http/1.1]}{0.0.0.0:4567}" [_thread_in_native, id=3120, stack(0x00000000218b0000,0x00000000219b0000)]
  0x0000000002c34800 JavaThread "DestroyJavaVM" [_thread_blocked, id=7512, stack(0x0000000002b20000,0x0000000002c20000)]
  0x000000001fa21800 JavaThread "Thread-2" [_thread_blocked, id=14748, stack(0x00000000203e0000,0x00000000204e0000)]
  0x000000001f9d1000 JavaThread "MongoCleaner1095293768" daemon [_thread_blocked, id=15772, stack(0x00000000201e0000,0x00000000202e0000)]
  0x000000001e6b0800 JavaThread "Service Thread" daemon [_thread_blocked, id=12020, stack(0x000000001f4a0000,0x000000001f5a0000)]
  0x000000001e617000 JavaThread "C1 CompilerThread3" daemon [_thread_blocked, id=3160, stack(0x000000001f3a0000,0x000000001f4a0000)]
  0x000000001e616800 JavaThread "C2 CompilerThread2" daemon [_thread_blocked, id=7420, stack(0x000000001f2a0000,0x000000001f3a0000)]
  0x000000001e60f800 JavaThread "C2 CompilerThread1" daemon [_thread_blocked, id=7816, stack(0x000000001f1a0000,0x000000001f2a0000)]
  0x000000001e606800 JavaThread "C2 CompilerThread0" daemon [_thread_blocked, id=7724, stack(0x000000001f0a0000,0x000000001f1a0000)]
  0x000000001e5f6800 JavaThread "JDWP Command Reader" daemon [_thread_in_native, id=1776, stack(0x000000001efa0000,0x000000001f0a0000)]
  0x000000001e5f3800 JavaThread "JDWP Event Helper Thread" daemon [_thread_blocked, id=13260, stack(0x000000001eea0000,0x000000001efa0000)]
=>0x000000001e5ea800 JavaThread "JDWP Transport Listener: dt_socket" daemon [_thread_in_vm, id=5456, stack(0x000000001eda0000,0x000000001eea0000)]
  0x000000001e5e2000 JavaThread "Attach Listener" daemon [_thread_blocked, id=15552, stack(0x000000001eca0000,0x000000001eda0000)]
  0x000000001e5e1000 JavaThread "Signal Dispatcher" daemon [_thread_blocked, id=1756, stack(0x000000001eba0000,0x000000001eca0000)]
  0x000000001e5d0800 JavaThread "Finalizer" daemon [_thread_blocked, id=8184, stack(0x000000001e9b0000,0x000000001eab0000)]
  0x0000000002d2a000 JavaThread "Reference Handler" daemon [_thread_blocked, id=17000, stack(0x000000001e4b0000,0x000000001e5b0000)]

Other Threads:
  0x000000001c6c9000 VMThread [stack: 0x000000001e3b0000,0x000000001e4b0000] [id=9412]
  0x000000001e6bb800 WatcherThread [stack: 0x000000001f5a0000,0x000000001f6a0000] [id=7100]

VM state:not at safepoint (normal execution)

VM Mutex/Monitor currently owned by a thread: None

Heap:
 PSYoungGen      total 75776K, used 37476K [0x000000076b800000, 0x0000000770c80000, 0x00000007c0000000)
  eden space 65024K, 42% used [0x000000076b800000,0x000000076d30c2f8,0x000000076f780000)
  from space 10752K, 90% used [0x0000000770200000,0x0000000770b8cec0,0x0000000770c80000)
  to   space 10752K, 0% used [0x000000076f780000,0x000000076f780000,0x0000000770200000)
 ParOldGen       total 173568K, used 40K [0x00000006c2800000, 0x00000006cd180000, 0x000000076b800000)
  object space 173568K, 0% used [0x00000006c2800000,0x00000006c280a000,0x00000006cd180000)
 Metaspace       used 13872K, capacity 14194K, committed 14592K, reserved 1062912K
  class space    used 1569K, capacity 1665K, committed 1792K, reserved 1048576K

Card table byte_map: [0x00000000120f0000,0x00000000128e0000] byte_map_base: 0x000000000eadc000

Marking Bits: (ParMarkBitMap*) 0x0000000051ac2f70
 Begin Bits: [0x0000000013630000, 0x0000000017590000)
 End Bits:   [0x0000000017590000, 0x000000001b4f0000)

Polling page: 0x0000000000e40000

CodeCache: size=245760Kb used=6210Kb max_used=6277Kb free=239549Kb
 bounds [0x0000000002d30000, 0x0000000003360000, 0x0000000011d30000]
 total_blobs=2121 nmethods=1732 adapters=309
 compilation: enabled

Compilation events (10 events):
Event: 2697.971 Thread 0x000000001e617000 1887       3       java.util.stream.Sink$ChainedReference::<init> (16 bytes)
Event: 2697.971 Thread 0x000000001e617000 nmethod 1887 0x0000000003140d90 code [0x0000000003140f20, 0x0000000003141248]
Event: 2697.973 Thread 0x000000001e617000 1888       1       org.apache.velocity.runtime.parser.node.SimpleNode::getLastToken (5 bytes)
Event: 2697.973 Thread 0x000000001e617000 nmethod 1888 0x0000000002fb0d10 code [0x0000000002fb0e60, 0x0000000002fb0f70]
Event: 2697.973 Thread 0x000000001e617000 1889       3       java.lang.Integer::longValue (6 bytes)
Event: 2697.973 Thread 0x000000001e60f800 1890       4       java.util.AbstractMap::<init> (5 bytes)
Event: 2697.973 Thread 0x000000001e617000 nmethod 1889 0x000000000308d6d0 code [0x000000000308d820, 0x000000000308d970]
Event: 2697.973 Thread 0x000000001e60f800 nmethod 1890 0x0000000002e4f990 code [0x0000000002e4fac0, 0x0000000002e4fb18]
Event: 2697.975 Thread 0x000000001e616800 1891       4       java.nio.Buffer::limit (62 bytes)
Event: 2697.976 Thread 0x000000001e616800 nmethod 1891 0x0000000003139e10 code [0x0000000003139f60, 0x000000000313a038]

GC Heap History (4 events):
Event: 132.662 GC heap before
{Heap before GC invocations=1 (full 0):
 PSYoungGen      total 75776K, used 65024K [0x000000076b800000, 0x0000000770c80000, 0x00000007c0000000)
  eden space 65024K, 100% used [0x000000076b800000,0x000000076f780000,0x000000076f780000)
  from space 10752K, 0% used [0x0000000770200000,0x0000000770200000,0x0000000770c80000)
  to   space 10752K, 0% used [0x000000076f780000,0x000000076f780000,0x0000000770200000)
 ParOldGen       total 173568K, used 0K [0x00000006c2800000, 0x00000006cd180000, 0x000000076b800000)
  object space 173568K, 0% used [0x00000006c2800000,0x00000006c2800000,0x00000006cd180000)
 Metaspace       used 13197K, capacity 13432K, committed 13696K, reserved 1060864K
  class space    used 1554K, capacity 1642K, committed 1664K, reserved 1048576K
Event: 132.670 GC heap after
Heap after GC invocations=1 (full 0):
 PSYoungGen      total 75776K, used 9499K [0x000000076b800000, 0x0000000770c80000, 0x00000007c0000000)
  eden space 65024K, 0% used [0x000000076b800000,0x000000076b800000,0x000000076f780000)
  from space 10752K, 88% used [0x000000076f780000,0x00000007700c6c30,0x0000000770200000)
  to   space 10752K, 0% used [0x0000000770200000,0x0000000770200000,0x0000000770c80000)
 ParOldGen       total 173568K, used 24K [0x00000006c2800000, 0x00000006cd180000, 0x000000076b800000)
  object space 173568K, 0% used [0x00000006c2800000,0x00000006c2806000,0x00000006cd180000)
 Metaspace       used 13197K, capacity 13432K, committed 13696K, reserved 1060864K
  class space    used 1554K, capacity 1642K, committed 1664K, reserved 1048576K
}
Event: 2367.681 GC heap before
{Heap before GC invocations=2 (full 0):
 PSYoungGen      total 75776K, used 74523K [0x000000076b800000, 0x0000000770c80000, 0x00000007c0000000)
  eden space 65024K, 100% used [0x000000076b800000,0x000000076f780000,0x000000076f780000)
  from space 10752K, 88% used [0x000000076f780000,0x00000007700c6c30,0x0000000770200000)
  to   space 10752K, 0% used [0x0000000770200000,0x0000000770200000,0x0000000770c80000)
 ParOldGen       total 173568K, used 24K [0x00000006c2800000, 0x00000006cd180000, 0x000000076b800000)
  object space 173568K, 0% used [0x00000006c2800000,0x00000006c2806000,0x00000006cd180000)
 Metaspace       used 13757K, capacity 14066K, committed 14336K, reserved 1062912K
  class space    used 1568K, capacity 1665K, committed 1792K, reserved 1048576K
Event: 2367.686 GC heap after
Heap after GC invocations=2 (full 0):
 PSYoungGen      total 75776K, used 9779K [0x000000076b800000, 0x0000000770c80000, 0x00000007c0000000)
  eden space 65024K, 0% used [0x000000076b800000,0x000000076b800000,0x000000076f780000)
  from space 10752K, 90% used [0x0000000770200000,0x0000000770b8cec0,0x0000000770c80000)
  to   space 10752K, 0% used [0x000000076f780000,0x000000076f780000,0x0000000770200000)
 ParOldGen       total 173568K, used 40K [0x00000006c2800000, 0x00000006cd180000, 0x000000076b800000)
  object space 173568K, 0% used [0x00000006c2800000,0x00000006c280a000,0x00000006cd180000)
 Metaspace       used 13757K, capacity 14066K, committed 14336K, reserved 1062912K
  class space    used 1568K, capacity 1665K, committed 1792K, reserved 1048576K
}

Deoptimization events (7 events):
Event: 1.014 Thread 0x0000000002c34800 Uncommon trap: reason=unstable_if action=reinterpret pc=0x0000000002e4d304 method=java.lang.String.hashCode()I @ 14
Event: 1.789 Thread 0x0000000002c34800 Uncommon trap: reason=unstable_if action=reinterpret pc=0x0000000002ec66d8 method=java.lang.String.indexOf([CII[CIII)I @ 3
Event: 4.842 Thread 0x000000001fb56000 Uncommon trap: reason=class_check action=maybe_recompile pc=0x00000000030a3174 method=java.lang.AbstractStringBuilder.append(Ljava/lang/CharSequence;)Ljava/lang/AbstractStringBuilder; @ 10
Event: 4.842 Thread 0x000000001fb56000 Uncommon trap: reason=unstable_if action=reinterpret pc=0x0000000003062148 method=java.util.regex.Matcher.search(I)Z @ 30
Event: 4.894 Thread 0x000000001fb56000 Uncommon trap: reason=class_check action=maybe_recompile pc=0x00000000030a3174 method=java.lang.AbstractStringBuilder.append(Ljava/lang/CharSequence;)Ljava/lang/AbstractStringBuilder; @ 10
Event: 5.227 Thread 0x000000001fb56000 Uncommon trap: reason=class_check action=maybe_recompile pc=0x00000000030a3174 method=java.lang.AbstractStringBuilder.append(Ljava/lang/CharSequence;)Ljava/lang/AbstractStringBuilder; @ 10
Event: 5.227 Thread 0x000000001fb56000 Uncommon trap: reason=class_check action=maybe_recompile pc=0x00000000030a3174 method=java.lang.AbstractStringBuilder.append(Ljava/lang/CharSequence;)Ljava/lang/AbstractStringBuilder; @ 10

Internal exceptions (10 events):
Event: 2.276 Thread 0x0000000002c34800 Exception <a 'java/lang/ArrayIndexOutOfBoundsException'> (0x000000076c3f3620) thrown at [C:\re\workspace\8-2-build-windows-amd64-cygwin\jdk8u91\6644\hotspot\src\share\vm\runtime\sharedRuntime.cpp, line 605]
Event: 2.283 Thread 0x0000000002c34800 Exception <a 'java/lang/ArrayIndexOutOfBoundsException'> (0x000000076c419e10) thrown at [C:\re\workspace\8-2-build-windows-amd64-cygwin\jdk8u91\6644\hotspot\src\share\vm\runtime\sharedRuntime.cpp, line 605]
Event: 2.283 Thread 0x0000000002c34800 Exception <a 'java/lang/ArrayIndexOutOfBoundsException'> (0x000000076c41b078) thrown at [C:\re\workspace\8-2-build-windows-amd64-cygwin\jdk8u91\6644\hotspot\src\share\vm\runtime\sharedRuntime.cpp, line 605]
Event: 2.284 Thread 0x0000000002c34800 Exception <a 'java/lang/ArrayIndexOutOfBoundsException'> (0x000000076c41c9f0) thrown at [C:\re\workspace\8-2-build-windows-amd64-cygwin\jdk8u91\6644\hotspot\src\share\vm\runtime\sharedRuntime.cpp, line 605]
Event: 2.301 Thread 0x0000000002c34800 Exception <a 'java/lang/ArrayIndexOutOfBoundsException'> (0x000000076c4428d0) thrown at [C:\re\workspace\8-2-build-windows-amd64-cygwin\jdk8u91\6644\hotspot\src\share\vm\runtime\sharedRuntime.cpp, line 605]
Event: 2.314 Thread 0x0000000002c34800 Exception <a 'java/lang/ArrayIndexOutOfBoundsException'> (0x000000076c451880) thrown at [C:\re\workspace\8-2-build-windows-amd64-cygwin\jdk8u91\6644\hotspot\src\share\vm\runtime\sharedRuntime.cpp, line 605]
Event: 2.439 Thread 0x0000000002c34800 Exception <a 'java/lang/NoSuchFieldError': method resolution failed> (0x000000076c6ec0c0) thrown at [C:\re\workspace\8-2-build-windows-amd64-cygwin\jdk8u91\6644\hotspot\src\share\vm\prims\methodHandles.cpp, line 1146]
Event: 2.440 Thread 0x0000000002c34800 Exception <a 'java/lang/NoSuchFieldError': method resolution failed> (0x000000076c6f93e0) thrown at [C:\re\workspace\8-2-build-windows-amd64-cygwin\jdk8u91\6644\hotspot\src\share\vm\prims\methodHandles.cpp, line 1146]
Event: 4.875 Thread 0x000000001fb56000 Exception <a 'java/lang/NoSuchMethodError': java.lang.Object.lambda$comparing$77a9974f$1(Ljava/util/function/Function;Ljava/lang/Object;Ljava/lang/Object;)I> (0x000000076e6768d8) thrown at [C:\re\workspace\8-2-build-windows-amd64-cygwin\jdk8u91\6644\hotspoÐG¯…þ@
Event: 4.998 Thread 0x000000001fb56000 Exception <a 'java/lang/NoClassDefFoundError': org/apache/log/format/Formatter> (0x000000076e849e30) thrown at [C:\re\workspace\8-2-build-windows-amd64-cygwin\jdk8u91\6644\hotspot\src\share\vm\classfile\systemDictionary.cpp, line 199]

Events (10 events):
Event: 2765.963 Executing VM operation: ChangeBreakpoints
Event: 2765.964 Executing VM operation: ChangeBreakpoints done
Event: 2807.134 Executing VM operation: ChangeBreakpoints
Event: 2807.134 Executing VM operation: ChangeBreakpoints done
Event: 2821.406 Executing VM operation: ChangeBreakpoints
Event: 2821.407 Executing VM operation: ChangeBreakpoints done
Event: 2823.331 Executing VM operation: ChangeBreakpoints
Event: 2823.331 Executing VM operation: ChangeBreakpoints done
Event: 2860.049 Executing VM operation: RedefineClasses
Event: 2860.060 Executing VM operation: RedefineClasses done


Dynamic libraries:
0x00007ff7bfb00000 - 0x00007ff7bfb37000 	C:\Program Files\Java\jdk1.8.0_91\bin\java.exe
0x00007fffc6a70000 - 0x00007fffc6c41000 	C:\WINDOWS\SYSTEM32\ntdll.dll
0x00007fffc6070000 - 0x00007fffc611b000 	C:\WINDOWS\System32\KERNEL32.DLL
0x00007fffc3be0000 - 0x00007fffc3dfd000 	C:\WINDOWS\System32\KERNELBASE.dll
0x00007fffc4010000 - 0x00007fffc40b2000 	C:\WINDOWS\System32\ADVAPI32.dll
0x00007fffc6870000 - 0x00007fffc690e000 	C:\WINDOWS\System32\msvcrt.dll
0x00007fffc6010000 - 0x00007fffc6069000 	C:\WINDOWS\System32\sechost.dll
0x00007fffc5970000 - 0x00007fffc5a91000 	C:\WINDOWS\System32\RPCRT4.dll
0x00007fffc6190000 - 0x00007fffc62f5000 	C:\WINDOWS\System32\USER32.dll
0x00007fffc3980000 - 0x00007fffc399e000 	C:\WINDOWS\System32\win32u.dll
0x00007fffc5640000 - 0x00007fffc5674000 	C:\WINDOWS\System32\GDI32.dll
0x00007fffc39a0000 - 0x00007fffc3b22000 	C:\WINDOWS\System32\gdi32full.dll
0x00007fffbc650000 - 0x00007fffbc8c9000 	C:\WINDOWS\WinSxS\amd64_microsoft.windows.common-controls_6595b64144ccf1df_6.0.14393.447_none_42191651c6827bb3\COMCTL32.dll
0x00007fffc56a0000 - 0x00007fffc5968000 	C:\WINDOWS\System32\combase.dll
0x00007fffc3f00000 - 0x00007fffc3ff5000 	C:\WINDOWS\System32\ucrtbase.dll
0x00007fffc3180000 - 0x00007fffc31ea000 	C:\WINDOWS\System32\bcryptPrimitives.dll
0x00007fffc6910000 - 0x00007fffc693e000 	C:\WINDOWS\System32\IMM32.DLL
0x0000000051b50000 - 0x0000000051c22000 	C:\Program Files\Java\jdk1.8.0_91\jre\bin\msvcr100.dll
0x00000000512b0000 - 0x0000000051b43000 	C:\Program Files\Java\jdk1.8.0_91\jre\bin\server\jvm.dll
0x00007fffc6a60000 - 0x00007fffc6a68000 	C:\WINDOWS\System32\PSAPI.DLL
0x00007fffc0cf0000 - 0x00007fffc0cf9000 	C:\WINDOWS\SYSTEM32\WSOCK32.dll
0x00007fffbd0f0000 - 0x00007fffbd0fa000 	C:\WINDOWS\SYSTEM32\VERSION.dll
0x00007fffc0a00000 - 0x00007fffc0a23000 	C:\WINDOWS\SYSTEM32\WINMM.dll
0x00007fffc6120000 - 0x00007fffc618a000 	C:\WINDOWS\System32\WS2_32.dll
0x0000000000e70000 - 0x0000000000e9b000 	C:\WINDOWS\SYSTEM32\WINMMBASE.dll
0x00007fffc3130000 - 0x00007fffc3172000 	C:\WINDOWS\System32\cfgmgr32.dll
0x00000000512a0000 - 0x00000000512af000 	C:\Program Files\Java\jdk1.8.0_91\jre\bin\verify.dll
0x0000000051270000 - 0x0000000051299000 	C:\Program Files\Java\jdk1.8.0_91\jre\bin\java.dll
0x00000000511d0000 - 0x0000000051205000 	C:\Program Files\Java\jdk1.8.0_91\jre\bin\jdwp.dll
0x00000000511c0000 - 0x00000000511c8000 	C:\Program Files\Java\jdk1.8.0_91\jre\bin\npt.dll
0x0000000051250000 - 0x0000000051266000 	C:\Program Files\Java\jdk1.8.0_91\jre\bin\zip.dll
0x00007fffc4130000 - 0x00007fffc5639000 	C:\WINDOWS\System32\SHELL32.dll
0x00007fffc31f0000 - 0x00007fffc38ca000 	C:\WINDOWS\System32\windows.storage.dll
0x00007fffc2f00000 - 0x00007fffc2f4c000 	C:\WINDOWS\System32\powrprof.dll
0x00007fffc5c70000 - 0x00007fffc5cc2000 	C:\WINDOWS\System32\shlwapi.dll
0x00007fffc2ef0000 - 0x00007fffc2eff000 	C:\WINDOWS\System32\kernel.appcore.dll
0x00007fffc3b30000 - 0x00007fffc3bd9000 	C:\WINDOWS\System32\shcore.dll
0x00007fffc2ed0000 - 0x00007fffc2ee4000 	C:\WINDOWS\System32\profapi.dll
0x00000000511b0000 - 0x00000000511b9000 	C:\Program Files\Java\jdk1.8.0_91\jre\bin\dt_socket.dll
0x00007fffc2800000 - 0x00007fffc285c000 	C:\WINDOWS\system32\mswsock.dll
0x0000000051230000 - 0x000000005124a000 	C:\Program Files\Java\jdk1.8.0_91\jre\bin\net.dll
0x00007fffc25e0000 - 0x00007fffc2680000 	C:\WINDOWS\SYSTEM32\DNSAPI.dll
0x00007fffc5aa0000 - 0x00007fffc5aa8000 	C:\WINDOWS\System32\NSI.dll
0x00007fffc2590000 - 0x00007fffc25c8000 	C:\WINDOWS\SYSTEM32\IPHLPAPI.DLL
0x0000000052250000 - 0x0000000052276000 	C:\Program Files\Bonjour\mdnsNSP.dll
0x00007fffb70c0000 - 0x00007fffb70ca000 	C:\Windows\System32\rasadhlp.dll
0x00007fffbbed0000 - 0x00007fffbbf3a000 	C:\WINDOWS\System32\fwpuclnt.dll
0x00007fffc2ab0000 - 0x00007fffc2adb000 	C:\WINDOWS\SYSTEM32\bcrypt.dll
0x00007fffbc080000 - 0x00007fffbc096000 	C:\WINDOWS\SYSTEM32\dhcpcsvc6.DLL
0x00007fffbc060000 - 0x00007fffbc07a000 	C:\WINDOWS\SYSTEM32\dhcpcsvc.DLL
0x00000000511a0000 - 0x00000000511ad000 	C:\Program Files\Java\jdk1.8.0_91\jre\bin\management.dll
0x00007fffabbd0000 - 0x00007fffabbe6000 	C:\WINDOWS\system32\napinsp.dll
0x00007fffabbb0000 - 0x00007fffabbca000 	C:\WINDOWS\system32\pnrpnsp.dll
0x00007fffc07f0000 - 0x00007fffc0808000 	C:\WINDOWS\system32\NLAapi.dll
0x00007fffb1210000 - 0x00007fffb121e000 	C:\WINDOWS\System32\winrnr.dll
0x00007fffabb90000 - 0x00007fffabba5000 	C:\WINDOWS\System32\wshbth.dll
0x0000000051210000 - 0x0000000051221000 	C:\Program Files\Java\jdk1.8.0_91\jre\bin\nio.dll
0x00007fffc29a0000 - 0x00007fffc29b7000 	C:\WINDOWS\SYSTEM32\CRYPTSP.dll
0x00007fffc2410000 - 0x00007fffc2443000 	C:\WINDOWS\system32\rsaenh.dll
0x00007fffc2680000 - 0x00007fffc269f000 	C:\WINDOWS\SYSTEM32\USERENV.dll
0x00007fffc29c0000 - 0x00007fffc29cb000 	C:\WINDOWS\SYSTEM32\CRYPTBASE.dll
0x00007fffbffb0000 - 0x00007fffc0142000 	C:\WINDOWS\SYSTEM32\dbghelp.dll

VM Arguments:
jvm_args: -agentlib:jdwp=transport=dt_socket,address=127.0.0.1:55613,suspend=y,server=n -Dfile.encoding=UTF-8 
java_command: RentCalculator
java_class_path (initial): C:\Program Files\Java\jdk1.8.0_91\jre\lib\charsets.jar;C:\Program Files\Java\jdk1.8.0_91\jre\lib\deploy.jar;C:\Program Files\Java\jdk1.8.0_91\jre\lib\ext\access-bridge-64.jar;C:\Program Files\Java\jdk1.8.0_91\jre\lib\ext\cldrdata.jar;C:\Program Files\Java\jdk1.8.0_91\jre\lib\ext\dnsns.jar;C:\Program Files\Java\jdk1.8.0_91\jre\lib\ext\jaccess.jar;C:\Program Files\Java\jdk1.8.0_91\jre\lib\ext\jfxrt.jar;C:\Program Files\Java\jdk1.8.0_91\jre\lib\ext\localedata.jar;C:\Program Files\Java\jdk1.8.0_91\jre\lib\ext\nashorn.jar;C:\Program Files\Java\jdk1.8.0_91\jre\lib\ext\sunec.jar;C:\Program Files\Java\jdk1.8.0_91\jre\lib\ext\sunjce_provider.jar;C:\Program Files\Java\jdk1.8.0_91\jre\lib\ext\sunmscapi.jar;C:\Program Files\Java\jdk1.8.0_91\jre\lib\ext\sunpkcs11.jar;C:\Program Files\Java\jdk1.8.0_91\jre\lib\ext\zipfs.jar;C:\Program Files\Java\jdk1.8.0_91\jre\lib\javaws.jar;C:\Program Files\Java\jdk1.8.0_91\jre\lib\jce.jar;C:\Program Files\Java\jdk1.8.0_91\jre\lib\jfr.jar;C:\Program Files\Java\jdk1.8.0_91\jre\lib\jfxswt.jar;C:\Program Files\Java\jdk1.8.0_91\jre\lib\jsse.jar;C:\Program Files\Java\jdk1.8.0_91\jre\lib\management-agent.jar;C:\Program Files\Java\jdk1.8.0_91\jre\lib\plugin.jar;C:\Program Files\Java\jdk1.8.0_91\jre\lib\resources.jar;C:\Program Files\Java\jdk1.8.0_91\jre\lib\rt.jar;C:\Users\Nicolas\IdeaProjects\RentCalculator\target\classes;C:\Users\Nicolas\.m2\repository\org\hibernate\hibernate-core\5.2.1.Final\hibernate-core-5.2.1.Final.jar;C:\Users\Nicolas\.m2\repository\org\jboss\logging\jboss-logging\3.3.0.Final\jboss-logging-3.3.0.Final.jar;C:\Users\Nicolas\.m2\repository\org\hibernate\javax\persistence\hibernate-jpa-2.1-api\1.0.0.Final\hibernate-jpa-2.1-api-1.0.0.Final.jar;C:\Users\Nicolas\.m2\repository\org\javassist\javassist\3.20.0-GA\javassist-3.20.0-GA.jar;C:\Users\Nicolas\.m2\repository\antlr\antlr\2.7.7\antlr-2.7.7.jar;C:\Users\Nicolas\.m2\repository\org\apache\geronimo\specs\geronimo-jta_1.1_spec\1.1.1\geronimo-jta_1.1_spec-1.
Launcher Type: SUN_STANDARD

Environment Variables:
PATH=C:\ProgramData\Oracle\Java\javapath;C:\Program Files (x86)\Intel\iCLS Client\;C:\Program Files\Intel\iCLS Client\;C:\Windows\system32;C:\Windows;C:\Windows\System32\Wbem;C:\Windows\System32\WindowsPowerShell\v1.0\;C:\Program Files (x86)\Intel\Intel(R) Management Engine Components\DAL;C:\Program Files\Intel\Intel(R) Management Engine Components\DAL;C:\Program Files (x86)\Intel\Intel(R) Management Engine Components\IPT;C:\Program Files\Intel\Intel(R) Management Engine Components\IPT;C:\Program Files (x86)\NVIDIA Corporation\PhysX\Common;C:\Program Files\Intel\WiFi\bin\;C:\Program Files\Common Files\Intel\WirelessCommon\;C:\Program Files (x86)\Skype\Phone\;C:\WINDOWS\system32;C:\WINDOWS;C:\WINDOWS\System32\Wbem;C:\WINDOWS\System32\WindowsPowerShell\v1.0\;C:\Program Files (x86)\ImageConverter Plus;C:\Program Files (x86)\NVIDIA Corporation\DDS Utilities;C:\Program Files\Git\cmd;C:\Users\Nicolas\AppData\Local\Microsoft\WindowsApps;C:\Program Files (x86)\ImageConverter Plus;
USERNAME=Nicolas
OS=Windows_NT
PROCESSOR_IDENTIFIER=Intel64 Family 6 Model 94 Stepping 3, GenuineIntel



---------------  S Y S T E M  ---------------

OS: Windows 10.0 , 64 bit Build 14393 (10.0.14393.0)

CPU:total 8 (4 cores per cpu, 2 threads per core) family 6 model 94 stepping 3, cmov, cx8, fxsr, mmx, sse, sse2, sse3, ssse3, sse4.1, sse4.2, popcnt, avx, avx2, aes, clmul, erms, rtm, 3dnowpref, lzcnt, ht, tsc, tscinvbit, bmi1, bmi2, adx

Memory: 4k page, physical 16609304k(10879228k free), swap 19099672k(12105844k free)

vm_info: Java HotSpot(TM) 64-Bit Server VM (25.91-b14) for windows-amd64 JRE (1.8.0_91-b14), built on Apr  1 2016 00:58:32 by "java_re" with MS VC++ 10.0 (VS2010)

time: Tue Jan 24 19:26:40 2017
elapsed time: 2860 seconds (0d 0h 47m 40s)

