#
# A fatal error has been detected by the Java Runtime Environment:
#
#  EXCEPTION_ACCESS_VIOLATION (0xc0000005) at pc=0x0000000059ab8f53, pid=15460, tid=6936
#
# JRE version: Java(TM) SE Runtime Environment (8.0_91-b14) (build 1.8.0_91-b14)
# Java VM: Java HotSpot(TM) 64-Bit Server VM (25.91-b14 mixed mode windows-amd64 compressed oops)
# Problematic frame:
# V  [jvm.dll+0x128f53]
#
# Failed to write core dump. Minidumps are not enabled by default on client versions of Windows
#
# If you would like to submit a bug report, please visit:
#   http://bugreport.java.com/bugreport/crash.jsp
#

---------------  T H R E A D  ---------------

Current thread (0x000000001e98a800):  JavaThread "JDWP Transport Listener: dt_socket" daemon [_thread_in_vm, id=6936, stack(0x000000001f140000,0x000000001f240000)]

siginfo: ExceptionCode=0xc0000005, reading address 0xffffffffffffffff

Registers:
RAX=0x000000001f23f601, RBX=0x726f746365566574, RCX=0x000000001fc50056, RDX=0x0000000000000000
RSP=0x000000001f23f670, RBP=0x000000001fc50056, RSI=0x000000001f23f788, RDI=0x0000000002dcc750
R8 =0x000000001e98a800, R9 =0x0000000000008000, R10=0x0000000000000000, R11=0x000000001fe9e23d
R12=0x0000000000000000, R13=0x000000001e98fbe8, R14=0x0000000000000000, R15=0x0000000000000000
RIP=0x0000000059ab8f53, EFLAGS=0x0000000000010212

Top of Stack: (sp=0x000000001f23f670)
0x000000001f23f670:   000000001e98a800 000000001e98a800
0x000000001f23f680:   000000001f23f738 0000000059cbf32b
0x000000001f23f690:   000000001e98a800 0000000059cdbb8d
0x000000001f23f6a0:   0000000000000000 000000005a389155
0x000000001f23f6b0:   0000000020092558 000000005a39291e
0x000000001f23f6c0:   000000001e98a800 0000000000000000
0x000000001f23f6d0:   0000000000000000 0000000000000000
0x000000001f23f6e0:   000000001fc50056 000000005a391a15
0x000000001f23f6f0:   000000001f23f788 000000001f23f760
0x000000001f23f700:   0000000000000001 0000000020092558
0x000000001f23f710:   000000001fc50056 000000005a3753b3
0x000000001f23f720:   000000001f23f850 0000000000000001
0x000000001f23f730:   0000000000000001 0000000020092558
0x000000001f23f740:   0000000000000009 0000000000000000
0x000000001f23f750:   0000000000000000 0000000000000000
0x000000001f23f760:   0000000000000001 000000005a375571 

Instructions: (pc=0x0000000059ab8f53)
0x0000000059ab8f33:   28 48 85 c9 75 07 33 c0 48 83 c4 28 c3 48 89 5c
0x0000000059ab8f43:   24 20 48 8b 19 48 85 db 74 20 48 83 fb 37 74 1a
0x0000000059ab8f53:   48 8b 13 48 8b cb ff 52 10 84 c0 74 0d 48 8b c3
0x0000000059ab8f63:   48 8b 5c 24 20 48 83 c4 28 c3 33 c0 48 8b 5c 24 


Register to memory mapping:

RAX=0x000000001f23f601 is pointing into the stack for thread: 0x000000001e98a800
RBX=0x726f746365566574 is an unknown value
RCX=0x000000001fc50056 is an unknown value
RDX=0x0000000000000000 is an unknown value
RSP=0x000000001f23f670 is pointing into the stack for thread: 0x000000001e98a800
RBP=0x000000001fc50056 is an unknown value
RSI=0x000000001f23f788 is pointing into the stack for thread: 0x000000001e98a800
RDI=0x0000000002dcc750 is an unknown value
R8 =0x000000001e98a800 is a thread
R9 =0x0000000000008000 is an unknown value
R10=0x0000000000000000 is an unknown value
R11=0x000000001fe9e23d is an unknown value
R12=0x0000000000000000 is an unknown value
R13=0x000000001e98fbe8 is an unknown value
R14=0x0000000000000000 is an unknown value
R15=0x0000000000000000 is an unknown value


Stack: [0x000000001f140000,0x000000001f240000],  sp=0x000000001f23f670,  free space=1021k
Native frames: (J=compiled Java code, j=interpreted, Vv=VM code, C=native code)
V  [jvm.dll+0x128f53]
V  [jvm.dll+0x34bb8d]
C  [jdwp.dll+0x21a15]
C  [jdwp.dll+0x53b3]
C  [jdwp.dll+0x5571]
C  [jdwp.dll+0xf0a8]
C  [jdwp.dll+0x1f2d5]
C  [jdwp.dll+0x1f4aa]
V  [jvm.dll+0x1bbf38]
V  [jvm.dll+0x243ae4]
V  [jvm.dll+0x29a99a]
C  [msvcr100.dll+0x21d9f]
C  [msvcr100.dll+0x21e3b]
C  [KERNEL32.DLL+0x8364]
C  [ntdll.dll+0x670d1]


---------------  P R O C E S S  ---------------

Java Threads: ( => current thread )
  0x000000001fe65000 JavaThread "qtp1272204912-36" [_thread_blocked, id=16024, stack(0x0000000023f20000,0x0000000024020000)]
  0x000000001fe61000 JavaThread "qtp1272204912-35" [_thread_blocked, id=8404, stack(0x0000000023e20000,0x0000000023f20000)]
  0x000000001fe5e000 JavaThread "qtp1272204912-32" [_thread_blocked, id=3424, stack(0x0000000023b20000,0x0000000023c20000)]
  0x000000001fe64000 JavaThread "Scheduler-1167996751" [_thread_blocked, id=15500, stack(0x0000000021580000,0x0000000021680000)]
  0x000000001fe5d800 JavaThread "qtp1272204912-30" [_thread_blocked, id=12000, stack(0x0000000021480000,0x0000000021580000)]
  0x000000001fe63800 JavaThread "qtp1272204912-28" [_thread_blocked, id=3124, stack(0x0000000021280000,0x0000000021380000)]
  0x000000001fd31800 JavaThread "org.eclipse.jetty.server.session.HashSessionManager@5fa1c68dTimer" daemon [_thread_blocked, id=7880, stack(0x0000000020c40000,0x0000000020d40000)]
  0x000000001fd30800 JavaThread "qtp1272204912-24" [_thread_blocked, id=6224, stack(0x0000000020b40000,0x0000000020c40000)]
  0x000000001fd30000 JavaThread "qtp1272204912-23" [_thread_blocked, id=8424, stack(0x0000000020a40000,0x0000000020b40000)]
  0x000000001fd33000 JavaThread "qtp1272204912-20-acceptor-0@56f5b6f9-ServerConnector@5dda81ef{HTTP/1.1,[http/1.1]}{0.0.0.0:4567}" [_thread_in_native, id=11028, stack(0x0000000020740000,0x0000000020840000)]
  0x000000001fd2f000 JavaThread "qtp1272204912-19" [_thread_in_native, id=12964, stack(0x0000000020640000,0x0000000020740000)]
  0x0000000002fd4800 JavaThread "DestroyJavaVM" [_thread_blocked, id=6956, stack(0x0000000002ed0000,0x0000000002fd0000)]
  0x000000001fe4f800 JavaThread "Thread-0" [_thread_blocked, id=9856, stack(0x0000000020240000,0x0000000020340000)]
  0x000000001e9a2800 JavaThread "Service Thread" daemon [_thread_blocked, id=6948, stack(0x000000001f840000,0x000000001f940000)]
  0x000000001e9b5000 JavaThread "C1 CompilerThread3" daemon [_thread_blocked, id=9476, stack(0x000000001f740000,0x000000001f840000)]
  0x000000001e9ac000 JavaThread "C2 CompilerThread2" daemon [_thread_blocked, id=2144, stack(0x000000001f640000,0x000000001f740000)]
  0x000000001e9ab000 JavaThread "C2 CompilerThread1" daemon [_thread_blocked, id=15032, stack(0x000000001f540000,0x000000001f640000)]
  0x000000001e9b0000 JavaThread "C2 CompilerThread0" daemon [_thread_blocked, id=13944, stack(0x000000001f440000,0x000000001f540000)]
  0x000000001e995000 JavaThread "JDWP Command Reader" daemon [_thread_in_native, id=15804, stack(0x000000001f340000,0x000000001f440000)]
  0x000000001e992000 JavaThread "JDWP Event Helper Thread" daemon [_thread_blocked, id=6984, stack(0x000000001f240000,0x000000001f340000)]
=>0x000000001e98a800 JavaThread "JDWP Transport Listener: dt_socket" daemon [_thread_in_vm, id=6936, stack(0x000000001f140000,0x000000001f240000)]
  0x000000001e982000 JavaThread "Attach Listener" daemon [_thread_blocked, id=12516, stack(0x000000001f040000,0x000000001f140000)]
  0x000000001e981000 JavaThread "Signal Dispatcher" daemon [_thread_blocked, id=8392, stack(0x000000001ef40000,0x000000001f040000)]
  0x000000001e970800 JavaThread "Finalizer" daemon [_thread_blocked, id=7984, stack(0x000000001ed50000,0x000000001ee50000)]
  0x00000000030ca000 JavaThread "Reference Handler" daemon [_thread_blocked, id=5972, stack(0x000000001e850000,0x000000001e950000)]

Other Threads:
  0x000000001ca69000 VMThread [stack: 0x000000001e750000,0x000000001e850000] [id=15680]
  0x000000001ea5b800 WatcherThread [stack: 0x000000001f940000,0x000000001fa40000] [id=12052]

VM state:not at safepoint (normal execution)

VM Mutex/Monitor currently owned by a thread: None

Heap:
 PSYoungGen      total 75776K, used 46906K [0x000000076b800000, 0x0000000770c80000, 0x00000007c0000000)
  eden space 65024K, 56% used [0x000000076b800000,0x000000076dc12ee8,0x000000076f780000)
  from space 10752K, 92% used [0x000000076f780000,0x000000077013bc88,0x0000000770200000)
  to   space 10752K, 0% used [0x0000000770200000,0x0000000770200000,0x0000000770c80000)
 ParOldGen       total 173568K, used 24K [0x00000006c2800000, 0x00000006cd180000, 0x000000076b800000)
  object space 173568K, 0% used [0x00000006c2800000,0x00000006c2806000,0x00000006cd180000)
 Metaspace       used 10764K, capacity 10962K, committed 11136K, reserved 1058816K
  class space    used 1203K, capacity 1289K, committed 1408K, reserved 1048576K

Card table byte_map: [0x0000000012490000,0x0000000012c80000] byte_map_base: 0x000000000ee7c000

Marking Bits: (ParMarkBitMap*) 0x000000005a1a2f70
 Begin Bits: [0x00000000139d0000, 0x0000000017930000)
 End Bits:   [0x0000000017930000, 0x000000001b890000)

Polling page: 0x0000000002dd0000

CodeCache: size=245760Kb used=4533Kb max_used=4541Kb free=241226Kb
 bounds [0x00000000030d0000, 0x0000000003550000, 0x00000000120d0000]
 total_blobs=1492 nmethods=1143 adapters=270
 compilation: enabled

Compilation events (10 events):
Event: 496.239 Thread 0x000000001e9b5000 1252       3       java.util.concurrent.locks.AbstractQueuedSynchronizer::compareAndSetWaitStatus (13 bytes)
Event: 496.239 Thread 0x000000001e9b5000 nmethod 1252 0x0000000003524650 code [0x00000000035247a0, 0x00000000035248f0]
Event: 553.447 Thread 0x000000001e9b5000 1253       1       java.nio.charset.CharsetEncoder::maxBytesPerChar (5 bytes)
Event: 553.447 Thread 0x000000001e9b5000 nmethod 1253 0x0000000003543090 code [0x00000000035431e0, 0x00000000035432f0]
Event: 553.447 Thread 0x000000001e9b5000 1255       3       java.util.HashMap::keySet (27 bytes)
Event: 553.448 Thread 0x000000001e9b5000 nmethod 1255 0x0000000003543350 code [0x00000000035434e0, 0x0000000003543890]
Event: 553.448 Thread 0x000000001e9b5000 1254       3       java.util.HashMap::containsKey (18 bytes)
Event: 553.448 Thread 0x000000001e9b5000 nmethod 1254 0x0000000003543a50 code [0x0000000003543be0, 0x0000000003543fd8]
Event: 617.258 Thread 0x000000001e9b5000 1256       3       java.util.TreeMap::parentOf (13 bytes)
Event: 617.258 Thread 0x000000001e9b5000 nmethod 1256 0x0000000003544110 code [0x0000000003544260, 0x0000000003544410]

GC Heap History (2 events):
Event: 158.776 GC heap before
{Heap before GC invocations=1 (full 0):
 PSYoungGen      total 75776K, used 65024K [0x000000076b800000, 0x0000000770c80000, 0x00000007c0000000)
  eden space 65024K, 100% used [0x000000076b800000,0x000000076f780000,0x000000076f780000)
  from space 10752K, 0% used [0x0000000770200000,0x0000000770200000,0x0000000770c80000)
  to   space 10752K, 0% used [0x000000076f780000,0x000000076f780000,0x0000000770200000)
 ParOldGen       total 173568K, used 0K [0x00000006c2800000, 0x00000006cd180000, 0x000000076b800000)
  object space 173568K, 0% used [0x00000006c2800000,0x00000006c2800000,0x00000006cd180000)
 Metaspace       used 10253K, capacity 10450K, committed 10752K, reserved 1058816K
  class space    used 1160K, capacity 1225K, committed 1280K, reserved 1048576K
Event: 158.790 GC heap after
Heap after GC invocations=1 (full 0):
 PSYoungGen      total 75776K, used 9967K [0x000000076b800000, 0x0000000770c80000, 0x00000007c0000000)
  eden space 65024K, 0% used [0x000000076b800000,0x000000076b800000,0x000000076f780000)
  from space 10752K, 92% used [0x000000076f780000,0x000000077013bc88,0x0000000770200000)
  to   space 10752K, 0% used [0x0000000770200000,0x0000000770200000,0x0000000770c80000)
 ParOldGen       total 173568K, used 24K [0x00000006c2800000, 0x00000006cd180000, 0x000000076b800000)
  object space 173568K, 0% used [0x00000006c2800000,0x00000006c2806000,0x00000006cd180000)
 Metaspace       used 10253K, capacity 10450K, committed 10752K, reserved 1058816K
  class space    used 1160K, capacity 1225K, committed 1280K, reserved 1048576K
}

Deoptimization events (10 events):
Event: 75.092 Thread 0x000000001fe5d800 Uncommon trap: reason=class_check action=maybe_recompile pc=0x00000000033ccf04 method=java.util.regex.Pattern$Curly.match0(Ljava/util/regex/Matcher;IILjava/lang/CharSequence;)Z @ 31
Event: 75.092 Thread 0x000000001fe5d800 Uncommon trap: reason=bimorphic action=maybe_recompile pc=0x00000000033c9480 method=java.util.regex.Pattern$GroupTail.match(Ljava/util/regex/Matcher;ILjava/lang/CharSequence;)Z @ 70
Event: 102.997 Thread 0x000000001fe63800 Uncommon trap: reason=unstable_if action=reinterpret pc=0x000000000345a660 method=java.util.Formatter$Conversion.isValid(C)Z @ 11
Event: 102.997 Thread 0x000000001fe63800 Uncommon trap: reason=class_check action=maybe_recompile pc=0x0000000003477c84 method=java.util.Formatter.format(Ljava/util/Locale;Ljava/lang/String;[Ljava/lang/Object;)Ljava/util/Formatter; @ 76
Event: 158.856 Thread 0x000000001fd2d000 Uncommon trap: reason=bimorphic action=maybe_recompile pc=0x00000000033c9480 method=java.util.regex.Pattern$GroupTail.match(Ljava/util/regex/Matcher;ILjava/lang/CharSequence;)Z @ 70
Event: 312.341 Thread 0x000000001fe63800 Uncommon trap: reason=unstable_if action=reinterpret pc=0x000000000340a734 method=java.io.WinNTFileSystem.normalize(Ljava/lang/String;)Ljava/lang/String; @ 128
Event: 312.517 Thread 0x000000001fe63800 Uncommon trap: reason=class_check action=maybe_recompile pc=0x0000000003477c84 method=java.util.Formatter.format(Ljava/util/Locale;Ljava/lang/String;[Ljava/lang/Object;)Ljava/util/Formatter; @ 76
Event: 312.527 Thread 0x000000001fe63800 Uncommon trap: reason=class_check action=maybe_recompile pc=0x0000000003477c84 method=java.util.Formatter.format(Ljava/util/Locale;Ljava/lang/String;[Ljava/lang/Object;)Ljava/util/Formatter; @ 76
Event: 371.344 Thread 0x000000001fd30800 Uncommon trap: reason=class_check action=maybe_recompile pc=0x0000000003477c84 method=java.util.Formatter.format(Ljava/util/Locale;Ljava/lang/String;[Ljava/lang/Object;)Ljava/util/Formatter; @ 76
Event: 454.894 Thread 0x000000001fe5e000 Uncommon trap: reason=bimorphic action=maybe_recompile pc=0x00000000033c9480 method=java.util.regex.Pattern$GroupTail.match(Ljava/util/regex/Matcher;ILjava/lang/CharSequence;)Z @ 70

Internal exceptions (10 events):
Event: 0.778 Thread 0x0000000002fd4800 Exception <a 'java/security/PrivilegedActionException'> (0x000000076bd27f08) thrown at [C:\re\workspace\8-2-build-windows-amd64-cygwin\jdk8u91\6644\hotspot\src\share\vm\prims\jvm.cpp, line 1386]
Event: 0.778 Thread 0x0000000002fd4800 Exception <a 'java/security/PrivilegedActionException'> (0x000000076bd28118) thrown at [C:\re\workspace\8-2-build-windows-amd64-cygwin\jdk8u91\6644\hotspot\src\share\vm\prims\jvm.cpp, line 1386]
Event: 0.779 Thread 0x0000000002fd4800 Exception <a 'java/security/PrivilegedActionException'> (0x000000076bd2bf60) thrown at [C:\re\workspace\8-2-build-windows-amd64-cygwin\jdk8u91\6644\hotspot\src\share\vm\prims\jvm.cpp, line 1386]
Event: 0.779 Thread 0x0000000002fd4800 Exception <a 'java/security/PrivilegedActionException'> (0x000000076bd2c170) thrown at [C:\re\workspace\8-2-build-windows-amd64-cygwin\jdk8u91\6644\hotspot\src\share\vm\prims\jvm.cpp, line 1386]
Event: 0.909 Thread 0x0000000002fd4800 Exception <a 'java/lang/NoSuchFieldError': method resolution failed> (0x000000076c06ff58) thrown at [C:\re\workspace\8-2-build-windows-amd64-cygwin\jdk8u91\6644\hotspot\src\share\vm\prims\methodHandles.cpp, line 1146]
Event: 0.911 Thread 0x0000000002fd4800 Exception <a 'java/lang/NoSuchFieldError': method resolution failed> (0x000000076c07d2d8) thrown at [C:\re\workspace\8-2-build-windows-amd64-cygwin\jdk8u91\6644\hotspot\src\share\vm\prims\methodHandles.cpp, line 1146]
Event: 8.266 Thread 0x000000001fd2e800 Exception <a 'java/lang/NoClassDefFoundError': org/apache/log/format/Formatter> (0x000000076e0093a8) thrown at [C:\re\workspace\8-2-build-windows-amd64-cygwin\jdk8u91\6644\hotspot\src\share\vm\classfile\systemDictionary.cpp, line 199]
Event: 74.979 Thread 0x000000001fe63800 Exception <a 'java/lang/NoClassDefFoundError': org/apache/log/format/Formatter> (0x000000076da37980) thrown at [C:\re\workspace\8-2-build-windows-amd64-cygwin\jdk8u91\6644\hotspot\src\share\vm\classfile\systemDictionary.cpp, line 199]
Event: 312.356 Thread 0x000000001fe63800 Exception <a 'java/lang/NullPointerException'> (0x000000076c3ced20) thrown at [C:\re\workspace\8-2-build-windows-amd64-cygwin\jdk8u91\6644\hotspot\src\share\vm\interpreter\linkResolver.cpp, line 1178]
Event: 371.154 Thread 0x000000001fd30800 Exception <a 'java/lang/NullPointerException'> (0x000000076c6469f0) thrown at [C:\re\workspace\8-2-build-windows-amd64-cygwin\jdk8u91\6644\hotspot\src\share\vm\interpreter\linkResolver.cpp, line 1178]

Events (10 events):
Event: 617.414 Executing VM operation: GetOrSetLocal
Event: 617.414 Executing VM operation: GetOrSetLocal done
Event: 640.702 Executing VM operation: ChangeBreakpoints
Event: 640.702 Executing VM operation: ChangeBreakpoints done
Event: 860.338 Executing VM operation: ChangeBreakpoints
Event: 860.338 Executing VM operation: ChangeBreakpoints done
Event: 860.341 Executing VM operation: RedefineClasses
Event: 860.347 Executing VM operation: RedefineClasses done
Event: 860.354 Executing VM operation: ChangeBreakpoints
Event: 860.355 Executing VM operation: ChangeBreakpoints done


Dynamic libraries:
0x00007ff7b32d0000 - 0x00007ff7b3307000 	C:\Program Files\Java\jdk1.8.0_91\bin\java.exe
0x00007ff9c80e0000 - 0x00007ff9c82b1000 	C:\WINDOWS\SYSTEM32\ntdll.dll
0x00007ff9c5bf0000 - 0x00007ff9c5c9b000 	C:\WINDOWS\System32\KERNEL32.DLL
0x00007ff9c4920000 - 0x00007ff9c4b3d000 	C:\WINDOWS\System32\KERNELBASE.dll
0x00007ff9c7d50000 - 0x00007ff9c7df2000 	C:\WINDOWS\System32\ADVAPI32.dll
0x00007ff9c7ee0000 - 0x00007ff9c7f7e000 	C:\WINDOWS\System32\msvcrt.dll
0x00007ff9c5da0000 - 0x00007ff9c5df9000 	C:\WINDOWS\System32\sechost.dll
0x00007ff9c7fb0000 - 0x00007ff9c80d1000 	C:\WINDOWS\System32\RPCRT4.dll
0x00007ff9c5670000 - 0x00007ff9c57d5000 	C:\WINDOWS\System32\USER32.dll
0x00007ff9c5220000 - 0x00007ff9c523e000 	C:\WINDOWS\System32\win32u.dll
0x00007ff9c57e0000 - 0x00007ff9c5814000 	C:\WINDOWS\System32\GDI32.dll
0x00007ff9c5240000 - 0x00007ff9c53c2000 	C:\WINDOWS\System32\gdi32full.dll
0x00007ff9bd030000 - 0x00007ff9bd2a9000 	C:\WINDOWS\WinSxS\amd64_microsoft.windows.common-controls_6595b64144ccf1df_6.0.14393.447_none_42191651c6827bb3\COMCTL32.dll
0x00007ff9c7450000 - 0x00007ff9c7718000 	C:\WINDOWS\System32\combase.dll
0x00007ff9c4720000 - 0x00007ff9c4815000 	C:\WINDOWS\System32\ucrtbase.dll
0x00007ff9c55a0000 - 0x00007ff9c560a000 	C:\WINDOWS\System32\bcryptPrimitives.dll
0x00007ff9c7f80000 - 0x00007ff9c7fae000 	C:\WINDOWS\System32\IMM32.DLL
0x000000005a3f0000 - 0x000000005a4c2000 	C:\Program Files\Java\jdk1.8.0_91\jre\bin\msvcr100.dll
0x0000000059990000 - 0x000000005a223000 	C:\Program Files\Java\jdk1.8.0_91\jre\bin\server\jvm.dll
0x00007ff9c5850000 - 0x00007ff9c5858000 	C:\WINDOWS\System32\PSAPI.DLL
0x00007ff9b92f0000 - 0x00007ff9b92f9000 	C:\WINDOWS\SYSTEM32\WSOCK32.dll
0x00007ff9c7e70000 - 0x00007ff9c7eda000 	C:\WINDOWS\System32\WS2_32.dll
0x00007ff9c23d0000 - 0x00007ff9c23f3000 	C:\WINDOWS\SYSTEM32\WINMM.dll
0x00007ff9c0ab0000 - 0x00007ff9c0aba000 	C:\WINDOWS\SYSTEM32\VERSION.dll
0x0000000001230000 - 0x000000000125b000 	C:\WINDOWS\SYSTEM32\WINMMBASE.dll
0x00007ff9c48d0000 - 0x00007ff9c4912000 	C:\WINDOWS\System32\cfgmgr32.dll
0x000000005a860000 - 0x000000005a86f000 	C:\Program Files\Java\jdk1.8.0_91\jre\bin\verify.dll
0x000000005a830000 - 0x000000005a859000 	C:\Program Files\Java\jdk1.8.0_91\jre\bin\java.dll
0x000000005a370000 - 0x000000005a3a5000 	C:\Program Files\Java\jdk1.8.0_91\jre\bin\jdwp.dll
0x000000005a360000 - 0x000000005a368000 	C:\Program Files\Java\jdk1.8.0_91\jre\bin\npt.dll
0x000000005a810000 - 0x000000005a826000 	C:\Program Files\Java\jdk1.8.0_91\jre\bin\zip.dll
0x00007ff9c5e00000 - 0x00007ff9c7309000 	C:\WINDOWS\System32\SHELL32.dll
0x00007ff9c4b40000 - 0x00007ff9c521a000 	C:\WINDOWS\System32\windows.storage.dll
0x00007ff9c4570000 - 0x00007ff9c45bc000 	C:\WINDOWS\System32\powrprof.dll
0x00007ff9c5b90000 - 0x00007ff9c5be2000 	C:\WINDOWS\System32\shlwapi.dll
0x00007ff9c45c0000 - 0x00007ff9c45cf000 	C:\WINDOWS\System32\kernel.appcore.dll
0x00007ff9c45d0000 - 0x00007ff9c4679000 	C:\WINDOWS\System32\shcore.dll
0x00007ff9c4540000 - 0x00007ff9c4554000 	C:\WINDOWS\System32\profapi.dll
0x000000005a350000 - 0x000000005a359000 	C:\Program Files\Java\jdk1.8.0_91\jre\bin\dt_socket.dll
0x00007ff9c3d20000 - 0x00007ff9c3d7c000 	C:\WINDOWS\system32\mswsock.dll
0x000000005a5d0000 - 0x000000005a5dd000 	C:\Program Files\Java\jdk1.8.0_91\jre\bin\management.dll
0x000000005a7f0000 - 0x000000005a80a000 	C:\Program Files\Java\jdk1.8.0_91\jre\bin\net.dll
0x000000005a7d0000 - 0x000000005a7e1000 	C:\Program Files\Java\jdk1.8.0_91\jre\bin\nio.dll
0x00007ff9c4010000 - 0x00007ff9c4027000 	C:\WINDOWS\SYSTEM32\CRYPTSP.dll
0x00007ff9c3f20000 - 0x00007ff9c3f53000 	C:\WINDOWS\system32\rsaenh.dll
0x00007ff9c4120000 - 0x00007ff9c414b000 	C:\WINDOWS\SYSTEM32\bcrypt.dll
0x00007ff9c3ba0000 - 0x00007ff9c3bbf000 	C:\WINDOWS\SYSTEM32\USERENV.dll
0x00007ff9c4030000 - 0x00007ff9c403b000 	C:\WINDOWS\SYSTEM32\CRYPTBASE.dll
0x00007ff9c3ab0000 - 0x00007ff9c3ae8000 	C:\WINDOWS\SYSTEM32\IPHLPAPI.DLL
0x00007ff9c5820000 - 0x00007ff9c5828000 	C:\WINDOWS\System32\NSI.dll
0x00007ff9ba280000 - 0x00007ff9ba296000 	C:\WINDOWS\SYSTEM32\dhcpcsvc6.DLL
0x00007ff9ba260000 - 0x00007ff9ba27a000 	C:\WINDOWS\SYSTEM32\dhcpcsvc.DLL
0x00007ff9b5240000 - 0x00007ff9b53d2000 	C:\WINDOWS\SYSTEM32\dbghelp.dll

VM Arguments:
jvm_args: -agentlib:jdwp=transport=dt_socket,address=127.0.0.1:63894,suspend=y,server=n -Dfile.encoding=UTF-8 
java_command: RentCalculator
java_class_path (initial): C:\Program Files\Java\jdk1.8.0_91\jre\lib\charsets.jar;C:\Program Files\Java\jdk1.8.0_91\jre\lib\deploy.jar;C:\Program Files\Java\jdk1.8.0_91\jre\lib\ext\access-bridge-64.jar;C:\Program Files\Java\jdk1.8.0_91\jre\lib\ext\cldrdata.jar;C:\Program Files\Java\jdk1.8.0_91\jre\lib\ext\dnsns.jar;C:\Program Files\Java\jdk1.8.0_91\jre\lib\ext\jaccess.jar;C:\Program Files\Java\jdk1.8.0_91\jre\lib\ext\jfxrt.jar;C:\Program Files\Java\jdk1.8.0_91\jre\lib\ext\localedata.jar;C:\Program Files\Java\jdk1.8.0_91\jre\lib\ext\nashorn.jar;C:\Program Files\Java\jdk1.8.0_91\jre\lib\ext\sunec.jar;C:\Program Files\Java\jdk1.8.0_91\jre\lib\ext\sunjce_provider.jar;C:\Program Files\Java\jdk1.8.0_91\jre\lib\ext\sunmscapi.jar;C:\Program Files\Java\jdk1.8.0_91\jre\lib\ext\sunpkcs11.jar;C:\Program Files\Java\jdk1.8.0_91\jre\lib\ext\zipfs.jar;C:\Program Files\Java\jdk1.8.0_91\jre\lib\javaws.jar;C:\Program Files\Java\jdk1.8.0_91\jre\lib\jce.jar;C:\Program Files\Java\jdk1.8.0_91\jre\lib\jfr.jar;C:\Program Files\Java\jdk1.8.0_91\jre\lib\jfxswt.jar;C:\Program Files\Java\jdk1.8.0_91\jre\lib\jsse.jar;C:\Program Files\Java\jdk1.8.0_91\jre\lib\management-agent.jar;C:\Program Files\Java\jdk1.8.0_91\jre\lib\plugin.jar;C:\Program Files\Java\jdk1.8.0_91\jre\lib\resources.jar;C:\Program Files\Java\jdk1.8.0_91\jre\lib\rt.jar;C:\Users\Nicolas\IdeaProjects\RentCalculator\target\classes;C:\Users\Nicolas\.m2\repository\org\hibernate\hibernate-core\5.2.1.Final\hibernate-core-5.2.1.Final.jar;C:\Users\Nicolas\.m2\repository\org\jboss\logging\jboss-logging\3.3.0.Final\jboss-logging-3.3.0.Final.jar;C:\Users\Nicolas\.m2\repository\org\hibernate\javax\persistence\hibernate-jpa-2.1-api\1.0.0.Final\hibernate-jpa-2.1-api-1.0.0.Final.jar;C:\Users\Nicolas\.m2\repository\org\javassist\javassist\3.20.0-GA\javassist-3.20.0-GA.jar;C:\Users\Nicolas\.m2\repository\antlr\antlr\2.7.7\antlr-2.7.7.jar;C:\Users\Nicolas\.m2\repository\org\apache\geronimo\specs\geronimo-jta_1.1_spec\1.1.1\geronimo-jta_1.1_spec-1.
Launcher Type: SUN_STANDARD

Environment Variables:
PATH=C:\ProgramData\Oracle\Java\javapath;C:\Program Files (x86)\Intel\iCLS Client\;C:\Program Files\Intel\iCLS Client\;C:\Windows\system32;C:\Windows;C:\Windows\System32\Wbem;C:\Windows\System32\WindowsPowerShell\v1.0\;C:\Program Files (x86)\Intel\Intel(R) Management Engine Components\DAL;C:\Program Files\Intel\Intel(R) Management Engine Components\DAL;C:\Program Files (x86)\Intel\Intel(R) Management Engine Components\IPT;C:\Program Files\Intel\Intel(R) Management Engine Components\IPT;C:\Program Files (x86)\NVIDIA Corporation\PhysX\Common;C:\Program Files\Intel\WiFi\bin\;C:\Program Files\Common Files\Intel\WirelessCommon\;C:\Program Files (x86)\Skype\Phone\;C:\WINDOWS\system32;C:\WINDOWS;C:\WINDOWS\System32\Wbem;C:\WINDOWS\System32\WindowsPowerShell\v1.0\;C:\Program Files (x86)\ImageConverter Plus;C:\Program Files (x86)\NVIDIA Corporation\DDS Utilities;C:\Users\Nicolas\AppData\Local\Microsoft\WindowsApps;C:\Program Files (x86)\ImageConverter Plus;
USERNAME=Nicolas
OS=Windows_NT
PROCESSOR_IDENTIFIER=Intel64 Family 6 Model 94 Stepping 3, GenuineIntel



---------------  S Y S T E M  ---------------

OS: Windows 10.0 , 64 bit Build 14393 (10.0.14393.0)

CPU:total 8 (4 cores per cpu, 2 threads per core) family 6 model 94 stepping 3, cmov, cx8, fxsr, mmx, sse, sse2, sse3, ssse3, sse4.1, sse4.2, popcnt, avx, avx2, aes, clmul, erms, rtm, 3dnowpref, lzcnt, ht, tsc, tscinvbit, bmi1, bmi2, adx

Memory: 4k page, physical 16609304k(11419868k free), swap 19099672k(12466788k free)

vm_info: Java HotSpot(TM) 64-Bit Server VM (25.91-b14) for windows-amd64 JRE (1.8.0_91-b14), built on Apr  1 2016 00:58:32 by "java_re" with MS VC++ 10.0 (VS2010)

time: Mon Jan 02 11:29:45 2017
elapsed time: 860 seconds (0d 0h 14m 20s)

