#
# A fatal error has been detected by the Java Runtime Environment:
#
#  EXCEPTION_ACCESS_VIOLATION (0xc0000005) at pc=0x0000000059ab8f45, pid=12536, tid=11080
#
# JRE version: Java(TM) SE Runtime Environment (8.0_91-b14) (build 1.8.0_91-b14)
# Java VM: Java HotSpot(TM) 64-Bit Server VM (25.91-b14 mixed mode windows-amd64 compressed oops)
# Problematic frame:
# V  [jvm.dll+0x128f45]
#
# Failed to write core dump. Minidumps are not enabled by default on client versions of Windows
#
# If you would like to submit a bug report, please visit:
#   http://bugreport.java.com/bugreport/crash.jsp
#

---------------  T H R E A D  ---------------

Current thread (0x000000001e561800):  JavaThread "JDWP Transport Listener: dt_socket" daemon [_thread_in_vm, id=11080, stack(0x000000001ed20000,0x000000001ee20000)]

siginfo: ExceptionCode=0xc0000005, reading address 0xffffffffffffffff

Registers:
RAX=0x000000001ee1f201, RBX=0x000000001e561800, RCX=0x45003b00726f7461, RDX=0x0000000000000000
RSP=0x000000001ee1f230, RBP=0x45003b00726f7461, RSI=0x000000001ee1f348, RDI=0x0000000002b5c750
R8 =0x000000001e561800, R9 =0x0000000000008000, R10=0x0000000000000000, R11=0x000000001e6df9f7
R12=0x0000000000000000, R13=0x000000001e556248, R14=0x0000000000000000, R15=0x0000000000000000
RIP=0x0000000059ab8f45, EFLAGS=0x0000000000010202

Top of Stack: (sp=0x000000001ee1f230)
0x000000001ee1f230:   000000001e561800 000000001e561800
0x000000001ee1f240:   000000001ee1f2f8 0000000059cbf32b
0x000000001ee1f250:   000000001e561800 0000000059cdbb8d
0x000000001ee1f260:   0000000000000000 000000005aa39155
0x000000001ee1f270:   000000002001c668 000000005aa4291e
0x000000001ee1f280:   000000001e561800 0000000000000000
0x000000001ee1f290:   0000000000000000 0000000000000000
0x000000001ee1f2a0:   45003b00726f7461 000000005aa41a15
0x000000001ee1f2b0:   000000001ee1f348 000000001ee1f320
0x000000001ee1f2c0:   0000000000000001 000000002001c668
0x000000001ee1f2d0:   45003b00726f7461 000000005aa253b3
0x000000001ee1f2e0:   000000001ee1f410 0000000000000001
0x000000001ee1f2f0:   0000000000000001 000000002001c668
0x000000001ee1f300:   0000000000000008 0000000000000000
0x000000001ee1f310:   0000000000000000 0000000000000000
0x000000001ee1f320:   0000000000000001 000000005aa25571 

Instructions: (pc=0x0000000059ab8f45)
0x0000000059ab8f25:   cc cc cc cc cc cc cc cc cc cc cc 48 83 ec 28 48
0x0000000059ab8f35:   85 c9 75 07 33 c0 48 83 c4 28 c3 48 89 5c 24 20
0x0000000059ab8f45:   48 8b 19 48 85 db 74 20 48 83 fb 37 74 1a 48 8b
0x0000000059ab8f55:   13 48 8b cb ff 52 10 84 c0 74 0d 48 8b c3 48 8b 


Register to memory mapping:

RAX=0x000000001ee1f201 is pointing into the stack for thread: 0x000000001e561800
RBX=0x000000001e561800 is a thread
RCX=0x45003b00726f7461 is an unknown value
RDX=0x0000000000000000 is an unknown value
RSP=0x000000001ee1f230 is pointing into the stack for thread: 0x000000001e561800
RBP=0x45003b00726f7461 is an unknown value
RSI=0x000000001ee1f348 is pointing into the stack for thread: 0x000000001e561800
RDI=0x0000000002b5c750 is an unknown value
R8 =0x000000001e561800 is a thread
R9 =0x0000000000008000 is an unknown value
R10=0x0000000000000000 is an unknown value
R11=0x000000001e6df9f7 is an unknown value
R12=0x0000000000000000 is an unknown value
R13=0x000000001e556248 is an unknown value
R14=0x0000000000000000 is an unknown value
R15=0x0000000000000000 is an unknown value


Stack: [0x000000001ed20000,0x000000001ee20000],  sp=0x000000001ee1f230,  free space=1020k
Native frames: (J=compiled Java code, j=interpreted, Vv=VM code, C=native code)
V  [jvm.dll+0x128f45]
V  [jvm.dll+0x34bb8d]
C  [jdwp.dll+0x21a15]
C  [jdwp.dll+0x53b3]
C  [jdwp.dll+0x5571]
C  [jdwp.dll+0xf0a8]
C  [jdwp.dll+0x1f2d5]
C  [jdwp.dll+0x1f4aa]
V  [jvm.dll+0x1bbf38]
V  [jvm.dll+0x243ae4]
V  [jvm.dll+0x29a99a]
C  [msvcr100.dll+0x21d9f]
C  [msvcr100.dll+0x21e3b]
C  [KERNEL32.DLL+0x8364]
C  [ntdll.dll+0x670d1]


---------------  P R O C E S S  ---------------

Java Threads: ( => current thread )
  0x000000001fdc1800 JavaThread "qtp852685675-65" [_thread_in_native, id=12672, stack(0x0000000025e90000,0x0000000025f90000)]
  0x000000001fdc6000 JavaThread "MongoCleaner2146843180" daemon [_thread_blocked, id=7240, stack(0x0000000025d90000,0x0000000025e90000)]
  0x000000001fdc2800 JavaThread "MongoCleaner361598165" daemon [_thread_blocked, id=3984, stack(0x0000000025c90000,0x0000000025d90000)]
  0x000000001fdc5800 JavaThread "MongoCleaner1637220929" daemon [_thread_blocked, id=13596, stack(0x0000000025b90000,0x0000000025c90000)]
  0x000000001fdc4800 JavaThread "MongoCleaner1648379572" daemon [_thread_blocked, id=15456, stack(0x0000000025a90000,0x0000000025b90000)]
  0x000000001f81a000 JavaThread "MongoCleaner119317227" daemon [_thread_blocked, id=9116, stack(0x0000000025890000,0x0000000025990000)]
  0x000000001f819000 JavaThread "MongoCleaner920687503" daemon [_thread_blocked, id=9700, stack(0x0000000025790000,0x0000000025890000)]
  0x000000001f817800 JavaThread "qtp852685675-57" [_thread_blocked, id=14256, stack(0x0000000025690000,0x0000000025790000)]
  0x000000001f81e000 JavaThread "qtp852685675-56" [_thread_blocked, id=16328, stack(0x0000000025590000,0x0000000025690000)]
  0x000000001f81d000 JavaThread "qtp852685675-55" [_thread_blocked, id=488, stack(0x0000000025490000,0x0000000025590000)]
  0x000000001f81c000 JavaThread "MongoCleaner2070154019" daemon [_thread_blocked, id=9148, stack(0x0000000025390000,0x0000000025490000)]
  0x000000001f818800 JavaThread "MongoCleaner435295871" daemon [_thread_blocked, id=14468, stack(0x0000000025190000,0x0000000025290000)]
  0x000000001f81b800 JavaThread "qtp852685675-52" [_thread_blocked, id=8768, stack(0x0000000025090000,0x0000000025190000)]
  0x000000001f813000 JavaThread "qtp852685675-49" [_thread_in_native, id=14084, stack(0x0000000024d90000,0x0000000024e90000)]
  0x000000001f81a800 JavaThread "qtp852685675-44" [_thread_blocked, id=13504, stack(0x0000000024890000,0x0000000024990000)]
  0x000000001f817000 JavaThread "MongoCleaner620963578" daemon [_thread_blocked, id=15056, stack(0x0000000024790000,0x0000000024890000)]
  0x000000001f80f800 JavaThread "MongoCleaner341643436" daemon [_thread_blocked, id=3976, stack(0x0000000024690000,0x0000000024790000)]
  0x000000001f80e800 JavaThread "qtp852685675-40" [_thread_in_native, id=6956, stack(0x00000000234c0000,0x00000000235c0000)]
  0x000000001f814800 JavaThread "MongoCleaner86272998" daemon [_thread_blocked, id=8292, stack(0x00000000233c0000,0x00000000234c0000)]
  0x000000001f814000 JavaThread "MongoCleaner1615165464" daemon [_thread_blocked, id=14912, stack(0x00000000232c0000,0x00000000233c0000)]
  0x000000001f815800 JavaThread "MongoCleaner1428031837" daemon [_thread_blocked, id=5328, stack(0x0000000022fc0000,0x00000000230c0000)]
  0x000000001f811000 JavaThread "MongoCleaner1689266890" daemon [_thread_blocked, id=6688, stack(0x0000000022ec0000,0x0000000022fc0000)]
  0x000000001f810000 JavaThread "MongoCleaner1932680483" daemon [_thread_blocked, id=16332, stack(0x00000000226d0000,0x00000000227d0000)]
  0x000000001f812800 JavaThread "MongoCleaner193407900" daemon [_thread_blocked, id=7316, stack(0x0000000022230000,0x0000000022330000)]
  0x000000001f811800 JavaThread "Scheduler-176400264" [_thread_blocked, id=15688, stack(0x0000000021f30000,0x0000000022030000)]
  0x000000001fdc3000 JavaThread "org.eclipse.jetty.server.session.HashSessionManager@6f7847f0Timer" daemon [_thread_blocked, id=9000, stack(0x00000000217f0000,0x00000000218f0000)]
  0x000000001fdc7800 JavaThread "qtp852685675-23-acceptor-0@3731b3e1-ServerConnector@3b51d204{HTTP/1.1,[http/1.1]}{0.0.0.0:4567}" [_thread_in_native, id=12612, stack(0x00000000214f0000,0x00000000215f0000)]
  0x000000001fdc1000 JavaThread "qtp852685675-22" [_thread_in_native, id=7624, stack(0x00000000213f0000,0x00000000214f0000)]
  0x0000000002b64800 JavaThread "DestroyJavaVM" [_thread_blocked, id=8400, stack(0x0000000002a40000,0x0000000002b40000)]
  0x000000001f855800 JavaThread "Thread-0" [_thread_blocked, id=8584, stack(0x000000001fe20000,0x000000001ff20000)]
  0x000000001e61d800 JavaThread "Service Thread" daemon [_thread_blocked, id=7584, stack(0x000000001f420000,0x000000001f520000)]
  0x000000001e57c000 JavaThread "C1 CompilerThread3" daemon [_thread_blocked, id=13144, stack(0x000000001f320000,0x000000001f420000)]
  0x000000001e57b000 JavaThread "C2 CompilerThread2" daemon [_thread_blocked, id=11028, stack(0x000000001f220000,0x000000001f320000)]
  0x000000001e580000 JavaThread "C2 CompilerThread1" daemon [_thread_blocked, id=14500, stack(0x000000001f120000,0x000000001f220000)]
  0x000000001e572800 JavaThread "C2 CompilerThread0" daemon [_thread_blocked, id=15044, stack(0x000000001f020000,0x000000001f120000)]
  0x000000001e564800 JavaThread "JDWP Command Reader" daemon [_thread_in_native, id=12128, stack(0x000000001ef20000,0x000000001f020000)]
  0x000000001e563800 JavaThread "JDWP Event Helper Thread" daemon [_thread_blocked, id=12828, stack(0x000000001ee20000,0x000000001ef20000)]
=>0x000000001e561800 JavaThread "JDWP Transport Listener: dt_socket" daemon [_thread_in_vm, id=11080, stack(0x000000001ed20000,0x000000001ee20000)]
  0x000000001e54e000 JavaThread "Attach Listener" daemon [_thread_blocked, id=14568, stack(0x000000001ec20000,0x000000001ed20000)]
  0x000000001e54d000 JavaThread "Signal Dispatcher" daemon [_thread_blocked, id=4848, stack(0x000000001eb20000,0x000000001ec20000)]
  0x0000000002c5d800 JavaThread "Finalizer" daemon [_thread_blocked, id=10892, stack(0x000000001e920000,0x000000001ea20000)]
  0x0000000002c5c800 JavaThread "Reference Handler" daemon [_thread_blocked, id=9084, stack(0x000000001e420000,0x000000001e520000)]

Other Threads:
  0x000000001c649800 VMThread [stack: 0x000000001e320000,0x000000001e420000] [id=7008]
  0x000000001e62f800 WatcherThread [stack: 0x000000001f520000,0x000000001f620000] [id=15304]

VM state:not at safepoint (normal execution)

VM Mutex/Monitor currently owned by a thread: None

Heap:
 PSYoungGen      total 75776K, used 43238K [0x000000076b800000, 0x0000000770c80000, 0x00000007c0000000)
  eden space 65024K, 55% used [0x000000076b800000,0x000000076db6cf00,0x000000076f780000)
  from space 10752K, 64% used [0x0000000770200000,0x00000007708ccab0,0x0000000770c80000)
  to   space 10752K, 0% used [0x000000076f780000,0x000000076f780000,0x0000000770200000)
 ParOldGen       total 173568K, used 32K [0x00000006c2800000, 0x00000006cd180000, 0x000000076b800000)
  object space 173568K, 0% used [0x00000006c2800000,0x00000006c2808000,0x00000006cd180000)
 Metaspace       used 13307K, capacity 13530K, committed 13696K, reserved 1060864K
  class space    used 1517K, capacity 1585K, committed 1664K, reserved 1048576K

Card table byte_map: [0x0000000012020000,0x0000000012810000] byte_map_base: 0x000000000ea0c000

Marking Bits: (ParMarkBitMap*) 0x000000005a1a2f70
 Begin Bits: [0x0000000013560000, 0x00000000174c0000)
 End Bits:   [0x00000000174c0000, 0x000000001b420000)

Polling page: 0x0000000002a10000

CodeCache: size=245760Kb used=5855Kb max_used=5886Kb free=239904Kb
 bounds [0x0000000002c60000, 0x0000000003230000, 0x0000000011c60000]
 total_blobs=1926 nmethods=1540 adapters=306
 compilation: enabled

Compilation events (10 events):
Event: 1533.685 Thread 0x000000001e57c000 nmethod 1661 0x0000000002f36590 code [0x0000000002f366e0, 0x0000000002f36830]
Event: 1533.685 Thread 0x000000001e57c000 1654       1       org.eclipse.jetty.util.SharedBlockingCallback$Blocker::access$000 (5 bytes)
Event: 1533.686 Thread 0x000000001e57c000 nmethod 1654 0x0000000002f62290 code [0x0000000002f623e0, 0x0000000002f624d0]
Event: 1533.686 Thread 0x000000001e57c000 1656       1       org.eclipse.jetty.util.SharedBlockingCallback::access$800 (5 bytes)
Event: 1533.686 Thread 0x000000001e57c000 nmethod 1656 0x000000000303e990 code [0x000000000303eae0, 0x000000000303ebd0]
Event: 1533.686 Thread 0x000000001e57c000 1658       1       org.eclipse.jetty.server.AbstractConnector::getByteBufferPool (5 bytes)
Event: 1533.686 Thread 0x000000001e57c000 nmethod 1658 0x000000000303e6d0 code [0x000000000303e820, 0x000000000303e930]
Event: 1533.686 Thread 0x000000001e57c000 1659       1       org.eclipse.jetty.server.Response::getHttpFields (5 bytes)
Event: 1533.686 Thread 0x000000001e57c000 nmethod 1659 0x0000000002efd190 code [0x0000000002efd2e0, 0x0000000002efd3f0]
Event: 1533.819 Thread 0x000000001e580000 nmethod 1660 0x0000000003225fd0 code [0x0000000003226320, 0x000000000322b150]

GC Heap History (4 events):
Event: 26.445 GC heap before
{Heap before GC invocations=1 (full 0):
 PSYoungGen      total 75776K, used 65024K [0x000000076b800000, 0x0000000770c80000, 0x00000007c0000000)
  eden space 65024K, 100% used [0x000000076b800000,0x000000076f780000,0x000000076f780000)
  from space 10752K, 0% used [0x0000000770200000,0x0000000770200000,0x0000000770c80000)
  to   space 10752K, 0% used [0x000000076f780000,0x000000076f780000,0x0000000770200000)
 ParOldGen       total 173568K, used 0K [0x00000006c2800000, 0x00000006cd180000, 0x000000076b800000)
  object space 173568K, 0% used [0x00000006c2800000,0x00000006c2800000,0x00000006cd180000)
 Metaspace       used 12748K, capacity 12984K, committed 13184K, reserved 1060864K
  class space    used 1500K, capacity 1578K, committed 1664K, reserved 1048576K
Event: 26.462 GC heap after
Heap after GC invocations=1 (full 0):
 PSYoungGen      total 75776K, used 8955K [0x000000076b800000, 0x0000000770c80000, 0x00000007c0000000)
  eden space 65024K, 0% used [0x000000076b800000,0x000000076b800000,0x000000076f780000)
  from space 10752K, 83% used [0x000000076f780000,0x000000077003ed60,0x0000000770200000)
  to   space 10752K, 0% used [0x0000000770200000,0x0000000770200000,0x0000000770c80000)
 ParOldGen       total 173568K, used 24K [0x00000006c2800000, 0x00000006cd180000, 0x000000076b800000)
  object space 173568K, 0% used [0x00000006c2800000,0x00000006c2806000,0x00000006cd180000)
 Metaspace       used 12748K, capacity 12984K, committed 13184K, reserved 1060864K
  class space    used 1500K, capacity 1578K, committed 1664K, reserved 1048576K
}
Event: 1301.366 GC heap before
{Heap before GC invocations=2 (full 0):
 PSYoungGen      total 75776K, used 73979K [0x000000076b800000, 0x0000000770c80000, 0x00000007c0000000)
  eden space 65024K, 100% used [0x000000076b800000,0x000000076f780000,0x000000076f780000)
  from space 10752K, 83% used [0x000000076f780000,0x000000077003ed60,0x0000000770200000)
  to   space 10752K, 0% used [0x0000000770200000,0x0000000770200000,0x0000000770c80000)
 ParOldGen       total 173568K, used 24K [0x00000006c2800000, 0x00000006cd180000, 0x000000076b800000)
  object space 173568K, 0% used [0x00000006c2800000,0x00000006c2806000,0x00000006cd180000)
 Metaspace       used 13067K, capacity 13206K, committed 13440K, reserved 1060864K
  class space    used 1514K, capacity 1583K, committed 1664K, reserved 1048576K
Event: 1301.372 GC heap after
Heap after GC invocations=2 (full 0):
 PSYoungGen      total 75776K, used 6962K [0x000000076b800000, 0x0000000770c80000, 0x00000007c0000000)
  eden space 65024K, 0% used [0x000000076b800000,0x000000076b800000,0x000000076f780000)
  from space 10752K, 64% used [0x0000000770200000,0x00000007708ccab0,0x0000000770c80000)
  to   space 10752K, 0% used [0x000000076f780000,0x000000076f780000,0x0000000770200000)
 ParOldGen       total 173568K, used 32K [0x00000006c2800000, 0x00000006cd180000, 0x000000076b800000)
  object space 173568K, 0% used [0x00000006c2800000,0x00000006c2808000,0x00000006cd180000)
 Metaspace       used 13067K, capacity 13206K, committed 13440K, reserved 1060864K
  class space    used 1514K, capacity 1583K, committed 1664K, reserved 1048576K
}

Deoptimization events (10 events):
Event: 305.705 Thread 0x000000001fdc1800 Uncommon trap: reason=unstable_if action=reinterpret pc=0x0000000002ded4e0 method=java.util.Formatter$Conversion.isValid(C)Z @ 11
Event: 305.705 Thread 0x000000001fdc1800 Uncommon trap: reason=class_check action=maybe_recompile pc=0x0000000003058118 method=java.util.Formatter.format(Ljava/util/Locale;Ljava/lang/String;[Ljava/lang/Object;)Ljava/util/Formatter; @ 76
Event: 305.706 Thread 0x000000001fdc1800 Uncommon trap: reason=unstable_if action=reinterpret pc=0x00000000030310a8 method=java.util.Formatter$Conversion.isValid(C)Z @ 11
Event: 305.706 Thread 0x000000001fdc1800 Uncommon trap: reason=class_check action=maybe_recompile pc=0x0000000003058118 method=java.util.Formatter.format(Ljava/util/Locale;Ljava/lang/String;[Ljava/lang/Object;)Ljava/util/Formatter; @ 76
Event: 318.085 Thread 0x000000001fdc2800 Uncommon trap: reason=unstable_if action=reinterpret pc=0x0000000002ec47d4 method=org.eclipse.jetty.util.BufferUtil.appendContentChar(Ljava/lang/StringBuilder;B)V @ 3
Event: 318.118 Thread 0x000000001fdc4000 Uncommon trap: reason=bimorphic action=maybe_recompile pc=0x000000000302279c method=java.util.regex.Pattern$GroupTail.match(Ljava/util/regex/Matcher;ILjava/lang/CharSequence;)Z @ 70
Event: 447.081 Thread 0x000000001fdc1000 Uncommon trap: reason=bimorphic action=maybe_recompile pc=0x000000000302279c method=java.util.regex.Pattern$GroupTail.match(Ljava/util/regex/Matcher;ILjava/lang/CharSequence;)Z @ 70
Event: 1468.138 Thread 0x000000001f817800 Uncommon trap: reason=unstable_if action=reinterpret pc=0x0000000002ea54f0 method=org.apache.log4j.spi.LoggingEvent.getRenderedMessage()Ljava/lang/String; @ 4
Event: 1522.514 Thread 0x000000001f817800 Uncommon trap: reason=class_check action=maybe_recompile pc=0x0000000003058118 method=java.util.Formatter.format(Ljava/util/Locale;Ljava/lang/String;[Ljava/lang/Object;)Ljava/util/Formatter; @ 76
Event: 1522.517 Thread 0x000000001f817800 Uncommon trap: reason=class_check action=maybe_recompile pc=0x0000000003058118 method=java.util.Formatter.format(Ljava/util/Locale;Ljava/lang/String;[Ljava/lang/Object;)Ljava/util/Formatter; @ 76

Internal exceptions (10 events):
Event: 6.876 Thread 0x000000001fdc1000 Exception <a 'java/lang/ArrayIndexOutOfBoundsException'> (0x000000076e3a2070) thrown at [C:\re\workspace\8-2-build-windows-amd64-cygwin\jdk8u91\6644\hotspot\src\share\vm\runtime\sharedRuntime.cpp, line 605]
Event: 6.876 Thread 0x000000001fdc1000 Exception <a 'java/lang/ArrayIndexOutOfBoundsException'> (0x000000076e3a3c10) thrown at [C:\re\workspace\8-2-build-windows-amd64-cygwin\jdk8u91\6644\hotspot\src\share\vm\runtime\sharedRuntime.cpp, line 605]
Event: 6.881 Thread 0x000000001fdc1000 Exception <a 'java/lang/ArrayIndexOutOfBoundsException'> (0x000000076e3c98d0) thrown at [C:\re\workspace\8-2-build-windows-amd64-cygwin\jdk8u91\6644\hotspot\src\share\vm\runtime\sharedRuntime.cpp, line 605]
Event: 6.884 Thread 0x000000001fdc1000 Exception <a 'java/lang/ArrayIndexOutOfBoundsException'> (0x000000076e3d7c58) thrown at [C:\re\workspace\8-2-build-windows-amd64-cygwin\jdk8u91\6644\hotspot\src\share\vm\runtime\sharedRuntime.cpp, line 605]
Event: 6.930 Thread 0x000000001fdc1000 Exception <a 'java/lang/NoClassDefFoundError': org/apache/log/format/Formatter> (0x000000076e63ab88) thrown at [C:\re\workspace\8-2-build-windows-amd64-cygwin\jdk8u91\6644\hotspot\src\share\vm\classfile\systemDictionary.cpp, line 199]
Event: 7.051 Thread 0x000000001fdc2800 Exception <a 'java/io/IOException'> (0x000000076d5e7f60) thrown at [C:\re\workspace\8-2-build-windows-amd64-cygwin\jdk8u91\6644\hotspot\src\share\vm\prims\jni.cpp, line 709]
Event: 7.052 Thread 0x000000001fdc6000 Exception <a 'java/io/IOException'> (0x000000076d362270) thrown at [C:\re\workspace\8-2-build-windows-amd64-cygwin\jdk8u91\6644\hotspot\src\share\vm\prims\jni.cpp, line 709]
Event: 7.063 Thread 0x000000001fdc5800 Exception <a 'java/io/IOException'> (0x000000076d72e2a0) thrown at [C:\re\workspace\8-2-build-windows-amd64-cygwin\jdk8u91\6644\hotspot\src\share\vm\prims\jni.cpp, line 709]
Event: 7.064 Thread 0x000000001f80f800 Exception <a 'java/io/IOException'> (0x000000076dc41df8) thrown at [C:\re\workspace\8-2-build-windows-amd64-cygwin\jdk8u91\6644\hotspot\src\share\vm\prims\jni.cpp, line 709]
Event: 1468.136 Thread 0x000000001f817800 Exception <a 'java/lang/NoClassDefFoundError': org/apache/log/format/Formatter> (0x000000076d240ab0) thrown at [C:\re\workspace\8-2-build-windows-amd64-cygwin\jdk8u91\6644\hotspot\src\share\vm\classfile\systemDictionary.cpp, line 199]

Events (10 events):
Event: 1533.671 Thread 0x000000001e57c000 flushing nmethod 0x0000000002f36390
Event: 1533.671 Thread 0x000000001e57c000 flushing nmethod 0x0000000002f3b290
Event: 1533.672 Thread 0x000000001e57c000 flushing nmethod 0x0000000002f3f150
Event: 1533.672 Thread 0x000000001e57c000 flushing nmethod 0x0000000002f3fc10
Event: 1533.672 Thread 0x000000001e57c000 flushing nmethod 0x0000000002f40a50
Event: 1533.672 Thread 0x000000001e57c000 flushing nmethod 0x0000000002f44a90
Event: 1533.672 Thread 0x000000001e57c000 flushing nmethod 0x0000000002f46cd0
Event: 1533.672 Thread 0x000000001e57c000 flushing nmethod 0x0000000002f62010
Event: 1533.674 Thread 0x000000001e57c000 flushing nmethod 0x0000000002fa1dd0
Event: 1533.685 Thread 0x000000001e57c000 flushing nmethod 0x000000000303e490


Dynamic libraries:
0x00007ff7b32d0000 - 0x00007ff7b3307000 	C:\Program Files\Java\jdk1.8.0_91\bin\java.exe
0x00007ff9c80e0000 - 0x00007ff9c82b1000 	C:\WINDOWS\SYSTEM32\ntdll.dll
0x00007ff9c5bf0000 - 0x00007ff9c5c9b000 	C:\WINDOWS\System32\KERNEL32.DLL
0x00007ff9c4920000 - 0x00007ff9c4b3d000 	C:\WINDOWS\System32\KERNELBASE.dll
0x00007ff9c7d50000 - 0x00007ff9c7df2000 	C:\WINDOWS\System32\ADVAPI32.dll
0x00007ff9c7ee0000 - 0x00007ff9c7f7e000 	C:\WINDOWS\System32\msvcrt.dll
0x00007ff9c5da0000 - 0x00007ff9c5df9000 	C:\WINDOWS\System32\sechost.dll
0x00007ff9c7fb0000 - 0x00007ff9c80d1000 	C:\WINDOWS\System32\RPCRT4.dll
0x00007ff9c5670000 - 0x00007ff9c57d5000 	C:\WINDOWS\System32\USER32.dll
0x00007ff9c5220000 - 0x00007ff9c523e000 	C:\WINDOWS\System32\win32u.dll
0x00007ff9c57e0000 - 0x00007ff9c5814000 	C:\WINDOWS\System32\GDI32.dll
0x00007ff9c5240000 - 0x00007ff9c53c2000 	C:\WINDOWS\System32\gdi32full.dll
0x00007ff9bd030000 - 0x00007ff9bd2a9000 	C:\WINDOWS\WinSxS\amd64_microsoft.windows.common-controls_6595b64144ccf1df_6.0.14393.447_none_42191651c6827bb3\COMCTL32.dll
0x00007ff9c7450000 - 0x00007ff9c7718000 	C:\WINDOWS\System32\combase.dll
0x00007ff9c4720000 - 0x00007ff9c4815000 	C:\WINDOWS\System32\ucrtbase.dll
0x00007ff9c55a0000 - 0x00007ff9c560a000 	C:\WINDOWS\System32\bcryptPrimitives.dll
0x00007ff9c7f80000 - 0x00007ff9c7fae000 	C:\WINDOWS\System32\IMM32.DLL
0x000000005a3f0000 - 0x000000005a4c2000 	C:\Program Files\Java\jdk1.8.0_91\jre\bin\msvcr100.dll
0x0000000059990000 - 0x000000005a223000 	C:\Program Files\Java\jdk1.8.0_91\jre\bin\server\jvm.dll
0x00007ff9c5850000 - 0x00007ff9c5858000 	C:\WINDOWS\System32\PSAPI.DLL
0x00007ff9c0ab0000 - 0x00007ff9c0aba000 	C:\WINDOWS\SYSTEM32\VERSION.dll
0x00007ff9b92f0000 - 0x00007ff9b92f9000 	C:\WINDOWS\SYSTEM32\WSOCK32.dll
0x00007ff9c23d0000 - 0x00007ff9c23f3000 	C:\WINDOWS\SYSTEM32\WINMM.dll
0x00007ff9c7e70000 - 0x00007ff9c7eda000 	C:\WINDOWS\System32\WS2_32.dll
0x00007ff9c2130000 - 0x00007ff9c215b000 	C:\WINDOWS\SYSTEM32\WINMMBASE.dll
0x00007ff9c48d0000 - 0x00007ff9c4912000 	C:\WINDOWS\System32\cfgmgr32.dll
0x000000005a860000 - 0x000000005a86f000 	C:\Program Files\Java\jdk1.8.0_91\jre\bin\verify.dll
0x000000005a830000 - 0x000000005a859000 	C:\Program Files\Java\jdk1.8.0_91\jre\bin\java.dll
0x000000005aa20000 - 0x000000005aa55000 	C:\Program Files\Java\jdk1.8.0_91\jre\bin\jdwp.dll
0x000000005aa10000 - 0x000000005aa18000 	C:\Program Files\Java\jdk1.8.0_91\jre\bin\npt.dll
0x000000005a810000 - 0x000000005a826000 	C:\Program Files\Java\jdk1.8.0_91\jre\bin\zip.dll
0x00007ff9c5e00000 - 0x00007ff9c7309000 	C:\WINDOWS\System32\SHELL32.dll
0x00007ff9c4b40000 - 0x00007ff9c521a000 	C:\WINDOWS\System32\windows.storage.dll
0x00007ff9c4570000 - 0x00007ff9c45bc000 	C:\WINDOWS\System32\powrprof.dll
0x00007ff9c5b90000 - 0x00007ff9c5be2000 	C:\WINDOWS\System32\shlwapi.dll
0x00007ff9c45c0000 - 0x00007ff9c45cf000 	C:\WINDOWS\System32\kernel.appcore.dll
0x00007ff9c45d0000 - 0x00007ff9c4679000 	C:\WINDOWS\System32\shcore.dll
0x00007ff9c4540000 - 0x00007ff9c4554000 	C:\WINDOWS\System32\profapi.dll
0x000000005aa00000 - 0x000000005aa09000 	C:\Program Files\Java\jdk1.8.0_91\jre\bin\dt_socket.dll
0x00007ff9c3d20000 - 0x00007ff9c3d7c000 	C:\WINDOWS\system32\mswsock.dll
0x000000005a5d0000 - 0x000000005a5dd000 	C:\Program Files\Java\jdk1.8.0_91\jre\bin\management.dll
0x000000005a7f0000 - 0x000000005a80a000 	C:\Program Files\Java\jdk1.8.0_91\jre\bin\net.dll
0x000000005a7d0000 - 0x000000005a7e1000 	C:\Program Files\Java\jdk1.8.0_91\jre\bin\nio.dll
0x00007ff9c4010000 - 0x00007ff9c4027000 	C:\WINDOWS\SYSTEM32\CRYPTSP.dll
0x00007ff9c3f20000 - 0x00007ff9c3f53000 	C:\WINDOWS\system32\rsaenh.dll
0x00007ff9c4120000 - 0x00007ff9c414b000 	C:\WINDOWS\SYSTEM32\bcrypt.dll
0x00007ff9c3ba0000 - 0x00007ff9c3bbf000 	C:\WINDOWS\SYSTEM32\USERENV.dll
0x00007ff9c4030000 - 0x00007ff9c403b000 	C:\WINDOWS\SYSTEM32\CRYPTBASE.dll
0x00007ff9c3b00000 - 0x00007ff9c3ba0000 	C:\WINDOWS\SYSTEM32\DNSAPI.dll
0x00007ff9c5820000 - 0x00007ff9c5828000 	C:\WINDOWS\System32\NSI.dll
0x00007ff9c3ab0000 - 0x00007ff9c3ae8000 	C:\WINDOWS\SYSTEM32\IPHLPAPI.DLL
0x000000005ae20000 - 0x000000005ae46000 	C:\Program Files\Bonjour\mdnsNSP.dll
0x00007ff9b55f0000 - 0x00007ff9b55fa000 	C:\Windows\System32\rasadhlp.dll
0x00007ff9ba160000 - 0x00007ff9ba1ca000 	C:\WINDOWS\System32\fwpuclnt.dll
0x00007ff9ba280000 - 0x00007ff9ba296000 	C:\WINDOWS\SYSTEM32\dhcpcsvc6.DLL
0x00007ff9ba260000 - 0x00007ff9ba27a000 	C:\WINDOWS\SYSTEM32\dhcpcsvc.DLL
0x00007ff9aa520000 - 0x00007ff9aa536000 	C:\WINDOWS\system32\napinsp.dll
0x00007ff9aa500000 - 0x00007ff9aa51a000 	C:\WINDOWS\system32\pnrpnsp.dll
0x00007ff9bdec0000 - 0x00007ff9bded8000 	C:\WINDOWS\system32\NLAapi.dll
0x00007ff9acc60000 - 0x00007ff9acc6e000 	C:\WINDOWS\System32\winrnr.dll
0x00007ff9b91b0000 - 0x00007ff9b91c5000 	C:\WINDOWS\System32\wshbth.dll
0x00007ff9b5240000 - 0x00007ff9b53d2000 	C:\WINDOWS\SYSTEM32\dbghelp.dll

VM Arguments:
jvm_args: -agentlib:jdwp=transport=dt_socket,address=127.0.0.1:51028,suspend=y,server=n -Dfile.encoding=UTF-8 
java_command: RentCalculator
java_class_path (initial): C:\Program Files\Java\jdk1.8.0_91\jre\lib\charsets.jar;C:\Program Files\Java\jdk1.8.0_91\jre\lib\deploy.jar;C:\Program Files\Java\jdk1.8.0_91\jre\lib\ext\access-bridge-64.jar;C:\Program Files\Java\jdk1.8.0_91\jre\lib\ext\cldrdata.jar;C:\Program Files\Java\jdk1.8.0_91\jre\lib\ext\dnsns.jar;C:\Program Files\Java\jdk1.8.0_91\jre\lib\ext\jaccess.jar;C:\Program Files\Java\jdk1.8.0_91\jre\lib\ext\jfxrt.jar;C:\Program Files\Java\jdk1.8.0_91\jre\lib\ext\localedata.jar;C:\Program Files\Java\jdk1.8.0_91\jre\lib\ext\nashorn.jar;C:\Program Files\Java\jdk1.8.0_91\jre\lib\ext\sunec.jar;C:\Program Files\Java\jdk1.8.0_91\jre\lib\ext\sunjce_provider.jar;C:\Program Files\Java\jdk1.8.0_91\jre\lib\ext\sunmscapi.jar;C:\Program Files\Java\jdk1.8.0_91\jre\lib\ext\sunpkcs11.jar;C:\Program Files\Java\jdk1.8.0_91\jre\lib\ext\zipfs.jar;C:\Program Files\Java\jdk1.8.0_91\jre\lib\javaws.jar;C:\Program Files\Java\jdk1.8.0_91\jre\lib\jce.jar;C:\Program Files\Java\jdk1.8.0_91\jre\lib\jfr.jar;C:\Program Files\Java\jdk1.8.0_91\jre\lib\jfxswt.jar;C:\Program Files\Java\jdk1.8.0_91\jre\lib\jsse.jar;C:\Program Files\Java\jdk1.8.0_91\jre\lib\management-agent.jar;C:\Program Files\Java\jdk1.8.0_91\jre\lib\plugin.jar;C:\Program Files\Java\jdk1.8.0_91\jre\lib\resources.jar;C:\Program Files\Java\jdk1.8.0_91\jre\lib\rt.jar;C:\Users\Nicolas\IdeaProjects\RentCalculator\target\classes;C:\Users\Nicolas\.m2\repository\org\hibernate\hibernate-core\5.2.1.Final\hibernate-core-5.2.1.Final.jar;C:\Users\Nicolas\.m2\repository\org\jboss\logging\jboss-logging\3.3.0.Final\jboss-logging-3.3.0.Final.jar;C:\Users\Nicolas\.m2\repository\org\hibernate\javax\persistence\hibernate-jpa-2.1-api\1.0.0.Final\hibernate-jpa-2.1-api-1.0.0.Final.jar;C:\Users\Nicolas\.m2\repository\org\javassist\javassist\3.20.0-GA\javassist-3.20.0-GA.jar;C:\Users\Nicolas\.m2\repository\antlr\antlr\2.7.7\antlr-2.7.7.jar;C:\Users\Nicolas\.m2\repository\org\apache\geronimo\specs\geronimo-jta_1.1_spec\1.1.1\geronimo-jta_1.1_spec-1.
Launcher Type: SUN_STANDARD

Environment Variables:
PATH=C:\ProgramData\Oracle\Java\javapath;C:\Program Files (x86)\Intel\iCLS Client\;C:\Program Files\Intel\iCLS Client\;C:\Windows\system32;C:\Windows;C:\Windows\System32\Wbem;C:\Windows\System32\WindowsPowerShell\v1.0\;C:\Program Files (x86)\Intel\Intel(R) Management Engine Components\DAL;C:\Program Files\Intel\Intel(R) Management Engine Components\DAL;C:\Program Files (x86)\Intel\Intel(R) Management Engine Components\IPT;C:\Program Files\Intel\Intel(R) Management Engine Components\IPT;C:\Program Files (x86)\NVIDIA Corporation\PhysX\Common;C:\Program Files\Intel\WiFi\bin\;C:\Program Files\Common Files\Intel\WirelessCommon\;C:\Program Files (x86)\Skype\Phone\;C:\WINDOWS\system32;C:\WINDOWS;C:\WINDOWS\System32\Wbem;C:\WINDOWS\System32\WindowsPowerShell\v1.0\;C:\Program Files (x86)\ImageConverter Plus;C:\Program Files (x86)\NVIDIA Corporation\DDS Utilities;C:\Users\Nicolas\AppData\Local\Microsoft\WindowsApps;C:\Program Files (x86)\ImageConverter Plus;
USERNAME=Nicolas
OS=Windows_NT
PROCESSOR_IDENTIFIER=Intel64 Family 6 Model 94 Stepping 3, GenuineIntel



---------------  S Y S T E M  ---------------

OS: Windows 10.0 , 64 bit Build 14393 (10.0.14393.0)

CPU:total 8 (4 cores per cpu, 2 threads per core) family 6 model 94 stepping 3, cmov, cx8, fxsr, mmx, sse, sse2, sse3, ssse3, sse4.1, sse4.2, popcnt, avx, avx2, aes, clmul, erms, rtm, 3dnowpref, lzcnt, ht, tsc, tscinvbit, bmi1, bmi2, adx

Memory: 4k page, physical 16609304k(10285360k free), swap 19099672k(10977576k free)

vm_info: Java HotSpot(TM) 64-Bit Server VM (25.91-b14) for windows-amd64 JRE (1.8.0_91-b14), built on Apr  1 2016 00:58:32 by "java_re" with MS VC++ 10.0 (VS2010)

time: Mon Jan 02 13:58:46 2017
elapsed time: 1539 seconds (0d 0h 25m 39s)

