#
# A fatal error has been detected by the Java Runtime Environment:
#
#  EXCEPTION_ACCESS_VIOLATION (0xc0000005) at pc=0x0000000051cf8f45, pid=9908, tid=8692
#
# JRE version: Java(TM) SE Runtime Environment (8.0_91-b14) (build 1.8.0_91-b14)
# Java VM: Java HotSpot(TM) 64-Bit Server VM (25.91-b14 mixed mode windows-amd64 compressed oops)
# Problematic frame:
# V  [jvm.dll+0x128f45]
#
# Failed to write core dump. Minidumps are not enabled by default on client versions of Windows
#
# If you would like to submit a bug report, please visit:
#   http://bugreport.java.com/bugreport/crash.jsp
#

---------------  T H R E A D  ---------------

Current thread (0x000000001e21c000):  JavaThread "JDWP Transport Listener: dt_socket" daemon [_thread_in_vm, id=8692, stack(0x000000001e9d0000,0x000000001ead0000)]

siginfo: ExceptionCode=0xc0000005, reading address 0x000000000000003b

Registers:
RAX=0x000000001eacf701, RBX=0x000000001e21c000, RCX=0x000000000000003b, RDX=0x0000000000000000
RSP=0x000000001eacf700, RBP=0x000000000000003b, RSI=0x000000001eacf818, RDI=0x000000000286c6d0
R8 =0x000000001e21c000, R9 =0x0000000000008000, R10=0x0000000000000000, R11=0x000000001f7bf631
R12=0x0000000000000000, R13=0x000000001c31e3d8, R14=0x0000000000000000, R15=0x0000000000000000
RIP=0x0000000051cf8f45, EFLAGS=0x0000000000010202

Top of Stack: (sp=0x000000001eacf700)
0x000000001eacf700:   000000001e21c000 000000001e21c000
0x000000001eacf710:   000000001eacf7c8 0000000051eff32b
0x000000001eacf720:   000000001e21c000 0000000051f1bb8d
0x000000001eacf730:   0000000000000000 0000000051b79155
0x000000001eacf740:   00000000202affb0 0000000051b8291e
0x000000001eacf750:   000000001e21c000 0000000000000000
0x000000001eacf760:   0000000000000000 0000000000000000
0x000000001eacf770:   000000000000003b 0000000051b81a15
0x000000001eacf780:   000000001eacf818 000000001eacf7f0
0x000000001eacf790:   0000000000000001 00000000202affb0
0x000000001eacf7a0:   000000000000003b 0000000051b653b3
0x000000001eacf7b0:   000000001eacf8e0 0000000000000001
0x000000001eacf7c0:   0000000000000001 00000000202affb0
0x000000001eacf7d0:   0000000000000008 0000000000000000
0x000000001eacf7e0:   0000000000000000 0000000000000000
0x000000001eacf7f0:   0000000000000001 0000000051b65571 

Instructions: (pc=0x0000000051cf8f45)
0x0000000051cf8f25:   cc cc cc cc cc cc cc cc cc cc cc 48 83 ec 28 48
0x0000000051cf8f35:   85 c9 75 07 33 c0 48 83 c4 28 c3 48 89 5c 24 20
0x0000000051cf8f45:   48 8b 19 48 85 db 74 20 48 83 fb 37 74 1a 48 8b
0x0000000051cf8f55:   13 48 8b cb ff 52 10 84 c0 74 0d 48 8b c3 48 8b 


Register to memory mapping:

RAX=0x000000001eacf701 is pointing into the stack for thread: 0x000000001e21c000
RBX=0x000000001e21c000 is a thread
RCX=0x000000000000003b is an unknown value
RDX=0x0000000000000000 is an unknown value
RSP=0x000000001eacf700 is pointing into the stack for thread: 0x000000001e21c000
RBP=0x000000000000003b is an unknown value
RSI=0x000000001eacf818 is pointing into the stack for thread: 0x000000001e21c000
RDI=0x000000000286c6d0 is an unknown value
R8 =0x000000001e21c000 is a thread
R9 =0x0000000000008000 is an unknown value
R10=0x0000000000000000 is an unknown value
R11=0x000000001f7bf631 is an unknown value
R12=0x0000000000000000 is an unknown value
R13=0x000000001c31e3d8 is an unknown value
R14=0x0000000000000000 is an unknown value
R15=0x0000000000000000 is an unknown value


Stack: [0x000000001e9d0000,0x000000001ead0000],  sp=0x000000001eacf700,  free space=1021k
Native frames: (J=compiled Java code, j=interpreted, Vv=VM code, C=native code)
V  [jvm.dll+0x128f45]
V  [jvm.dll+0x34bb8d]
C  [jdwp.dll+0x21a15]
C  [jdwp.dll+0x53b3]
C  [jdwp.dll+0x5571]
C  [jdwp.dll+0xf0a8]
C  [jdwp.dll+0x1f2d5]
C  [jdwp.dll+0x1f4aa]
V  [jvm.dll+0x1bbf38]
V  [jvm.dll+0x243ae4]
V  [jvm.dll+0x29a99a]
C  [msvcr100.dll+0x21d9f]
C  [msvcr100.dll+0x21e3b]
C  [KERNEL32.DLL+0x8364]
C  [ntdll.dll+0x670d1]


---------------  P R O C E S S  ---------------

Java Threads: ( => current thread )
  0x0000000020ac7000 JavaThread "MongoCleaner1815511168" daemon [_thread_blocked, id=11824, stack(0x0000000030dc0000,0x0000000030ec0000)]
  0x0000000020ac9800 JavaThread "MongoCleaner378332678" daemon [_thread_blocked, id=9660, stack(0x0000000030cc0000,0x0000000030dc0000)]
  0x0000000020aca000 JavaThread "MongoCleaner937130455" daemon [_thread_blocked, id=13112, stack(0x0000000030bc0000,0x0000000030cc0000)]
  0x0000000020ac8800 JavaThread "MongoCleaner1986699828" daemon [_thread_blocked, id=2644, stack(0x0000000030ac0000,0x0000000030bc0000)]
  0x0000000020ac6000 JavaThread "MongoCleaner1795507297" daemon [_thread_blocked, id=464, stack(0x00000000309c0000,0x0000000030ac0000)]
  0x0000000020ac4800 JavaThread "MongoCleaner59597720" daemon [_thread_blocked, id=12172, stack(0x00000000308c0000,0x00000000309c0000)]
  0x0000000020ac3000 JavaThread "MongoCleaner1175339677" daemon [_thread_blocked, id=12716, stack(0x00000000307c0000,0x00000000308c0000)]
  0x0000000020ac5800 JavaThread "MongoCleaner1990729575" daemon [_thread_blocked, id=12624, stack(0x00000000306c0000,0x00000000307c0000)]
  0x0000000020ac7800 JavaThread "MongoCleaner595378175" daemon [_thread_blocked, id=12876, stack(0x00000000305c0000,0x00000000306c0000)]
  0x000000001f571000 JavaThread "MongoCleaner177443325" daemon [_thread_blocked, id=13132, stack(0x00000000304c0000,0x00000000305c0000)]
  0x000000001f570000 JavaThread "MongoCleaner739165494" daemon [_thread_blocked, id=2320, stack(0x00000000303c0000,0x00000000304c0000)]
  0x000000001f571800 JavaThread "MongoCleaner826532957" daemon [_thread_blocked, id=13144, stack(0x00000000302c0000,0x00000000303c0000)]
  0x000000001f56f800 JavaThread "MongoCleaner178662900" daemon [_thread_blocked, id=10444, stack(0x00000000301c0000,0x00000000302c0000)]
  0x000000001f568000 JavaThread "MongoCleaner835510916" daemon [_thread_blocked, id=9536, stack(0x00000000300c0000,0x00000000301c0000)]
  0x000000001f56e800 JavaThread "MongoCleaner17677289" daemon [_thread_blocked, id=12856, stack(0x000000002ffc0000,0x00000000300c0000)]
  0x000000001f56e000 JavaThread "MongoCleaner278892337" daemon [_thread_blocked, id=8912, stack(0x000000002fec0000,0x000000002ffc0000)]
  0x000000001f56d000 JavaThread "MongoCleaner2103026450" daemon [_thread_blocked, id=8652, stack(0x000000002fdc0000,0x000000002fec0000)]
  0x000000001f569800 JavaThread "MongoCleaner911954818" daemon [_thread_blocked, id=9456, stack(0x000000002fcc0000,0x000000002fdc0000)]
  0x000000001f56b800 JavaThread "MongoCleaner39808872" daemon [_thread_blocked, id=11720, stack(0x000000002fbc0000,0x000000002fcc0000)]
  0x000000001f56c800 JavaThread "MongoCleaner184238079" daemon [_thread_blocked, id=12544, stack(0x000000002fac0000,0x000000002fbc0000)]
  0x000000001f56a000 JavaThread "MongoCleaner1895946512" daemon [_thread_blocked, id=12408, stack(0x000000002f9c0000,0x000000002fac0000)]
  0x000000001f568800 JavaThread "MongoCleaner1721390026" daemon [_thread_blocked, id=10824, stack(0x000000002f8c0000,0x000000002f9c0000)]
  0x000000001f564000 JavaThread "MongoCleaner336548771" daemon [_thread_blocked, id=11896, stack(0x000000002f7c0000,0x000000002f8c0000)]
  0x000000001f56b000 JavaThread "MongoCleaner1518764886" daemon [_thread_blocked, id=6372, stack(0x000000002f6c0000,0x000000002f7c0000)]
  0x000000001f562800 JavaThread "MongoCleaner906477959" daemon [_thread_blocked, id=6060, stack(0x000000002f5c0000,0x000000002f6c0000)]
  0x000000001f566800 JavaThread "MongoCleaner220728405" daemon [_thread_blocked, id=12100, stack(0x000000002f4c0000,0x000000002f5c0000)]
  0x000000001f567000 JavaThread "MongoCleaner408948804" daemon [_thread_blocked, id=11492, stack(0x000000002f3c0000,0x000000002f4c0000)]
  0x000000001f565800 JavaThread "MongoCleaner1495616701" daemon [_thread_blocked, id=9856, stack(0x000000002f2c0000,0x000000002f3c0000)]
  0x000000001f563800 JavaThread "MongoCleaner1731520895" daemon [_thread_blocked, id=11000, stack(0x000000002f1c0000,0x000000002f2c0000)]
  0x000000001f565000 JavaThread "MongoCleaner366073710" daemon [_thread_blocked, id=3936, stack(0x000000002f0c0000,0x000000002f1c0000)]
  0x000000001f6b5000 JavaThread "MongoCleaner1986452684" daemon [_thread_blocked, id=256, stack(0x000000002efc0000,0x000000002f0c0000)]
  0x000000001f4b3000 JavaThread "MongoCleaner353549803" daemon [_thread_blocked, id=10912, stack(0x000000002eec0000,0x000000002efc0000)]
  0x000000001f4b2800 JavaThread "MongoCleaner1996751522" daemon [_thread_blocked, id=13300, stack(0x000000002edc0000,0x000000002eec0000)]
  0x000000001f4b1800 JavaThread "MongoCleaner99902702" daemon [_thread_blocked, id=1104, stack(0x000000002ecc0000,0x000000002edc0000)]
  0x000000001f4b7000 JavaThread "MongoCleaner388850015" daemon [_thread_blocked, id=252, stack(0x000000002ebc0000,0x000000002ecc0000)]
  0x000000001f4b1000 JavaThread "MongoCleaner1443916644" daemon [_thread_blocked, id=10532, stack(0x000000002eac0000,0x000000002ebc0000)]
  0x000000001f4b6000 JavaThread "qtp1519361200-211" [_thread_blocked, id=13192, stack(0x000000002e9c0000,0x000000002eac0000)]
  0x000000001f4b5800 JavaThread "MongoCleaner535288512" daemon [_thread_blocked, id=5684, stack(0x000000002e8c0000,0x000000002e9c0000)]
  0x000000001f4b7800 JavaThread "MongoCleaner367890961" daemon [_thread_blocked, id=2656, stack(0x000000002e7c0000,0x000000002e8c0000)]
  0x000000001f4b4800 JavaThread "MongoCleaner940853384" daemon [_thread_blocked, id=8060, stack(0x000000002e6c0000,0x000000002e7c0000)]
  0x000000001f4b4000 JavaThread "MongoCleaner1408881499" daemon [_thread_blocked, id=12380, stack(0x000000002e5c0000,0x000000002e6c0000)]
  0x000000001f4a9800 JavaThread "MongoCleaner64660119" daemon [_thread_blocked, id=7912, stack(0x000000002e4c0000,0x000000002e5c0000)]
  0x000000001f4b0000 JavaThread "MongoCleaner1649271446" daemon [_thread_blocked, id=5112, stack(0x000000002e3c0000,0x000000002e4c0000)]
  0x000000001f4ae800 JavaThread "MongoCleaner476038547" daemon [_thread_blocked, id=12636, stack(0x000000002e2c0000,0x000000002e3c0000)]
  0x000000001f4ae000 JavaThread "MongoCleaner356574552" daemon [_thread_blocked, id=592, stack(0x000000002e1c0000,0x000000002e2c0000)]
  0x000000001f4a8800 JavaThread "MongoCleaner1816212616" daemon [_thread_blocked, id=10460, stack(0x000000002e0c0000,0x000000002e1c0000)]
  0x000000001f4ad000 JavaThread "MongoCleaner514997353" daemon [_thread_blocked, id=12616, stack(0x000000002dfc0000,0x000000002e0c0000)]
  0x000000001f4af800 JavaThread "MongoCleaner1666213797" daemon [_thread_blocked, id=13164, stack(0x000000002dec0000,0x000000002dfc0000)]
  0x000000001f4ac800 JavaThread "MongoCleaner2054240378" daemon [_thread_blocked, id=13100, stack(0x000000002ddc0000,0x000000002dec0000)]
  0x000000001f4ab800 JavaThread "MongoCleaner1763660318" daemon [_thread_blocked, id=11480, stack(0x000000002dcc0000,0x000000002ddc0000)]
  0x000000001f4ab000 JavaThread "MongoCleaner300690848" daemon [_thread_blocked, id=10864, stack(0x000000002dbc0000,0x000000002dcc0000)]
  0x000000001f4aa000 JavaThread "MongoCleaner1514365221" daemon [_thread_blocked, id=4808, stack(0x000000002dac0000,0x000000002dbc0000)]
  0x000000001f48f800 JavaThread "MongoCleaner253948774" daemon [_thread_blocked, id=9928, stack(0x000000002d9c0000,0x000000002dac0000)]
  0x000000001f48e000 JavaThread "MongoCleaner369999044" daemon [_thread_blocked, id=2184, stack(0x000000002d8c0000,0x000000002d9c0000)]
  0x000000001f48a800 JavaThread "MongoCleaner1164398041" daemon [_thread_blocked, id=13088, stack(0x000000002d7c0000,0x000000002d8c0000)]
  0x000000001f48f000 JavaThread "MongoCleaner984659038" daemon [_thread_blocked, id=4932, stack(0x000000002d6c0000,0x000000002d7c0000)]
  0x000000001f48c800 JavaThread "MongoCleaner778597216" daemon [_thread_blocked, id=13096, stack(0x000000002d5c0000,0x000000002d6c0000)]
  0x000000001f48d800 JavaThread "MongoCleaner1880570293" daemon [_thread_blocked, id=13296, stack(0x000000002d4c0000,0x000000002d5c0000)]
  0x000000001f48c000 JavaThread "MongoCleaner1328718725" daemon [_thread_blocked, id=9508, stack(0x000000002d3c0000,0x000000002d4c0000)]
  0x000000001f48b000 JavaThread "MongoCleaner1849163217" daemon [_thread_blocked, id=1108, stack(0x000000002d2c0000,0x000000002d3c0000)]
  0x000000001f482800 JavaThread "MongoCleaner1805267861" daemon [_thread_blocked, id=6264, stack(0x000000002d1c0000,0x000000002d2c0000)]
  0x000000001f489800 JavaThread "MongoCleaner276051590" daemon [_thread_blocked, id=11616, stack(0x000000002d0c0000,0x000000002d1c0000)]
  0x000000001f482000 JavaThread "MongoCleaner614105092" daemon [_thread_blocked, id=10784, stack(0x000000002cfc0000,0x000000002d0c0000)]
  0x000000001f489000 JavaThread "MongoCleaner259809179" daemon [_thread_blocked, id=11300, stack(0x000000002cec0000,0x000000002cfc0000)]
  0x000000001f488000 JavaThread "MongoCleaner1719479703" daemon [_thread_blocked, id=1772, stack(0x000000002cdc0000,0x000000002cec0000)]
  0x000000001f480800 JavaThread "MongoCleaner96628240" daemon [_thread_blocked, id=2728, stack(0x000000002ccc0000,0x000000002cdc0000)]
  0x000000001f483800 JavaThread "MongoCleaner1955742127" daemon [_thread_blocked, id=5492, stack(0x000000002cbc0000,0x000000002ccc0000)]
  0x000000001f486000 JavaThread "MongoCleaner1442880167" daemon [_thread_blocked, id=4488, stack(0x000000002cac0000,0x000000002cbc0000)]
  0x000000001f485000 JavaThread "MongoCleaner819947056" daemon [_thread_blocked, id=9752, stack(0x000000002c9c0000,0x000000002cac0000)]
  0x000000001f481000 JavaThread "MongoCleaner1957320602" daemon [_thread_blocked, id=12892, stack(0x000000002c8c0000,0x000000002c9c0000)]
  0x000000001f487800 JavaThread "MongoCleaner1735574438" daemon [_thread_blocked, id=4192, stack(0x000000002c7c0000,0x000000002c8c0000)]
  0x000000001f484800 JavaThread "MongoCleaner493586730" daemon [_thread_blocked, id=4180, stack(0x000000002c6c0000,0x000000002c7c0000)]
  0x000000001f486800 JavaThread "MongoCleaner766536147" daemon [_thread_blocked, id=12012, stack(0x000000002c5c0000,0x000000002c6c0000)]
  0x00000000204ac000 JavaThread "MongoCleaner772868669" daemon [_thread_blocked, id=7928, stack(0x000000002c4c0000,0x000000002c5c0000)]
  0x00000000204ac800 JavaThread "MongoCleaner1741498280" daemon [_thread_blocked, id=10692, stack(0x000000002c3c0000,0x000000002c4c0000)]
  0x00000000204ad800 JavaThread "MongoCleaner2046759690" daemon [_thread_blocked, id=4300, stack(0x000000002c2c0000,0x000000002c3c0000)]
  0x00000000204aa800 JavaThread "MongoCleaner418484448" daemon [_thread_blocked, id=10176, stack(0x000000002c1c0000,0x000000002c2c0000)]
  0x00000000204a9800 JavaThread "MongoCleaner2051692496" daemon [_thread_blocked, id=4304, stack(0x000000002c0c0000,0x000000002c1c0000)]
  0x00000000204a9000 JavaThread "MongoCleaner1295639304" daemon [_thread_blocked, id=10724, stack(0x000000002bfc0000,0x000000002c0c0000)]
  0x00000000204ae000 JavaThread "MongoCleaner460920209" daemon [_thread_blocked, id=13160, stack(0x000000002bec0000,0x000000002bfc0000)]
  0x00000000204af000 JavaThread "MongoCleaner625244622" daemon [_thread_blocked, id=11552, stack(0x000000002bdc0000,0x000000002bec0000)]
  0x00000000204a8000 JavaThread "MongoCleaner178689846" daemon [_thread_blocked, id=10980, stack(0x000000002bcc0000,0x000000002bdc0000)]
  0x00000000204ab000 JavaThread "MongoCleaner1174906661" daemon [_thread_blocked, id=12252, stack(0x000000002bbc0000,0x000000002bcc0000)]
  0x00000000204a0800 JavaThread "MongoCleaner1318385896" daemon [_thread_blocked, id=5284, stack(0x000000002bac0000,0x000000002bbc0000)]
  0x00000000204a7800 JavaThread "MongoCleaner1898498966" daemon [_thread_blocked, id=12920, stack(0x000000002b9c0000,0x000000002bac0000)]
  0x00000000204a5000 JavaThread "MongoCleaner1123536298" daemon [_thread_blocked, id=5076, stack(0x000000002b8c0000,0x000000002b9c0000)]
  0x00000000204a4800 JavaThread "MongoCleaner747698166" daemon [_thread_blocked, id=13092, stack(0x000000002b7c0000,0x000000002b8c0000)]
  0x00000000204a3800 JavaThread "MongoCleaner2077904421" daemon [_thread_blocked, id=5000, stack(0x000000002b6c0000,0x000000002b7c0000)]
  0x00000000204a6800 JavaThread "MongoCleaner1177298229" daemon [_thread_blocked, id=13116, stack(0x000000002b5c0000,0x000000002b6c0000)]
  0x00000000204a1800 JavaThread "MongoCleaner2086117474" daemon [_thread_blocked, id=12664, stack(0x000000002b4c0000,0x000000002b5c0000)]
  0x00000000204a0000 JavaThread "MongoCleaner678819591" daemon [_thread_blocked, id=8644, stack(0x000000002b3c0000,0x000000002b4c0000)]
  0x00000000204a6000 JavaThread "MongoCleaner727738192" daemon [_thread_blocked, id=9304, stack(0x000000002b2c0000,0x000000002b3c0000)]
  0x00000000204a2000 JavaThread "MongoCleaner701148634" daemon [_thread_blocked, id=11984, stack(0x000000002b1c0000,0x000000002b2c0000)]
  0x00000000204a3000 JavaThread "MongoCleaner1378940073" daemon [_thread_blocked, id=13152, stack(0x000000002b0c0000,0x000000002b1c0000)]
  0x000000001f6b4000 JavaThread "MongoCleaner1490080423" daemon [_thread_blocked, id=6988, stack(0x000000002afc0000,0x000000002b0c0000)]
  0x000000001f6b2000 JavaThread "MongoCleaner136923236" daemon [_thread_blocked, id=9312, stack(0x000000002aec0000,0x000000002afc0000)]
  0x000000001f6b3800 JavaThread "MongoCleaner450716092" daemon [_thread_blocked, id=6056, stack(0x000000002adc0000,0x000000002aec0000)]
  0x000000001f6af800 JavaThread "MongoCleaner606324020" daemon [_thread_blocked, id=12884, stack(0x000000002acc0000,0x000000002adc0000)]
  0x000000001f6af000 JavaThread "MongoCleaner1963072844" daemon [_thread_blocked, id=4700, stack(0x000000002abc0000,0x000000002acc0000)]
  0x000000001f6b1000 JavaThread "MongoCleaner1141652091" daemon [_thread_blocked, id=11676, stack(0x000000002aac0000,0x000000002abc0000)]
  0x000000001f6b0800 JavaThread "qtp1519361200-146" [_thread_in_native, id=10660, stack(0x000000002a8c0000,0x000000002a9c0000)]
  0x000000001f6b2800 JavaThread "qtp1519361200-145" [_thread_blocked, id=1624, stack(0x000000002a7c0000,0x000000002a8c0000)]
  0x000000001f6a7800 JavaThread "MongoCleaner1865298938" daemon [_thread_blocked, id=13240, stack(0x000000002a5c0000,0x000000002a6c0000)]
  0x000000001f6ae000 JavaThread "MongoCleaner1308999527" daemon [_thread_blocked, id=13024, stack(0x000000002a4c0000,0x000000002a5c0000)]
  0x000000001f6ad800 JavaThread "MongoCleaner1137871809" daemon [_thread_blocked, id=4684, stack(0x000000002a3c0000,0x000000002a4c0000)]
  0x000000001f6ac000 JavaThread "MongoCleaner591980220" daemon [_thread_blocked, id=12456, stack(0x000000002a2c0000,0x000000002a3c0000)]
  0x000000001f6aa800 JavaThread "MongoCleaner1297175371" daemon [_thread_blocked, id=6012, stack(0x000000002a1c0000,0x000000002a2c0000)]
  0x000000001f6a9800 JavaThread "MongoCleaner1490793470" daemon [_thread_blocked, id=3168, stack(0x000000002a0c0000,0x000000002a1c0000)]
  0x000000001f6a9000 JavaThread "MongoCleaner911747515" daemon [_thread_blocked, id=8888, stack(0x0000000029fc0000,0x000000002a0c0000)]
  0x000000001f6a6800 JavaThread "MongoCleaner501425492" daemon [_thread_blocked, id=13200, stack(0x0000000029ec0000,0x0000000029fc0000)]
  0x000000001f6a8000 JavaThread "MongoCleaner481464127" daemon [_thread_blocked, id=10324, stack(0x0000000029dc0000,0x0000000029ec0000)]
  0x000000001f6ab000 JavaThread "MongoCleaner663221281" daemon [_thread_blocked, id=11332, stack(0x0000000029cc0000,0x0000000029dc0000)]
  0x000000001f6a5800 JavaThread "MongoCleaner765763379" daemon [_thread_blocked, id=4960, stack(0x0000000029bc0000,0x0000000029cc0000)]
  0x000000001f6ac800 JavaThread "MongoCleaner1475595368" daemon [_thread_blocked, id=11268, stack(0x0000000029ac0000,0x0000000029bc0000)]
  0x000000001f6c7000 JavaThread "MongoCleaner1411025334" daemon [_thread_blocked, id=10020, stack(0x00000000299c0000,0x0000000029ac0000)]
  0x00000000203a5800 JavaThread "MongoCleaner1934840030" daemon [_thread_blocked, id=12472, stack(0x00000000298c0000,0x00000000299c0000)]
  0x00000000203a4000 JavaThread "MongoCleaner2083712882" daemon [_thread_blocked, id=12332, stack(0x00000000297c0000,0x00000000298c0000)]
  0x000000001e4de800 JavaThread "MongoCleaner918140852" daemon [_thread_blocked, id=4308, stack(0x00000000296c0000,0x00000000297c0000)]
  0x000000001e4e1000 JavaThread "MongoCleaner1102356751" daemon [_thread_blocked, id=7612, stack(0x00000000295c0000,0x00000000296c0000)]
  0x000000001e4e0000 JavaThread "MongoCleaner1491054056" daemon [_thread_blocked, id=8064, stack(0x00000000294c0000,0x00000000295c0000)]
  0x000000001e4de000 JavaThread "MongoCleaner987695005" daemon [_thread_blocked, id=5804, stack(0x00000000293c0000,0x00000000294c0000)]
  0x000000001e4dd000 JavaThread "MongoCleaner1676444840" daemon [_thread_blocked, id=10672, stack(0x00000000292c0000,0x00000000293c0000)]
  0x000000001e4df800 JavaThread "MongoCleaner1621236202" daemon [_thread_blocked, id=12312, stack(0x00000000291c0000,0x00000000292c0000)]
  0x000000001e4db000 JavaThread "MongoCleaner1505880639" daemon [_thread_blocked, id=12384, stack(0x00000000290c0000,0x00000000291c0000)]
  0x000000001e4db800 JavaThread "MongoCleaner1286578787" daemon [_thread_blocked, id=12752, stack(0x0000000028fc0000,0x00000000290c0000)]
  0x000000001e4dc800 JavaThread "MongoCleaner115883764" daemon [_thread_blocked, id=12320, stack(0x0000000028ec0000,0x0000000028fc0000)]
  0x000000001e4e1800 JavaThread "MongoCleaner394031652" daemon [_thread_blocked, id=5960, stack(0x0000000028dc0000,0x0000000028ec0000)]
  0x000000001e4d6000 JavaThread "MongoCleaner1454268295" daemon [_thread_blocked, id=11304, stack(0x0000000028cc0000,0x0000000028dc0000)]
  0x000000001e4d3000 JavaThread "MongoCleaner411112783" daemon [_thread_blocked, id=7632, stack(0x0000000028bc0000,0x0000000028cc0000)]
  0x000000001e4d5800 JavaThread "MongoCleaner15392953" daemon [_thread_blocked, id=11584, stack(0x0000000028ac0000,0x0000000028bc0000)]
  0x000000001e4d4000 JavaThread "MongoCleaner1667612231" daemon [_thread_blocked, id=7904, stack(0x00000000289c0000,0x0000000028ac0000)]
  0x000000001e4da000 JavaThread "MongoCleaner285847285" daemon [_thread_blocked, id=12620, stack(0x00000000288c0000,0x00000000289c0000)]
  0x000000001e4d9000 JavaThread "MongoCleaner965914381" daemon [_thread_blocked, id=7116, stack(0x00000000287c0000,0x00000000288c0000)]
  0x000000001e4d2800 JavaThread "MongoCleaner1218506003" daemon [_thread_blocked, id=2692, stack(0x00000000285c0000,0x00000000286c0000)]
  0x000000001e4d4800 JavaThread "MongoCleaner2088076053" daemon [_thread_blocked, id=12596, stack(0x00000000284c0000,0x00000000285c0000)]
  0x000000001e4d7000 JavaThread "MongoCleaner562524089" daemon [_thread_blocked, id=5812, stack(0x00000000283c0000,0x00000000284c0000)]
  0x000000001e4d8800 JavaThread "MongoCleaner1871191349" daemon [_thread_blocked, id=12688, stack(0x00000000282c0000,0x00000000283c0000)]
  0x000000001e4d7800 JavaThread "MongoCleaner2072650350" daemon [_thread_blocked, id=3548, stack(0x00000000281c0000,0x00000000282c0000)]
  0x000000001f93d800 JavaThread "MongoCleaner2074223054" daemon [_thread_blocked, id=11248, stack(0x00000000280c0000,0x00000000281c0000)]
  0x000000001f936000 JavaThread "MongoCleaner1917820709" daemon [_thread_blocked, id=12508, stack(0x0000000027fc0000,0x00000000280c0000)]
  0x000000001f6ca000 JavaThread "MongoCleaner314040210" daemon [_thread_blocked, id=12864, stack(0x0000000027ec0000,0x0000000027fc0000)]
  0x000000001f6c8800 JavaThread "MongoCleaner1995717437" daemon [_thread_blocked, id=12640, stack(0x0000000027dc0000,0x0000000027ec0000)]
  0x000000001f6cc800 JavaThread "MongoCleaner163872583" daemon [_thread_blocked, id=10832, stack(0x0000000027cc0000,0x0000000027dc0000)]
  0x000000001f8d2800 JavaThread "MongoCleaner1370371270" daemon [_thread_blocked, id=8096, stack(0x0000000027bc0000,0x0000000027cc0000)]
  0x000000001f8d1800 JavaThread "MongoCleaner1632834916" daemon [_thread_blocked, id=12360, stack(0x0000000027ac0000,0x0000000027bc0000)]
  0x000000001f8d4000 JavaThread "MongoCleaner1527305697" daemon [_thread_blocked, id=1064, stack(0x00000000279c0000,0x0000000027ac0000)]
  0x00000000203a7000 JavaThread "MongoCleaner1112121371" daemon [_thread_blocked, id=7272, stack(0x00000000278c0000,0x00000000279c0000)]
  0x00000000203a6800 JavaThread "qtp1519361200-97" [_thread_in_native, id=11672, stack(0x00000000276c0000,0x00000000277c0000)]
  0x00000000203a2000 JavaThread "MongoCleaner1958797907" daemon [_thread_blocked, id=10496, stack(0x00000000273c0000,0x00000000274c0000)]
  0x00000000203a1000 JavaThread "MongoCleaner1162807050" daemon [_thread_blocked, id=8548, stack(0x00000000271c0000,0x00000000272c0000)]
  0x00000000203a3800 JavaThread "qtp1519361200-92" [_thread_blocked, id=5892, stack(0x00000000270c0000,0x00000000271c0000)]
  0x00000000203a5000 JavaThread "qtp1519361200-91" [_thread_in_native, id=13216, stack(0x0000000026fc0000,0x00000000270c0000)]
  0x00000000203a2800 JavaThread "MongoCleaner1056000408" daemon [_thread_blocked, id=5884, stack(0x0000000026cc0000,0x0000000026dc0000)]
  0x0000000020399800 JavaThread "MongoCleaner1541067759" daemon [_thread_blocked, id=6212, stack(0x0000000026bc0000,0x0000000026cc0000)]
  0x000000002039d000 JavaThread "MongoCleaner1872217235" daemon [_thread_blocked, id=9048, stack(0x0000000026ac0000,0x0000000026bc0000)]
  0x000000002039c800 JavaThread "MongoCleaner1941470634" daemon [_thread_blocked, id=8928, stack(0x00000000269c0000,0x0000000026ac0000)]
  0x00000000203a0800 JavaThread "MongoCleaner1295658794" daemon [_thread_blocked, id=12724, stack(0x00000000268c0000,0x00000000269c0000)]
  0x000000002039b000 JavaThread "MongoCleaner1917918285" daemon [_thread_blocked, id=108, stack(0x00000000267c0000,0x00000000268c0000)]
  0x000000002039a000 JavaThread "MongoCleaner802430761" daemon [_thread_blocked, id=12720, stack(0x00000000266c0000,0x00000000267c0000)]
  0x0000000020398800 JavaThread "MongoCleaner1573383641" daemon [_thread_blocked, id=12828, stack(0x00000000265c0000,0x00000000266c0000)]
  0x000000002039f800 JavaThread "MongoCleaner1910883522" daemon [_thread_blocked, id=12768, stack(0x00000000264c0000,0x00000000265c0000)]
  0x000000002039b800 JavaThread "MongoCleaner1298682813" daemon [_thread_blocked, id=12732, stack(0x00000000263c0000,0x00000000264c0000)]
  0x0000000020398000 JavaThread "MongoCleaner1467188732" daemon [_thread_blocked, id=12792, stack(0x00000000262c0000,0x00000000263c0000)]
  0x000000002039f000 JavaThread "MongoCleaner1787640055" daemon [_thread_blocked, id=12988, stack(0x00000000261c0000,0x00000000262c0000)]
  0x000000002039e000 JavaThread "MongoCleaner1546026776" daemon [_thread_blocked, id=13032, stack(0x00000000260c0000,0x00000000261c0000)]
  0x000000001f8d3800 JavaThread "MongoCleaner1733367716" daemon [_thread_blocked, id=12976, stack(0x0000000025fc0000,0x00000000260c0000)]
  0x000000001f93f800 JavaThread "MongoCleaner1513948172" daemon [_thread_blocked, id=12916, stack(0x0000000025ec0000,0x0000000025fc0000)]
  0x000000001f941000 JavaThread "MongoCleaner335895894" daemon [_thread_blocked, id=12956, stack(0x0000000025dc0000,0x0000000025ec0000)]
  0x000000001f93f000 JavaThread "MongoCleaner1905061878" daemon [_thread_blocked, id=12968, stack(0x0000000025cc0000,0x0000000025dc0000)]
  0x000000001f93e000 JavaThread "MongoCleaner1556975506" daemon [_thread_blocked, id=12940, stack(0x0000000025bc0000,0x0000000025cc0000)]
  0x000000001f940800 JavaThread "MongoCleaner131872235" daemon [_thread_blocked, id=12928, stack(0x0000000025ac0000,0x0000000025bc0000)]
  0x000000001f936800 JavaThread "MongoCleaner91679172" daemon [_thread_blocked, id=12652, stack(0x00000000259c0000,0x0000000025ac0000)]
  0x000000001f93c800 JavaThread "qtp1519361200-67" [_thread_blocked, id=10768, stack(0x00000000257c0000,0x00000000258c0000)]
  0x000000001f935000 JavaThread "MongoCleaner15859543" daemon [_thread_blocked, id=12560, stack(0x00000000256c0000,0x00000000257c0000)]
  0x000000001f93c000 JavaThread "MongoCleaner91753438" daemon [_thread_blocked, id=10420, stack(0x00000000254c0000,0x00000000255c0000)]
  0x000000001f93b000 JavaThread "MongoCleaner751857349" daemon [_thread_blocked, id=7968, stack(0x00000000253c0000,0x00000000254c0000)]
  0x000000001f933800 JavaThread "MongoCleaner1522275906" daemon [_thread_blocked, id=3724, stack(0x00000000252c0000,0x00000000253c0000)]
  0x000000001f93a800 JavaThread "MongoCleaner500112990" daemon [_thread_blocked, id=5904, stack(0x00000000251c0000,0x00000000252c0000)]
  0x000000001f939800 JavaThread "MongoCleaner1990933159" daemon [_thread_blocked, id=8764, stack(0x00000000250c0000,0x00000000251c0000)]
  0x000000001f932000 JavaThread "MongoCleaner1411004467" daemon [_thread_blocked, id=3228, stack(0x0000000024fc0000,0x00000000250c0000)]
  0x000000001f933000 JavaThread "MongoCleaner1909175120" daemon [_thread_blocked, id=12080, stack(0x0000000024ec0000,0x0000000024fc0000)]
  0x000000001f938000 JavaThread "MongoCleaner492939741" daemon [_thread_blocked, id=12048, stack(0x0000000024dc0000,0x0000000024ec0000)]
  0x000000001f937800 JavaThread "MongoCleaner297997285" daemon [_thread_blocked, id=8400, stack(0x0000000024cc0000,0x0000000024dc0000)]
  0x000000001f939000 JavaThread "MongoCleaner456818973" daemon [_thread_blocked, id=6148, stack(0x0000000024bc0000,0x0000000024cc0000)]
  0x000000001f934800 JavaThread "MongoCleaner579343743" daemon [_thread_blocked, id=3768, stack(0x0000000024ac0000,0x0000000024bc0000)]
  0x000000001f6cb800 JavaThread "MongoCleaner101563732" daemon [_thread_blocked, id=10628, stack(0x00000000249c0000,0x0000000024ac0000)]
  0x000000001f6c9800 JavaThread "MongoCleaner1892347940" daemon [_thread_blocked, id=9872, stack(0x00000000248c0000,0x00000000249c0000)]
  0x000000001f8da000 JavaThread "MongoCleaner1925625475" daemon [_thread_blocked, id=11456, stack(0x00000000247c0000,0x00000000248c0000)]
  0x000000001f8d9800 JavaThread "MongoCleaner1268963709" daemon [_thread_blocked, id=10740, stack(0x00000000246c0000,0x00000000247c0000)]
  0x000000001f8d8000 JavaThread "MongoCleaner1972729362" daemon [_thread_blocked, id=11128, stack(0x00000000245c0000,0x00000000246c0000)]
  0x000000001f8d7000 JavaThread "MongoCleaner999652079" daemon [_thread_blocked, id=8560, stack(0x00000000244c0000,0x00000000245c0000)]
  0x000000001f8db800 JavaThread "MongoCleaner1045225227" daemon [_thread_blocked, id=11288, stack(0x00000000243c0000,0x00000000244c0000)]
  0x000000001f8d8800 JavaThread "MongoCleaner772251680" daemon [_thread_blocked, id=3948, stack(0x00000000242c0000,0x00000000243c0000)]
  0x000000001f8db000 JavaThread "MongoCleaner1713134138" daemon [_thread_blocked, id=10472, stack(0x00000000241c0000,0x00000000242c0000)]
  0x000000001f8cf800 JavaThread "MongoCleaner1377345983" daemon [_thread_blocked, id=9052, stack(0x00000000240c0000,0x00000000241c0000)]
  0x000000001f8d6800 JavaThread "MongoCleaner1131787925" daemon [_thread_blocked, id=5512, stack(0x0000000023fc0000,0x00000000240c0000)]
  0x000000001f8d5800 JavaThread "MongoCleaner1183890002" daemon [_thread_blocked, id=4496, stack(0x0000000023ec0000,0x0000000023fc0000)]
  0x000000001f8dc800 JavaThread "qtp1519361200-41" [_thread_blocked, id=9116, stack(0x0000000023dc0000,0x0000000023ec0000)]
  0x000000001f8d0000 JavaThread "qtp1519361200-40" [_thread_blocked, id=3884, stack(0x0000000023cc0000,0x0000000023dc0000)]
  0x000000001f8d5000 JavaThread "MongoCleaner898289794" daemon [_thread_blocked, id=2092, stack(0x0000000022af0000,0x0000000022bf0000)]
  0x000000001f8d1000 JavaThread "MongoCleaner309655700" daemon [_thread_blocked, id=11892, stack(0x00000000229f0000,0x0000000022af0000)]
  0x000000001f8cd000 JavaThread "MongoCleaner197840114" daemon [_thread_blocked, id=11928, stack(0x00000000226f0000,0x00000000227f0000)]
  0x000000001f8ce000 JavaThread "MongoCleaner2136460348" daemon [_thread_blocked, id=11700, stack(0x00000000220f0000,0x00000000221f0000)]
  0x000000001f8ce800 JavaThread "MongoCleaner1697287411" daemon [_thread_blocked, id=3776, stack(0x0000000021ff0000,0x00000000220f0000)]
  0x000000001f6c7800 JavaThread "Scheduler-1906201831" [_thread_blocked, id=8988, stack(0x0000000021cf0000,0x0000000021df0000)]
  0x000000001f6c6000 JavaThread "org.eclipse.jetty.server.session.HashSessionManager@37755c54Timer" daemon [_thread_blocked, id=1596, stack(0x0000000021bf0000,0x0000000021cf0000)]
  0x000000001f6cd000 JavaThread "qtp1519361200-26" [_thread_in_native, id=240, stack(0x0000000021af0000,0x0000000021bf0000)]
  0x000000001f6cb000 JavaThread "qtp1519361200-23-acceptor-0@7d6875dd-ServerConnector@7cac39bb{HTTP/1.1,[http/1.1]}{0.0.0.0:4567}" [_thread_in_native, id=8524, stack(0x00000000217f0000,0x00000000218f0000)]
  0x0000000002874000 JavaThread "DestroyJavaVM" [_thread_blocked, id=11908, stack(0x00000000026f0000,0x00000000027f0000)]
  0x000000001f506800 JavaThread "Thread-2" [_thread_blocked, id=9320, stack(0x0000000020020000,0x0000000020120000)]
  0x000000001f6df800 JavaThread "MongoCleaner1095293768" daemon [_thread_blocked, id=6028, stack(0x000000001fad0000,0x000000001fbd0000)]
  0x000000001e239000 JavaThread "Service Thread" daemon [_thread_blocked, id=11452, stack(0x000000001f0d0000,0x000000001f1d0000)]
  0x000000001e238800 JavaThread "C1 CompilerThread3" daemon [_thread_blocked, id=244, stack(0x000000001efd0000,0x000000001f0d0000)]
  0x000000001e23e800 JavaThread "C2 CompilerThread2" daemon [_thread_blocked, id=7952, stack(0x000000001eed0000,0x000000001efd0000)]
  0x000000001e23e000 JavaThread "C2 CompilerThread1" daemon [_thread_blocked, id=1100, stack(0x000000001edd0000,0x000000001eed0000)]
  0x000000001e235000 JavaThread "C2 CompilerThread0" daemon [_thread_blocked, id=10872, stack(0x000000001ecd0000,0x000000001edd0000)]
  0x000000001e223000 JavaThread "JDWP Command Reader" daemon [_thread_in_native, id=11256, stack(0x000000001ebd0000,0x000000001ecd0000)]
  0x000000001e222000 JavaThread "JDWP Event Helper Thread" daemon [_thread_blocked, id=7616, stack(0x000000001ead0000,0x000000001ebd0000)]
=>0x000000001e21c000 JavaThread "JDWP Transport Listener: dt_socket" daemon [_thread_in_vm, id=8692, stack(0x000000001e9d0000,0x000000001ead0000)]
  0x000000001e212000 JavaThread "Attach Listener" daemon [_thread_blocked, id=11348, stack(0x000000001e8d0000,0x000000001e9d0000)]
  0x000000001e210800 JavaThread "Signal Dispatcher" daemon [_thread_blocked, id=10044, stack(0x000000001e7d0000,0x000000001e8d0000)]
  0x000000001e200800 JavaThread "Finalizer" daemon [_thread_blocked, id=11804, stack(0x000000001e5e0000,0x000000001e6e0000)]
  0x000000000296b000 JavaThread "Reference Handler" daemon [_thread_blocked, id=11512, stack(0x000000001e0e0000,0x000000001e1e0000)]

Other Threads:
  0x000000001c309800 VMThread [stack: 0x000000001dfe0000,0x000000001e0e0000] [id=8660]
  0x000000001e2e5800 WatcherThread [stack: 0x000000001f1d0000,0x000000001f2d0000] [id=6888]

VM state:not at safepoint (normal execution)

VM Mutex/Monitor currently owned by a thread: None

Heap:
 PSYoungGen      total 75776K, used 68757K [0x000000076b800000, 0x0000000770c80000, 0x00000007c0000000)
  eden space 65024K, 89% used [0x000000076b800000,0x000000076f0a88e0,0x000000076f780000)
  from space 10752K, 99% used [0x0000000770200000,0x0000000770c7cc80,0x0000000770c80000)
  to   space 10752K, 0% used [0x000000076f780000,0x000000076f780000,0x0000000770200000)
 ParOldGen       total 173568K, used 17954K [0x00000006c2800000, 0x00000006cd180000, 0x000000076b800000)
  object space 173568K, 10% used [0x00000006c2800000,0x00000006c39888a0,0x00000006cd180000)
 Metaspace       used 14372K, capacity 14716K, committed 14848K, reserved 1062912K
  class space    used 1584K, capacity 1707K, committed 1792K, reserved 1048576K

Card table byte_map: [0x0000000011d30000,0x0000000012520000] byte_map_base: 0x000000000e71c000

Marking Bits: (ParMarkBitMap*) 0x00000000523e2f70
 Begin Bits: [0x0000000013270000, 0x00000000171d0000)
 End Bits:   [0x00000000171d0000, 0x000000001b130000)

Polling page: 0x0000000000ef0000

CodeCache: size=245760Kb used=8011Kb max_used=8035Kb free=237748Kb
 bounds [0x0000000002970000, 0x0000000003160000, 0x0000000011970000]
 total_blobs=2580 nmethods=2186 adapters=314
 compilation: enabled

Compilation events (10 events):
Event: 1521.321 Thread 0x000000001e238800 nmethod 2463 0x000000000313af10 code [0x000000000313b060, 0x000000000313b170]
Event: 1521.324 Thread 0x000000001e235000 nmethod 2431 0x000000000313f190 code [0x000000000313f380, 0x0000000003140700]
Event: 1521.325 Thread 0x000000001e235000 2459       4       org.apache.log4j.WriterAppender::append (14 bytes)
Event: 1521.343 Thread 0x000000001e23e000 nmethod 2446 0x00000000031451d0 code [0x0000000003145400, 0x0000000003147850]
Event: 1521.343 Thread 0x000000001e23e000 2460       4       org.apache.log4j.WriterAppender::checkEntryConditions (106 bytes)
Event: 1521.344 Thread 0x000000001e23e000 nmethod 2460 0x0000000003142250 code [0x0000000003142380, 0x0000000003142438]
Event: 1521.344 Thread 0x000000001e23e000 2461   !   4       java.io.PrintStream::write (69 bytes)
Event: 1521.348 Thread 0x000000001e235000 nmethod 2459 0x0000000003149950 code [0x0000000003149bc0, 0x000000000314b4e0]
Event: 1521.353 Thread 0x000000001e23e000 nmethod 2461 0x000000000314d090 code [0x000000000314d260, 0x000000000314e470]
Event: 1521.365 Thread 0x000000001e23e800 nmethod 2447 0x0000000003153ad0 code [0x0000000003153dc0, 0x0000000003157140]

GC Heap History (8 events):
Event: 3.593 GC heap before
{Heap before GC invocations=1 (full 0):
 PSYoungGen      total 75776K, used 65024K [0x000000076b800000, 0x0000000770c80000, 0x00000007c0000000)
  eden space 65024K, 100% used [0x000000076b800000,0x000000076f780000,0x000000076f780000)
  from space 10752K, 0% used [0x0000000770200000,0x0000000770200000,0x0000000770c80000)
  to   space 10752K, 0% used [0x000000076f780000,0x000000076f780000,0x0000000770200000)
 ParOldGen       total 173568K, used 0K [0x00000006c2800000, 0x00000006cd180000, 0x000000076b800000)
  object space 173568K, 0% used [0x00000006c2800000,0x00000006c2800000,0x00000006cd180000)
 Metaspace       used 13216K, capacity 13470K, committed 13696K, reserved 1060864K
  class space    used 1562K, capacity 1649K, committed 1664K, reserved 1048576K
Event: 3.599 GC heap after
Heap after GC invocations=1 (full 0):
 PSYoungGen      total 75776K, used 9611K [0x000000076b800000, 0x0000000770c80000, 0x00000007c0000000)
  eden space 65024K, 0% used [0x000000076b800000,0x000000076b800000,0x000000076f780000)
  from space 10752K, 89% used [0x000000076f780000,0x00000007700e2d60,0x0000000770200000)
  to   space 10752K, 0% used [0x0000000770200000,0x0000000770200000,0x0000000770c80000)
 ParOldGen       total 173568K, used 24K [0x00000006c2800000, 0x00000006cd180000, 0x000000076b800000)
  object space 173568K, 0% used [0x00000006c2800000,0x00000006c2806000,0x00000006cd180000)
 Metaspace       used 13216K, capacity 13470K, committed 13696K, reserved 1060864K
  class space    used 1562K, capacity 1649K, committed 1664K, reserved 1048576K
}
Event: 216.582 GC heap before
{Heap before GC invocations=2 (full 0):
 PSYoungGen      total 75776K, used 74635K [0x000000076b800000, 0x0000000770c80000, 0x00000007c0000000)
  eden space 65024K, 100% used [0x000000076b800000,0x000000076f780000,0x000000076f780000)
  from space 10752K, 89% used [0x000000076f780000,0x00000007700e2d60,0x0000000770200000)
  to   space 10752K, 0% used [0x0000000770200000,0x0000000770200000,0x0000000770c80000)
 ParOldGen       total 173568K, used 24K [0x00000006c2800000, 0x00000006cd180000, 0x000000076b800000)
  object space 173568K, 0% used [0x00000006c2800000,0x00000006c2806000,0x00000006cd180000)
 Metaspace       used 13557K, capacity 13828K, committed 14080K, reserved 1060864K
  class space    used 1565K, capacity 1683K, committed 1792K, reserved 1048576K
Event: 216.587 GC heap after
Heap after GC invocations=2 (full 0):
 PSYoungGen      total 75776K, used 10739K [0x000000076b800000, 0x0000000770c80000, 0x00000007c0000000)
  eden space 65024K, 0% used [0x000000076b800000,0x000000076b800000,0x000000076f780000)
  from space 10752K, 99% used [0x0000000770200000,0x0000000770c7cd30,0x0000000770c80000)
  to   space 10752K, 0% used [0x000000076f780000,0x000000076f780000,0x0000000770200000)
 ParOldGen       total 173568K, used 2564K [0x00000006c2800000, 0x00000006cd180000, 0x000000076b800000)
  object space 173568K, 1% used [0x00000006c2800000,0x00000006c2a81050,0x00000006cd180000)
 Metaspace       used 13557K, capacity 13828K, committed 14080K, reserved 1060864K
  class space    used 1565K, capacity 1683K, committed 1792K, reserved 1048576K
}
Event: 1116.147 GC heap before
{Heap before GC invocations=3 (full 0):
 PSYoungGen      total 75776K, used 75763K [0x000000076b800000, 0x0000000770c80000, 0x00000007c0000000)
  eden space 65024K, 100% used [0x000000076b800000,0x000000076f780000,0x000000076f780000)
  from space 10752K, 99% used [0x0000000770200000,0x0000000770c7cd30,0x0000000770c80000)
  to   space 10752K, 0% used [0x000000076f780000,0x000000076f780000,0x0000000770200000)
 ParOldGen       total 173568K, used 2564K [0x00000006c2800000, 0x00000006cd180000, 0x000000076b800000)
  object space 173568K, 1% used [0x00000006c2800000,0x00000006c2a81050,0x00000006cd180000)
 Metaspace       used 13825K, capacity 14128K, committed 14336K, reserved 1062912K
  class space    used 1572K, capacity 1693K, committed 1792K, reserved 1048576K
Event: 1116.153 GC heap after
Heap after GC invocations=3 (full 0):
 PSYoungGen      total 75776K, used 10739K [0x000000076b800000, 0x0000000770c80000, 0x00000007c0000000)
  eden space 65024K, 0% used [0x000000076b800000,0x000000076b800000,0x000000076f780000)
  from space 10752K, 99% used [0x000000076f780000,0x00000007701fcdf0,0x0000000770200000)
  to   space 10752K, 0% used [0x0000000770200000,0x0000000770200000,0x0000000770c80000)
 ParOldGen       total 173568K, used 5817K [0x00000006c2800000, 0x00000006cd180000, 0x000000076b800000)
  object space 173568K, 3% used [0x00000006c2800000,0x00000006c2dae7f0,0x00000006cd180000)
 Metaspace       used 13825K, capacity 14128K, committed 14336K, reserved 1062912K
  class space    used 1572K, capacity 1693K, committed 1792K, reserved 1048576K
}
Event: 1433.621 GC heap before
{Heap before GC invocations=4 (full 0):
 PSYoungGen      total 75776K, used 75763K [0x000000076b800000, 0x0000000770c80000, 0x00000007c0000000)
  eden space 65024K, 100% used [0x000000076b800000,0x000000076f780000,0x000000076f780000)
  from space 10752K, 99% used [0x000000076f780000,0x00000007701fcdf0,0x0000000770200000)
  to   space 10752K, 0% used [0x0000000770200000,0x0000000770200000,0x0000000770c80000)
 ParOldGen       total 173568K, used 5817K [0x00000006c2800000, 0x00000006cd180000, 0x000000076b800000)
  object space 173568K, 3% used [0x00000006c2800000,0x00000006c2dae7f0,0x00000006cd180000)
 Metaspace       used 14120K, capacity 14402K, committed 14592K, reserved 1062912K
  class space    used 1575K, capacity 1696K, committed 1792K, reserved 1048576K
Event: 1433.628 GC heap after
Heap after GC invocations=4 (full 0):
 PSYoungGen      total 75776K, used 10739K [0x000000076b800000, 0x0000000770c80000, 0x00000007c0000000)
  eden space 65024K, 0% used [0x000000076b800000,0x000000076b800000,0x000000076f780000)
  from space 10752K, 99% used [0x0000000770200000,0x0000000770c7cc80,0x0000000770c80000)
  to   space 10752K, 0% used [0x000000076f780000,0x000000076f780000,0x0000000770200000)
 ParOldGen       total 173568K, used 17954K [0x00000006c2800000, 0x00000006cd180000, 0x000000076b800000)
  object space 173568K, 10% used [0x00000006c2800000,0x00000006c39888a0,0x00000006cd180000)
 Metaspace       used 14120K, capacity 14402K, committed 14592K, reserved 1062912K
  class space    used 1575K, capacity 1696K, committed 1792K, reserved 1048576K
}

Deoptimization events (10 events):
Event: 242.106 Thread 0x000000001f8d0000 Uncommon trap: reason=unstable_if action=reinterpret pc=0x0000000002bbf398 method=java.lang.AbstractStringBuilder.append(I)Ljava/lang/AbstractStringBuilder; @ 16
Event: 1109.452 Thread 0x00000000203a5000 Uncommon trap: reason=bimorphic action=maybe_recompile pc=0x0000000002d042ac method=java.util.HashMap.putVal(ILjava/lang/Object;Ljava/lang/Object;ZZ)Ljava/lang/Object; @ 91
Event: 1111.885 Thread 0x000000001f8d0000 Uncommon trap: reason=bimorphic action=maybe_recompile pc=0x0000000002d042ac method=java.util.HashMap.putVal(ILjava/lang/Object;Ljava/lang/Object;ZZ)Ljava/lang/Object; @ 91
Event: 1508.180 Thread 0x000000001f4b6000 Uncommon trap: reason=bimorphic action=maybe_recompile pc=0x0000000002d042ac method=java.util.HashMap.putVal(ILjava/lang/Object;Ljava/lang/Object;ZZ)Ljava/lang/Object; @ 91
Event: 1508.212 Thread 0x000000001f6b0800 Uncommon trap: reason=unstable_if action=reinterpret pc=0x0000000002d8b254 method=org.eclipse.jetty.util.log.JettyAwareLogger.log(Lorg/slf4j/Marker;ILjava/lang/String;[Ljava/lang/Object;Ljava/lang/Throwable;)V @ 2
Event: 1508.212 Thread 0x000000001f6b0800 Uncommon trap: reason=unstable_if action=reinterpret pc=0x0000000002ec6af4 method=org.apache.log4j.spi.LoggingEvent.<init>(Ljava/lang/String;Lorg/apache/log4j/Category;Lorg/apache/log4j/Priority;Ljava/lang/Object;Ljava/lang/Throwable;)V @ 45
Event: 1508.215 Thread 0x000000001f6b0800 Uncommon trap: reason=null_assert action=make_not_entrant pc=0x0000000002e955e8 method=org.apache.log4j.spi.LoggingEvent.getThrowableStrRep()[Ljava/lang/String; @ 4
Event: 1509.888 Thread 0x000000001f8d0000 Uncommon trap: reason=class_check action=maybe_recompile pc=0x0000000002d042f8 method=java.util.HashMap.putVal(ILjava/lang/Object;Ljava/lang/Object;ZZ)Ljava/lang/Object; @ 203
Event: 1519.991 Thread 0x000000001f6cd000 Uncommon trap: reason=unstable_if action=reinterpret pc=0x0000000002cb18c4 method=org.apache.log4j.spi.LoggingEvent.<init>(Ljava/lang/String;Lorg/apache/log4j/Category;Lorg/apache/log4j/Priority;Ljava/lang/Object;Ljava/lang/Throwable;)V @ 45
Event: 1519.991 Thread 0x000000001f6cd000 Uncommon trap: reason=null_assert action=make_not_entrant pc=0x0000000002e86a68 method=org.apache.log4j.spi.LoggingEvent.getThrowableStrRep()[Ljava/lang/String; @ 4

Internal exceptions (10 events):
Event: 0.651 Thread 0x0000000002874000 Exception <a 'java/lang/NoSuchFieldError': method resolution failed> (0x000000076c6e9300) thrown at [C:\re\workspace\8-2-build-windows-amd64-cygwin\jdk8u91\6644\hotspot\src\share\vm\prims\methodHandles.cpp, line 1146]
Event: 0.653 Thread 0x0000000002874000 Exception <a 'java/lang/NoSuchFieldError': method resolution failed> (0x000000076c6f6620) thrown at [C:\re\workspace\8-2-build-windows-amd64-cygwin\jdk8u91\6644\hotspot\src\share\vm\prims\methodHandles.cpp, line 1146]
Event: 2.608 Thread 0x000000001f6cc800 Exception <a 'java/lang/NoSuchMethodError': java.lang.Object.lambda$comparing$77a9974f$1(Ljava/util/function/Function;Ljava/lang/Object;Ljava/lang/Object;)I> (0x000000076e159e48) thrown at [C:\re\workspace\8-2-build-windows-amd64-cygwin\jdk8u91\6644\hotspo˜µöX@
Event: 2.668 Thread 0x000000001f6cc800 Exception <a 'java/lang/NoClassDefFoundError': org/apache/log/format/Formatter> (0x000000076e261010) thrown at [C:\re\workspace\8-2-build-windows-amd64-cygwin\jdk8u91\6644\hotspot\src\share\vm\classfile\systemDictionary.cpp, line 199]
Event: 7.723 Thread 0x000000001f6cd000 Exception <a 'java/lang/NoClassDefFoundError': org/apache/log/format/Formatter> (0x000000076ba2d978) thrown at [C:\re\workspace\8-2-build-windows-amd64-cygwin\jdk8u91\6644\hotspot\src\share\vm\classfile\systemDictionary.cpp, line 199]
Event: 60.966 Thread 0x000000001f8d4000 Exception <a 'java/lang/NoClassDefFoundError': org/apache/log/format/Formatter> (0x000000076ca0a800) thrown at [C:\re\workspace\8-2-build-windows-amd64-cygwin\jdk8u91\6644\hotspot\src\share\vm\classfile\systemDictionary.cpp, line 199]
Event: 1508.212 Thread 0x000000001f6b0800 Exception <a 'java/io/IOException'> (0x000000076cd62ab8) thrown at [C:\re\workspace\8-2-build-windows-amd64-cygwin\jdk8u91\6644\hotspot\src\share\vm\prims\jni.cpp, line 709]
Event: 1519.990 Thread 0x000000001f6cd000 Exception <a 'java/io/IOException'> (0x000000076ddca518) thrown at [C:\re\workspace\8-2-build-windows-amd64-cygwin\jdk8u91\6644\hotspot\src\share\vm\prims\jni.cpp, line 709]
Event: 1519.994 Thread 0x00000000203a3800 Exception <a 'java/io/IOException'> (0x000000076deb78f0) thrown at [C:\re\workspace\8-2-build-windows-amd64-cygwin\jdk8u91\6644\hotspot\src\share\vm\prims\jni.cpp, line 709]
Event: 1521.318 Thread 0x000000001f93c800 Exception <a 'java/io/IOException'> (0x000000076ede7fb8) thrown at [C:\re\workspace\8-2-build-windows-amd64-cygwin\jdk8u91\6644\hotspot\src\share\vm\prims\jni.cpp, line 709]

Events (10 events):
Event: 1521.318 Thread 0x000000001f93c800 DEOPT PACKING pc=0x0000000002f7ac54 sp=0x00000000258be600
Event: 1521.318 Thread 0x000000001f93c800 DEOPT UNPACKING pc=0x00000000029b787f sp=0x00000000258be328 mode 1
Event: 1521.318 Thread 0x000000001f93c800 DEOPT PACKING pc=0x00000000030dc8ec sp=0x00000000258be660
Event: 1521.318 Thread 0x000000001f93c800 DEOPT UNPACKING pc=0x00000000029b787f sp=0x00000000258be3c8 mode 1
Event: 1521.318 Thread 0x000000001f93c800 DEOPT PACKING pc=0x000000000311dbb4 sp=0x00000000258be720
Event: 1521.318 Thread 0x000000001f93c800 DEOPT UNPACKING pc=0x00000000029b787f sp=0x00000000258be468 mode 1
Event: 1521.318 Thread 0x000000001f93c800 DEOPT PACKING pc=0x0000000002f77524 sp=0x00000000258be7c0
Event: 1521.318 Thread 0x000000001f93c800 DEOPT UNPACKING pc=0x00000000029b787f sp=0x00000000258be530 mode 1
Event: 1521.319 Thread 0x000000001f93c800 DEOPT PACKING pc=0x0000000002f7b694 sp=0x00000000258be8c0
Event: 1521.319 Thread 0x000000001f93c800 DEOPT UNPACKING pc=0x00000000029b787f sp=0x00000000258be660 mode 1


Dynamic libraries:
0x00007ff65b0a0000 - 0x00007ff65b0d7000 	C:\Program Files\Java\jdk1.8.0_91\bin\java.exe
0x00007ffaae490000 - 0x00007ffaae661000 	C:\WINDOWS\SYSTEM32\ntdll.dll
0x00007ffaacc70000 - 0x00007ffaacd1b000 	C:\WINDOWS\System32\KERNEL32.DLL
0x00007ffaaab70000 - 0x00007ffaaad8d000 	C:\WINDOWS\System32\KERNELBASE.dll
0x00007ffaacd20000 - 0x00007ffaacdc2000 	C:\WINDOWS\System32\ADVAPI32.dll
0x00007ffaacbd0000 - 0x00007ffaacc6e000 	C:\WINDOWS\System32\msvcrt.dll
0x00007ffaac030000 - 0x00007ffaac089000 	C:\WINDOWS\System32\sechost.dll
0x00007ffaac9a0000 - 0x00007ffaacac1000 	C:\WINDOWS\System32\RPCRT4.dll
0x00007ffaabd50000 - 0x00007ffaabeb5000 	C:\WINDOWS\System32\USER32.dll
0x00007ffaaa980000 - 0x00007ffaaa99e000 	C:\WINDOWS\System32\win32u.dll
0x00007ffaaba40000 - 0x00007ffaaba74000 	C:\WINDOWS\System32\GDI32.dll
0x00007ffaaae30000 - 0x00007ffaaafb2000 	C:\WINDOWS\System32\gdi32full.dll
0x00007ffaa2f80000 - 0x00007ffaa31f9000 	C:\WINDOWS\WinSxS\amd64_microsoft.windows.common-controls_6595b64144ccf1df_6.0.14393.447_none_42191651c6827bb3\COMCTL32.dll
0x00007ffaaba80000 - 0x00007ffaabd48000 	C:\WINDOWS\System32\combase.dll
0x00007ffaab920000 - 0x00007ffaaba15000 	C:\WINDOWS\System32\ucrtbase.dll
0x00007ffaaafc0000 - 0x00007ffaab02a000 	C:\WINDOWS\System32\bcryptPrimitives.dll
0x00007ffaac260000 - 0x00007ffaac28e000 	C:\WINDOWS\System32\IMM32.DLL
0x0000000052760000 - 0x0000000052832000 	C:\Program Files\Java\jdk1.8.0_91\jre\bin\msvcr100.dll
0x0000000051bd0000 - 0x0000000052463000 	C:\Program Files\Java\jdk1.8.0_91\jre\bin\server\jvm.dll
0x00007ffaabec0000 - 0x00007ffaabec8000 	C:\WINDOWS\System32\PSAPI.DLL
0x00007ffa9eb40000 - 0x00007ffa9eb49000 	C:\WINDOWS\SYSTEM32\WSOCK32.dll
0x00007ffaa8a00000 - 0x00007ffaa8a23000 	C:\WINDOWS\SYSTEM32\WINMM.dll
0x00007ffaa41f0000 - 0x00007ffaa41fa000 	C:\WINDOWS\SYSTEM32\VERSION.dll
0x00007ffaac190000 - 0x00007ffaac1fa000 	C:\WINDOWS\System32\WS2_32.dll
0x00007ffaa8790000 - 0x00007ffaa87bb000 	C:\WINDOWS\SYSTEM32\WINMMBASE.dll
0x00007ffaab8d0000 - 0x00007ffaab912000 	C:\WINDOWS\System32\cfgmgr32.dll
0x0000000052750000 - 0x000000005275f000 	C:\Program Files\Java\jdk1.8.0_91\jre\bin\verify.dll
0x0000000051ba0000 - 0x0000000051bc9000 	C:\Program Files\Java\jdk1.8.0_91\jre\bin\java.dll
0x0000000051b60000 - 0x0000000051b95000 	C:\Program Files\Java\jdk1.8.0_91\jre\bin\jdwp.dll
0x0000000051950000 - 0x0000000051958000 	C:\Program Files\Java\jdk1.8.0_91\jre\bin\npt.dll
0x0000000052730000 - 0x0000000052746000 	C:\Program Files\Java\jdk1.8.0_91\jre\bin\zip.dll
0x00007ffaacf80000 - 0x00007ffaae489000 	C:\WINDOWS\System32\SHELL32.dll
0x00007ffaab030000 - 0x00007ffaab70a000 	C:\WINDOWS\System32\windows.storage.dll
0x00007ffaaa930000 - 0x00007ffaaa97c000 	C:\WINDOWS\System32\powrprof.dll
0x00007ffaac130000 - 0x00007ffaac182000 	C:\WINDOWS\System32\shlwapi.dll
0x00007ffaaa8f0000 - 0x00007ffaaa8ff000 	C:\WINDOWS\System32\kernel.appcore.dll
0x00007ffaab820000 - 0x00007ffaab8c9000 	C:\WINDOWS\System32\shcore.dll
0x00007ffaaa900000 - 0x00007ffaaa914000 	C:\WINDOWS\System32\profapi.dll
0x0000000051940000 - 0x0000000051949000 	C:\Program Files\Java\jdk1.8.0_91\jre\bin\dt_socket.dll
0x00007ffaaa220000 - 0x00007ffaaa27c000 	C:\WINDOWS\system32\mswsock.dll
0x0000000051920000 - 0x000000005193a000 	C:\Program Files\Java\jdk1.8.0_91\jre\bin\net.dll
0x00007ffaaa000000 - 0x00007ffaaa0a0000 	C:\WINDOWS\SYSTEM32\DNSAPI.dll
0x00007ffaaba30000 - 0x00007ffaaba38000 	C:\WINDOWS\System32\NSI.dll
0x00007ffaa9fb0000 - 0x00007ffaa9fe8000 	C:\WINDOWS\SYSTEM32\IPHLPAPI.DLL
0x0000000052b50000 - 0x0000000052b76000 	C:\Program Files\Bonjour\mdnsNSP.dll
0x00007ffa9e280000 - 0x00007ffa9e28a000 	C:\Windows\System32\rasadhlp.dll
0x00007ffaa0ee0000 - 0x00007ffaa0f4a000 	C:\WINDOWS\System32\fwpuclnt.dll
0x00007ffaaa4d0000 - 0x00007ffaaa4fb000 	C:\WINDOWS\SYSTEM32\bcrypt.dll
0x00007ffaa0ea0000 - 0x00007ffaa0eb6000 	C:\WINDOWS\SYSTEM32\dhcpcsvc6.DLL
0x00007ffaa0e80000 - 0x00007ffaa0e9a000 	C:\WINDOWS\SYSTEM32\dhcpcsvc.DLL
0x00000000518f0000 - 0x00000000518fd000 	C:\Program Files\Java\jdk1.8.0_91\jre\bin\management.dll
0x00007ffa94810000 - 0x00007ffa94826000 	C:\WINDOWS\system32\napinsp.dll
0x00007ffa947f0000 - 0x00007ffa9480a000 	C:\WINDOWS\system32\pnrpnsp.dll
0x00007ffaa7bf0000 - 0x00007ffaa7c08000 	C:\WINDOWS\system32\NLAapi.dll
0x00007ffa95f90000 - 0x00007ffa95f9e000 	C:\WINDOWS\System32\winrnr.dll
0x00007ffa95680000 - 0x00007ffa95695000 	C:\WINDOWS\System32\wshbth.dll
0x0000000051900000 - 0x0000000051911000 	C:\Program Files\Java\jdk1.8.0_91\jre\bin\nio.dll
0x00007ffaaa3c0000 - 0x00007ffaaa3d7000 	C:\WINDOWS\SYSTEM32\CRYPTSP.dll
0x00007ffaa9e30000 - 0x00007ffaa9e63000 	C:\WINDOWS\system32\rsaenh.dll
0x00007ffaaa0a0000 - 0x00007ffaaa0bf000 	C:\WINDOWS\SYSTEM32\USERENV.dll
0x00007ffaaa3e0000 - 0x00007ffaaa3eb000 	C:\WINDOWS\SYSTEM32\CRYPTBASE.dll
0x00007ffa9e9a0000 - 0x00007ffa9eb32000 	C:\WINDOWS\SYSTEM32\dbghelp.dll

VM Arguments:
jvm_args: -agentlib:jdwp=transport=dt_socket,address=127.0.0.1:51497,suspend=y,server=n -Dfile.encoding=UTF-8 
java_command: RentCalculator
java_class_path (initial): C:\Program Files\Java\jdk1.8.0_91\jre\lib\charsets.jar;C:\Program Files\Java\jdk1.8.0_91\jre\lib\deploy.jar;C:\Program Files\Java\jdk1.8.0_91\jre\lib\ext\access-bridge-64.jar;C:\Program Files\Java\jdk1.8.0_91\jre\lib\ext\cldrdata.jar;C:\Program Files\Java\jdk1.8.0_91\jre\lib\ext\dnsns.jar;C:\Program Files\Java\jdk1.8.0_91\jre\lib\ext\jaccess.jar;C:\Program Files\Java\jdk1.8.0_91\jre\lib\ext\jfxrt.jar;C:\Program Files\Java\jdk1.8.0_91\jre\lib\ext\localedata.jar;C:\Program Files\Java\jdk1.8.0_91\jre\lib\ext\nashorn.jar;C:\Program Files\Java\jdk1.8.0_91\jre\lib\ext\sunec.jar;C:\Program Files\Java\jdk1.8.0_91\jre\lib\ext\sunjce_provider.jar;C:\Program Files\Java\jdk1.8.0_91\jre\lib\ext\sunmscapi.jar;C:\Program Files\Java\jdk1.8.0_91\jre\lib\ext\sunpkcs11.jar;C:\Program Files\Java\jdk1.8.0_91\jre\lib\ext\zipfs.jar;C:\Program Files\Java\jdk1.8.0_91\jre\lib\javaws.jar;C:\Program Files\Java\jdk1.8.0_91\jre\lib\jce.jar;C:\Program Files\Java\jdk1.8.0_91\jre\lib\jfr.jar;C:\Program Files\Java\jdk1.8.0_91\jre\lib\jfxswt.jar;C:\Program Files\Java\jdk1.8.0_91\jre\lib\jsse.jar;C:\Program Files\Java\jdk1.8.0_91\jre\lib\management-agent.jar;C:\Program Files\Java\jdk1.8.0_91\jre\lib\plugin.jar;C:\Program Files\Java\jdk1.8.0_91\jre\lib\resources.jar;C:\Program Files\Java\jdk1.8.0_91\jre\lib\rt.jar;C:\Users\Nicolas\IdeaProjects\RentCalculator\target\classes;C:\Users\Nicolas\.m2\repository\org\hibernate\hibernate-core\5.2.1.Final\hibernate-core-5.2.1.Final.jar;C:\Users\Nicolas\.m2\repository\org\jboss\logging\jboss-logging\3.3.0.Final\jboss-logging-3.3.0.Final.jar;C:\Users\Nicolas\.m2\repository\org\hibernate\javax\persistence\hibernate-jpa-2.1-api\1.0.0.Final\hibernate-jpa-2.1-api-1.0.0.Final.jar;C:\Users\Nicolas\.m2\repository\org\javassist\javassist\3.20.0-GA\javassist-3.20.0-GA.jar;C:\Users\Nicolas\.m2\repository\antlr\antlr\2.7.7\antlr-2.7.7.jar;C:\Users\Nicolas\.m2\repository\org\apache\geronimo\specs\geronimo-jta_1.1_spec\1.1.1\geronimo-jta_1.1_spec-1.
Launcher Type: SUN_STANDARD

Environment Variables:
PATH=C:\ProgramData\Oracle\Java\javapath;C:\Program Files (x86)\Intel\iCLS Client\;C:\Program Files\Intel\iCLS Client\;C:\Windows\system32;C:\Windows;C:\Windows\System32\Wbem;C:\Windows\System32\WindowsPowerShell\v1.0\;C:\Program Files (x86)\Intel\Intel(R) Management Engine Components\DAL;C:\Program Files\Intel\Intel(R) Management Engine Components\DAL;C:\Program Files (x86)\Intel\Intel(R) Management Engine Components\IPT;C:\Program Files\Intel\Intel(R) Management Engine Components\IPT;C:\Program Files (x86)\NVIDIA Corporation\PhysX\Common;C:\Program Files\Intel\WiFi\bin\;C:\Program Files\Common Files\Intel\WirelessCommon\;C:\Program Files (x86)\Skype\Phone\;C:\WINDOWS\system32;C:\WINDOWS;C:\WINDOWS\System32\Wbem;C:\WINDOWS\System32\WindowsPowerShell\v1.0\;C:\Program Files (x86)\ImageConverter Plus;C:\Program Files (x86)\NVIDIA Corporation\DDS Utilities;C:\Users\Nicolas\AppData\Local\Microsoft\WindowsApps;C:\Program Files (x86)\ImageConverter Plus;
USERNAME=Nicolas
OS=Windows_NT
PROCESSOR_IDENTIFIER=Intel64 Family 6 Model 94 Stepping 3, GenuineIntel



---------------  S Y S T E M  ---------------

OS: Windows 10.0 , 64 bit Build 14393 (10.0.14393.0)

CPU:total 8 (4 cores per cpu, 2 threads per core) family 6 model 94 stepping 3, cmov, cx8, fxsr, mmx, sse, sse2, sse3, ssse3, sse4.1, sse4.2, popcnt, avx, avx2, aes, clmul, erms, rtm, 3dnowpref, lzcnt, ht, tsc, tscinvbit, bmi1, bmi2, adx

Memory: 4k page, physical 16609304k(10941032k free), swap 19099672k(12203404k free)

vm_info: Java HotSpot(TM) 64-Bit Server VM (25.91-b14) for windows-amd64 JRE (1.8.0_91-b14), built on Apr  1 2016 00:58:32 by "java_re" with MS VC++ 10.0 (VS2010)

time: Fri Jan 13 23:18:50 2017
elapsed time: 1533 seconds (0d 0h 25m 33s)

