#
# A fatal error has been detected by the Java Runtime Environment:
#
#  EXCEPTION_ACCESS_VIOLATION (0xc0000005) at pc=0x0000000060c3a5d0, pid=7352, tid=12096
#
# JRE version: Java(TM) SE Runtime Environment (8.0_91-b14) (build 1.8.0_91-b14)
# Java VM: Java HotSpot(TM) 64-Bit Server VM (25.91-b14 mixed mode windows-amd64 compressed oops)
# Problematic frame:
# V  [jvm.dll+0x1aa5d0]
#
# Failed to write core dump. Minidumps are not enabled by default on client versions of Windows
#
# If you would like to submit a bug report, please visit:
#   http://bugreport.java.com/bugreport/crash.jsp
#

---------------  T H R E A D  ---------------

Current thread (0x000000001defa000):  JavaThread "JDWP Transport Listener: dt_socket" daemon [_thread_in_vm, id=12096, stack(0x000000001e6b0000,0x000000001e7b0000)]

siginfo: ExceptionCode=0xc0000005, writing address 0x00000000fd66b880

Registers:
RAX=0x00000000202662a8, RBX=0x000000001bbdd700, RCX=0x000000001defa9e0, RDX=0x0000000000000001
RSP=0x000000001e7af2a0, RBP=0x000000001e7af3e8, RSI=0x00000007c00c9b48, RDI=0x0000000000000010
R8 =0x000000001df00320, R9 =0x0000000000000001, R10=0x0000000000000000, R11=0x00000000202662a8
R12=0x000000001f780080, R13=0x000000001e7af3a0, R14=0x000000001e7af3e8, R15=0x0000000000000011
RIP=0x0000000060c3a5d0, EFLAGS=0x0000000000010212

Top of Stack: (sp=0x000000001e7af2a0)
0x000000001e7af2a0:   000000001bbdd700 000000001e7af3e8
0x000000001e7af2b0:   00000007c00c9b48 0000000060a10c18
0x000000001e7af2c0:   000000001defa000 000000001defc790
0x000000001e7af2d0:   000000001df00e00 000000001df00e10
0x000000001e7af2e0:   000000001df00ee8 00000000000000d8
0x000000001e7af2f0:   000000001e7af6c0 0000000060d09c34
0x000000001e7af300:   0000000000000000 0000000000000000
0x000000001e7af310:   000000001bfee7f8 000000076f78b9f0
0x000000001e7af320:   000000001defa000 0000000060dd3093
0x000000001e7af330:   000000001e7af3e8 000000001e7af3a0
0x000000001e7af340:   000000000239c750 0000000060a06c0e
0x000000001e7af350:   000000001defa000 0000000000000000
0x000000001e7af360:   0000000000000000 0000000000000000
0x000000001e7af370:   0000000000000000 00000000609f551f
0x000000001e7af380:   000000001e7af430 0000000000000001
0x000000001e7af390:   000000001ff1d918 000000001e7af460 

Instructions: (pc=0x0000000060c3a5d0)
0x0000000060c3a5b0:   48 8b 8e 80 01 00 00 48 8b 86 a0 01 00 00 48 8b
0x0000000060c3a5c0:   4c f9 08 48 63 5c b8 04 e8 53 1b ef ff 48 ff c7
0x0000000060c3a5d0:   49 89 04 dc 49 3b ff 7c d7 eb 23 45 85 ff 7e 1e
0x0000000060c3a5e0:   48 8b 86 80 01 00 00 48 8b 4c f8 08 e8 2f 1b ef 


Register to memory mapping:

RAX=0x00000000202662a8 is an unknown value
RBX=0x000000001bbdd700 is pointing into metadata
RCX=0x000000001defa9e0 is an unknown value
RDX=0x0000000000000001 is an unknown value
RSP=0x000000001e7af2a0 is pointing into the stack for thread: 0x000000001defa000
RBP=0x000000001e7af3e8 is pointing into the stack for thread: 0x000000001defa000
RSI=0x00000007c00c9b48 is pointing into metadata
RDI=0x0000000000000010 is an unknown value
R8 =0x000000001df00320 is an unknown value
R9 =0x0000000000000001 is an unknown value
R10=0x0000000000000000 is an unknown value
R11=0x00000000202662a8 is an unknown value
R12=0x000000001f780080 is an unknown value
R13=0x000000001e7af3a0 is pointing into the stack for thread: 0x000000001defa000
R14=0x000000001e7af3e8 is pointing into the stack for thread: 0x000000001defa000
R15=0x0000000000000011 is an unknown value


Stack: [0x000000001e6b0000,0x000000001e7b0000],  sp=0x000000001e7af2a0,  free space=1020k
Native frames: (J=compiled Java code, j=interpreted, Vv=VM code, C=native code)
V  [jvm.dll+0x1aa5d0]
V  [jvm.dll+0x343093]
C  [jdwp.dll+0x551f]
C  [jdwp.dll+0xf0a8]
C  [jdwp.dll+0x1f2d5]
C  [jdwp.dll+0x1f4aa]
V  [jvm.dll+0x1bbf38]
V  [jvm.dll+0x243ae4]
V  [jvm.dll+0x29a99a]
C  [msvcr100.dll+0x21d9f]
C  [msvcr100.dll+0x21e3b]
C  [KERNEL32.DLL+0x8364]
C  [ntdll.dll+0x670d1]


---------------  P R O C E S S  ---------------

Java Threads: ( => current thread )
  0x000000001f324000 JavaThread "MongoCleaner1452447557" daemon [_thread_blocked, id=20060, stack(0x0000000024cc0000,0x0000000024dc0000)]
  0x000000001f323000 JavaThread "MongoCleaner1936596602" daemon [_thread_blocked, id=7084, stack(0x0000000024bc0000,0x0000000024cc0000)]
  0x000000001f326000 JavaThread "MongoCleaner1324982549" daemon [_thread_blocked, id=5664, stack(0x0000000024ac0000,0x0000000024bc0000)]
  0x000000001f322800 JavaThread "MongoCleaner803822171" daemon [_thread_blocked, id=12284, stack(0x00000000248c0000,0x00000000249c0000)]
  0x000000001f324800 JavaThread "qtp124453429-52" [_thread_in_native, id=9456, stack(0x00000000247c0000,0x00000000248c0000)]
  0x000000001f325800 JavaThread "qtp124453429-51" [_thread_blocked, id=1296, stack(0x00000000246c0000,0x00000000247c0000)]
  0x000000001f31b000 JavaThread "qtp124453429-49" [_thread_blocked, id=15112, stack(0x00000000244c0000,0x00000000245c0000)]
  0x000000001f321800 JavaThread "qtp124453429-48" [_thread_blocked, id=14492, stack(0x00000000243c0000,0x00000000244c0000)]
  0x000000001f320000 JavaThread "qtp124453429-47" [_thread_blocked, id=16400, stack(0x00000000242c0000,0x00000000243c0000)]
  0x000000001f321000 JavaThread "qtp124453429-45" [_thread_in_native, id=2476, stack(0x00000000230f0000,0x00000000231f0000)]
  0x000000001f319800 JavaThread "MongoCleaner756660050" daemon [_thread_blocked, id=20280, stack(0x0000000022ff0000,0x00000000230f0000)]
  0x000000001f318800 JavaThread "MongoCleaner966508109" daemon [_thread_blocked, id=6892, stack(0x0000000022ef0000,0x0000000022ff0000)]
  0x000000001f31f800 JavaThread "qtp124453429-42" [_thread_blocked, id=20736, stack(0x0000000022df0000,0x0000000022ef0000)]
  0x000000001f318000 JavaThread "MongoCleaner529914721" daemon [_thread_blocked, id=8660, stack(0x0000000022cf0000,0x0000000022df0000)]
  0x000000001f31e800 JavaThread "MongoCleaner931435302" daemon [_thread_blocked, id=13292, stack(0x0000000022af0000,0x0000000022bf0000)]
  0x000000001f317000 JavaThread "qtp124453429-39" [_thread_blocked, id=17588, stack(0x00000000229f0000,0x0000000022af0000)]
  0x000000001f31c800 JavaThread "qtp124453429-38" [_thread_blocked, id=19288, stack(0x00000000228f0000,0x00000000229f0000)]
  0x000000001f31b800 JavaThread "MongoCleaner1751722869" daemon [_thread_blocked, id=18560, stack(0x00000000221c0000,0x00000000222c0000)]
  0x000000001f31e000 JavaThread "MongoCleaner477690497" daemon [_thread_blocked, id=9000, stack(0x00000000220c0000,0x00000000221c0000)]
  0x000000001f31d000 JavaThread "MongoCleaner215233819" daemon [_thread_blocked, id=11804, stack(0x0000000021dc0000,0x0000000021ec0000)]
  0x000000001f31a000 JavaThread "MongoCleaner1991173718" daemon [_thread_blocked, id=18700, stack(0x0000000021cc0000,0x0000000021dc0000)]
  0x000000001f705800 JavaThread "Scheduler-1919497349" [_thread_blocked, id=1068, stack(0x00000000219c0000,0x0000000021ac0000)]
  0x000000001f705000 JavaThread "org.eclipse.jetty.server.session.HashSessionManager@6772864dTimer" daemon [_thread_blocked, id=4544, stack(0x00000000218c0000,0x00000000219c0000)]
  0x000000001f702000 JavaThread "qtp124453429-26" [_thread_in_native, id=2952, stack(0x00000000217c0000,0x00000000218c0000)]
  0x000000001f704000 JavaThread "qtp124453429-25-acceptor-0@6cc07734-ServerConnector@423508a5{HTTP/1.1,[http/1.1]}{0.0.0.0:4567}" [_thread_in_native, id=11908, stack(0x00000000216c0000,0x00000000217c0000)]
  0x000000001f6ff800 JavaThread "qtp124453429-23" [_thread_in_native, id=17012, stack(0x00000000214c0000,0x00000000215c0000)]
  0x000000001f700800 JavaThread "qtp124453429-21" [_thread_blocked, id=10028, stack(0x00000000212c0000,0x00000000213c0000)]
  0x0000000002544800 JavaThread "DestroyJavaVM" [_thread_blocked, id=12892, stack(0x0000000002440000,0x0000000002540000)]
  0x000000001f697000 JavaThread "Thread-2" [_thread_blocked, id=19640, stack(0x000000001fcf0000,0x000000001fdf0000)]
  0x000000001f1f7000 JavaThread "MongoCleaner1095293768" daemon [_thread_blocked, id=332, stack(0x000000001faf0000,0x000000001fbf0000)]
  0x000000001df15000 JavaThread "Service Thread" daemon [_thread_blocked, id=6364, stack(0x000000001edb0000,0x000000001eeb0000)]
  0x000000001df27800 JavaThread "C1 CompilerThread3" daemon [_thread_blocked, id=1760, stack(0x000000001ecb0000,0x000000001edb0000)]
  0x000000001df1a800 JavaThread "C2 CompilerThread2" daemon [_thread_blocked, id=8144, stack(0x000000001ebb0000,0x000000001ecb0000)]
  0x000000001df1a000 JavaThread "C2 CompilerThread1" daemon [_thread_blocked, id=20372, stack(0x000000001eab0000,0x000000001ebb0000)]
  0x000000001df1f000 JavaThread "C2 CompilerThread0" daemon [_thread_blocked, id=13908, stack(0x000000001e9b0000,0x000000001eab0000)]
  0x000000001df03800 JavaThread "JDWP Command Reader" daemon [_thread_in_native, id=20088, stack(0x000000001e8b0000,0x000000001e9b0000)]
  0x000000001df02800 JavaThread "JDWP Event Helper Thread" daemon [_thread_blocked, id=9292, stack(0x000000001e7b0000,0x000000001e8b0000)]
=>0x000000001defa000 JavaThread "JDWP Transport Listener: dt_socket" daemon [_thread_in_vm, id=12096, stack(0x000000001e6b0000,0x000000001e7b0000)]
  0x000000001def2000 JavaThread "Attach Listener" daemon [_thread_blocked, id=12532, stack(0x000000001e5b0000,0x000000001e6b0000)]
  0x000000001def1000 JavaThread "Signal Dispatcher" daemon [_thread_blocked, id=18420, stack(0x000000001e4b0000,0x000000001e5b0000)]
  0x000000001dee0800 JavaThread "Finalizer" daemon [_thread_blocked, id=13104, stack(0x000000001e2c0000,0x000000001e3c0000)]
  0x000000000263b800 JavaThread "Reference Handler" daemon [_thread_blocked, id=9804, stack(0x000000001ddc0000,0x000000001dec0000)]

Other Threads:
  0x000000001bfd9800 VMThread [stack: 0x000000001dcc0000,0x000000001ddc0000] [id=18896]
  0x000000001dfcb000 WatcherThread [stack: 0x000000001eeb0000,0x000000001efb0000] [id=20068]

VM state:not at safepoint (normal execution)

VM Mutex/Monitor currently owned by a thread: None

Heap:
 PSYoungGen      total 75776K, used 71376K [0x000000076b800000, 0x0000000770c80000, 0x00000007c0000000)
  eden space 65024K, 94% used [0x000000076b800000,0x000000076f41e8c0,0x000000076f780000)
  from space 10752K, 91% used [0x000000076f780000,0x0000000770115988,0x0000000770200000)
  to   space 10752K, 0% used [0x0000000770200000,0x0000000770200000,0x0000000770c80000)
 ParOldGen       total 173568K, used 16K [0x00000006c2800000, 0x00000006cd180000, 0x000000076b800000)
  object space 173568K, 0% used [0x00000006c2800000,0x00000006c2804000,0x00000006cd180000)
 Metaspace       used 13695K, capacity 13986K, committed 14336K, reserved 1062912K
  class space    used 1573K, capacity 1689K, committed 1792K, reserved 1048576K

Card table byte_map: [0x0000000011a00000,0x00000000121f0000] byte_map_base: 0x000000000e3ec000

Marking Bits: (ParMarkBitMap*) 0x00000000612a2f70
 Begin Bits: [0x0000000012f40000, 0x0000000016ea0000)
 End Bits:   [0x0000000016ea0000, 0x000000001ae00000)

Polling page: 0x0000000002330000

CodeCache: size=245760Kb used=5470Kb max_used=5481Kb free=240289Kb
 bounds [0x0000000002640000, 0x0000000002ba0000, 0x0000000011640000]
 total_blobs=1901 nmethods=1507 adapters=314
 compilation: enabled

Compilation events (10 events):
Event: 931.507 Thread 0x000000001df27800 nmethod 1616 0x0000000002b8a790 code [0x0000000002b8a8e0, 0x0000000002b8aa30]
Event: 931.509 Thread 0x000000001df27800 1618       1       org.eclipse.jetty.io.ManagedSelector::access$700 (5 bytes)
Event: 931.509 Thread 0x000000001df27800 nmethod 1618 0x0000000002b8aa90 code [0x0000000002b8abe0, 0x0000000002b8acd0]
Event: 931.512 Thread 0x000000001df27800 1619       3       java.text.SimpleDateFormat::subFormat (1260 bytes)
Event: 931.516 Thread 0x000000001df1a800 nmethod 1607 0x0000000002b8e410 code [0x0000000002b8e580, 0x0000000002b8f018]
Event: 931.519 Thread 0x000000001df27800 nmethod 1619 0x0000000002b8f710 code [0x0000000002b900c0, 0x0000000002b99078]
Event: 931.519 Thread 0x000000001df27800 1620       3       sun.nio.ch.SelectorImpl::keys (28 bytes)
Event: 931.520 Thread 0x000000001df27800 nmethod 1620 0x0000000002b8dc10 code [0x0000000002b8dda0, 0x0000000002b8e258]
Event: 936.017 Thread 0x000000001df1a000 1621       4       java.util.concurrent.ConcurrentHashMap::values (27 bytes)
Event: 936.018 Thread 0x000000001df1a000 nmethod 1621 0x0000000002b9fc90 code [0x0000000002b9fde0, 0x0000000002b9ff08]

GC Heap History (2 events):
Event: 38.036 GC heap before
{Heap before GC invocations=1 (full 0):
 PSYoungGen      total 75776K, used 65024K [0x000000076b800000, 0x0000000770c80000, 0x00000007c0000000)
  eden space 65024K, 100% used [0x000000076b800000,0x000000076f780000,0x000000076f780000)
  from space 10752K, 0% used [0x0000000770200000,0x0000000770200000,0x0000000770c80000)
  to   space 10752K, 0% used [0x000000076f780000,0x000000076f780000,0x0000000770200000)
 ParOldGen       total 173568K, used 0K [0x00000006c2800000, 0x00000006cd180000, 0x000000076b800000)
  object space 173568K, 0% used [0x00000006c2800000,0x00000006c2800000,0x00000006cd180000)
 Metaspace       used 13163K, capacity 13354K, committed 13696K, reserved 1060864K
  class space    used 1545K, capacity 1633K, committed 1664K, reserved 1048576K
Event: 38.045 GC heap after
Heap after GC invocations=1 (full 0):
 PSYoungGen      total 75776K, used 9814K [0x000000076b800000, 0x0000000770c80000, 0x00000007c0000000)
  eden space 65024K, 0% used [0x000000076b800000,0x000000076b800000,0x000000076f780000)
  from space 10752K, 91% used [0x000000076f780000,0x0000000770115988,0x0000000770200000)
  to   space 10752K, 0% used [0x0000000770200000,0x0000000770200000,0x0000000770c80000)
 ParOldGen       total 173568K, used 16K [0x00000006c2800000, 0x00000006cd180000, 0x000000076b800000)
  object space 173568K, 0% used [0x00000006c2800000,0x00000006c2804000,0x00000006cd180000)
 Metaspace       used 13163K, capacity 13354K, committed 13696K, reserved 1060864K
  class space    used 1545K, capacity 1633K, committed 1664K, reserved 1048576K
}

Deoptimization events (10 events):
Event: 38.077 Thread 0x000000001f700800 Uncommon trap: reason=class_check action=maybe_recompile pc=0x0000000002a410f4 method=java.util.regex.Pattern$CharProperty.match(Ljava/util/regex/Matcher;ILjava/lang/CharSequence;)Z @ 18
Event: 38.077 Thread 0x000000001f700800 Uncommon trap: reason=class_check action=maybe_recompile pc=0x0000000002a410f4 method=java.util.regex.Pattern$CharProperty.match(Ljava/util/regex/Matcher;ILjava/lang/CharSequence;)Z @ 18
Event: 38.077 Thread 0x000000001f700800 Uncommon trap: reason=unstable_if action=reinterpret pc=0x00000000029923a0 method=java.util.regex.Pattern$BmpCharProperty.match(Ljava/util/regex/Matcher;ILjava/lang/CharSequence;)Z @ 5
Event: 38.077 Thread 0x000000001f700800 Uncommon trap: reason=class_check action=maybe_recompile pc=0x00000000029d7a84 method=java.util.regex.Pattern$Curly.match0(Ljava/util/regex/Matcher;IILjava/lang/CharSequence;)Z @ 31
Event: 38.077 Thread 0x000000001f700800 Uncommon trap: reason=bimorphic action=maybe_recompile pc=0x0000000002a1971c method=java.util.regex.Pattern$GroupTail.match(Ljava/util/regex/Matcher;ILjava/lang/CharSequence;)Z @ 70
Event: 425.790 Thread 0x000000001f700800 Uncommon trap: reason=class_check action=maybe_recompile pc=0x00000000029d7a84 method=java.util.regex.Pattern$Curly.match0(Ljava/util/regex/Matcher;IILjava/lang/CharSequence;)Z @ 31
Event: 425.790 Thread 0x000000001f700800 Uncommon trap: reason=class_check action=maybe_recompile pc=0x00000000029d7a84 method=java.util.regex.Pattern$Curly.match0(Ljava/util/regex/Matcher;IILjava/lang/CharSequence;)Z @ 31
Event: 425.790 Thread 0x000000001f700800 Uncommon trap: reason=bimorphic action=maybe_recompile pc=0x0000000002a1971c method=java.util.regex.Pattern$GroupTail.match(Ljava/util/regex/Matcher;ILjava/lang/CharSequence;)Z @ 70
Event: 551.335 Thread 0x000000001f317000 Uncommon trap: reason=bimorphic action=maybe_recompile pc=0x0000000002a1971c method=java.util.regex.Pattern$GroupTail.match(Ljava/util/regex/Matcher;ILjava/lang/CharSequence;)Z @ 70
Event: 929.283 Thread 0x000000001f317000 Uncommon trap: reason=bimorphic action=maybe_recompile pc=0x0000000002a1971c method=java.util.regex.Pattern$GroupTail.match(Ljava/util/regex/Matcher;ILjava/lang/CharSequence;)Z @ 70

Internal exceptions (10 events):
Event: 0.647 Thread 0x0000000002544800 Exception <a 'java/lang/ArrayIndexOutOfBoundsException'> (0x000000076c41cf58) thrown at [C:\re\workspace\8-2-build-windows-amd64-cygwin\jdk8u91\6644\hotspot\src\share\vm\runtime\sharedRuntime.cpp, line 605]
Event: 0.648 Thread 0x0000000002544800 Exception <a 'java/lang/ArrayIndexOutOfBoundsException'> (0x000000076c41e8d0) thrown at [C:\re\workspace\8-2-build-windows-amd64-cygwin\jdk8u91\6644\hotspot\src\share\vm\runtime\sharedRuntime.cpp, line 605]
Event: 0.652 Thread 0x0000000002544800 Exception <a 'java/lang/ArrayIndexOutOfBoundsException'> (0x000000076c444248) thrown at [C:\re\workspace\8-2-build-windows-amd64-cygwin\jdk8u91\6644\hotspot\src\share\vm\runtime\sharedRuntime.cpp, line 605]
Event: 0.657 Thread 0x0000000002544800 Exception <a 'java/lang/ArrayIndexOutOfBoundsException'> (0x000000076c453570) thrown at [C:\re\workspace\8-2-build-windows-amd64-cygwin\jdk8u91\6644\hotspot\src\share\vm\runtime\sharedRuntime.cpp, line 605]
Event: 0.790 Thread 0x0000000002544800 Exception <a 'java/lang/NoSuchFieldError': method resolution failed> (0x000000076c6e9360) thrown at [C:\re\workspace\8-2-build-windows-amd64-cygwin\jdk8u91\6644\hotspot\src\share\vm\prims\methodHandles.cpp, line 1146]
Event: 0.793 Thread 0x0000000002544800 Exception <a 'java/lang/NoSuchFieldError': method resolution failed> (0x000000076c6f6680) thrown at [C:\re\workspace\8-2-build-windows-amd64-cygwin\jdk8u91\6644\hotspot\src\share\vm\prims\methodHandles.cpp, line 1146]
Event: 37.919 Thread 0x000000001f703800 Exception <a 'java/lang/NoClassDefFoundError': org/apache/log/format/Formatter> (0x000000076ec4f4a8) thrown at [C:\re\workspace\8-2-build-windows-amd64-cygwin\jdk8u91\6644\hotspot\src\share\vm\classfile\systemDictionary.cpp, line 199]
Event: 38.056 Thread 0x000000001f702000 Exception <a 'java/io/IOException'> (0x000000076b976b00) thrown at [C:\re\workspace\8-2-build-windows-amd64-cygwin\jdk8u91\6644\hotspot\src\share\vm\prims\jni.cpp, line 709]
Event: 38.071 Thread 0x000000001f703800 Exception <a 'java/io/IOException'> (0x000000076bd2d0a0) thrown at [C:\re\workspace\8-2-build-windows-amd64-cygwin\jdk8u91\6644\hotspot\src\share\vm\prims\jni.cpp, line 709]
Event: 38.085 Thread 0x000000001f6ff800 Exception <a 'java/io/IOException'> (0x000000076c27cc38) thrown at [C:\re\workspace\8-2-build-windows-amd64-cygwin\jdk8u91\6644\hotspot\src\share\vm\prims\jni.cpp, line 709]

Events (10 events):
Event: 931.479 Thread 0x000000001f700800 DEOPT PACKING pc=0x000000000292dcd0 sp=0x00000000213be260
Event: 931.479 Thread 0x000000001f700800 DEOPT UNPACKING pc=0x000000000268787f sp=0x00000000213bdf80 mode 1
Event: 931.479 Thread 0x000000001f700800 DEOPT PACKING pc=0x0000000002ac428c sp=0x00000000213be2a0
Event: 931.479 Thread 0x000000001f700800 DEOPT UNPACKING pc=0x000000000268787f sp=0x00000000213be068 mode 1
Event: 931.480 Thread 0x000000001f700800 DEOPT PACKING pc=0x000000000273f129 sp=0x00000000213be330
Event: 931.480 Thread 0x000000001f700800 DEOPT UNPACKING pc=0x000000000268787f sp=0x00000000213be070 mode 1
Event: 931.480 Thread 0x000000001f700800 DEOPT PACKING pc=0x000000000292dcd0 sp=0x00000000213be4a0
Event: 931.480 Thread 0x000000001f700800 DEOPT UNPACKING pc=0x000000000268787f sp=0x00000000213be1c0 mode 1
Event: 931.480 Thread 0x000000001f700800 DEOPT PACKING pc=0x0000000002a8272c sp=0x00000000213be4e0
Event: 931.480 Thread 0x000000001f700800 DEOPT UNPACKING pc=0x000000000268787f sp=0x00000000213be220 mode 1


Dynamic libraries:
0x00007ff75a5f0000 - 0x00007ff75a627000 	C:\Program Files\Java\jdk1.8.0_91\bin\java.exe
0x00007ffe40fe0000 - 0x00007ffe411b1000 	C:\WINDOWS\SYSTEM32\ntdll.dll
0x00007ffe3e660000 - 0x00007ffe3e70b000 	C:\WINDOWS\System32\KERNEL32.DLL
0x00007ffe3dad0000 - 0x00007ffe3dced000 	C:\WINDOWS\System32\KERNELBASE.dll
0x00007ffe3e840000 - 0x00007ffe3e8e2000 	C:\WINDOWS\System32\ADVAPI32.dll
0x00007ffe3f080000 - 0x00007ffe3f11e000 	C:\WINDOWS\System32\msvcrt.dll
0x00007ffe40d90000 - 0x00007ffe40de9000 	C:\WINDOWS\System32\sechost.dll
0x00007ffe3e710000 - 0x00007ffe3e831000 	C:\WINDOWS\System32\RPCRT4.dll
0x00007ffe40ab0000 - 0x00007ffe40c15000 	C:\WINDOWS\System32\USER32.dll
0x00007ffe3d7e0000 - 0x00007ffe3d7fe000 	C:\WINDOWS\System32\win32u.dll
0x00007ffe40a70000 - 0x00007ffe40aa4000 	C:\WINDOWS\System32\GDI32.dll
0x00007ffe3d650000 - 0x00007ffe3d7d2000 	C:\WINDOWS\System32\gdi32full.dll
0x00007ffe35cf0000 - 0x00007ffe35f69000 	C:\WINDOWS\WinSxS\amd64_microsoft.windows.common-controls_6595b64144ccf1df_6.0.14393.447_none_42191651c6827bb3\COMCTL32.dll
0x00007ffe3f120000 - 0x00007ffe3f3e8000 	C:\WINDOWS\System32\combase.dll
0x00007ffe3d800000 - 0x00007ffe3d8f5000 	C:\WINDOWS\System32\ucrtbase.dll
0x00007ffe3d5e0000 - 0x00007ffe3d64a000 	C:\WINDOWS\System32\bcryptPrimitives.dll
0x00007ffe3f050000 - 0x00007ffe3f07e000 	C:\WINDOWS\System32\IMM32.DLL
0x0000000061330000 - 0x0000000061402000 	C:\Program Files\Java\jdk1.8.0_91\jre\bin\msvcr100.dll
0x0000000060a90000 - 0x0000000061323000 	C:\Program Files\Java\jdk1.8.0_91\jre\bin\server\jvm.dll
0x00007ffe40fd0000 - 0x00007ffe40fd8000 	C:\WINDOWS\System32\PSAPI.DLL
0x00007ffe3b320000 - 0x00007ffe3b343000 	C:\WINDOWS\SYSTEM32\WINMM.dll
0x00007ffe308a0000 - 0x00007ffe308a9000 	C:\WINDOWS\SYSTEM32\WSOCK32.dll
0x00007ffe39a90000 - 0x00007ffe39a9a000 	C:\WINDOWS\SYSTEM32\VERSION.dll
0x00007ffe3efe0000 - 0x00007ffe3f04a000 	C:\WINDOWS\System32\WS2_32.dll
0x00007ffe3b2f0000 - 0x00007ffe3b31b000 	C:\WINDOWS\SYSTEM32\WINMMBASE.dll
0x00007ffe3dcf0000 - 0x00007ffe3dd32000 	C:\WINDOWS\System32\cfgmgr32.dll
0x0000000060a80000 - 0x0000000060a8f000 	C:\Program Files\Java\jdk1.8.0_91\jre\bin\verify.dll
0x0000000060a50000 - 0x0000000060a79000 	C:\Program Files\Java\jdk1.8.0_91\jre\bin\java.dll
0x00000000609f0000 - 0x0000000060a25000 	C:\Program Files\Java\jdk1.8.0_91\jre\bin\jdwp.dll
0x00000000609e0000 - 0x00000000609e8000 	C:\Program Files\Java\jdk1.8.0_91\jre\bin\npt.dll
0x0000000060a30000 - 0x0000000060a46000 	C:\Program Files\Java\jdk1.8.0_91\jre\bin\zip.dll
0x00007ffe3f400000 - 0x00007ffe40909000 	C:\WINDOWS\System32\SHELL32.dll
0x00007ffe3dd40000 - 0x00007ffe3e41a000 	C:\WINDOWS\System32\windows.storage.dll
0x00007ffe3d480000 - 0x00007ffe3d4cc000 	C:\WINDOWS\System32\powrprof.dll
0x00007ffe40d20000 - 0x00007ffe40d72000 	C:\WINDOWS\System32\shlwapi.dll
0x00007ffe3d470000 - 0x00007ffe3d47f000 	C:\WINDOWS\System32\kernel.appcore.dll
0x00007ffe3e4c0000 - 0x00007ffe3e569000 	C:\WINDOWS\System32\shcore.dll
0x00007ffe3d450000 - 0x00007ffe3d464000 	C:\WINDOWS\System32\profapi.dll
0x00000000609d0000 - 0x00000000609d9000 	C:\Program Files\Java\jdk1.8.0_91\jre\bin\dt_socket.dll
0x00007ffe3cc20000 - 0x00007ffe3cc7c000 	C:\WINDOWS\system32\mswsock.dll
0x00000000609b0000 - 0x00000000609ca000 	C:\Program Files\Java\jdk1.8.0_91\jre\bin\net.dll
0x00007ffe3ca00000 - 0x00007ffe3caa0000 	C:\WINDOWS\SYSTEM32\DNSAPI.dll
0x00007ffe3f3f0000 - 0x00007ffe3f3f8000 	C:\WINDOWS\System32\NSI.dll
0x00007ffe3c9b0000 - 0x00007ffe3c9e8000 	C:\WINDOWS\SYSTEM32\IPHLPAPI.DLL
0x00000000626c0000 - 0x00000000626e6000 	C:\Program Files\Bonjour\mdnsNSP.dll
0x00007ffe2ed00000 - 0x00007ffe2ed0a000 	C:\Windows\System32\rasadhlp.dll
0x00007ffe34db0000 - 0x00007ffe34e1a000 	C:\WINDOWS\System32\fwpuclnt.dll
0x00007ffe3d020000 - 0x00007ffe3d04b000 	C:\WINDOWS\SYSTEM32\bcrypt.dll
0x00007ffe34e70000 - 0x00007ffe34e86000 	C:\WINDOWS\SYSTEM32\dhcpcsvc6.DLL
0x00007ffe34e50000 - 0x00007ffe34e6a000 	C:\WINDOWS\SYSTEM32\dhcpcsvc.DLL
0x0000000060980000 - 0x000000006098d000 	C:\Program Files\Java\jdk1.8.0_91\jre\bin\management.dll
0x00007ffe27950000 - 0x00007ffe27966000 	C:\WINDOWS\system32\napinsp.dll
0x00007ffe24680000 - 0x00007ffe2469a000 	C:\WINDOWS\system32\pnrpnsp.dll
0x00007ffe3b810000 - 0x00007ffe3b828000 	C:\WINDOWS\system32\NLAapi.dll
0x00007ffe27940000 - 0x00007ffe2794e000 	C:\WINDOWS\System32\winrnr.dll
0x00007ffe309f0000 - 0x00007ffe30a05000 	C:\WINDOWS\System32\wshbth.dll
0x0000000060990000 - 0x00000000609a1000 	C:\Program Files\Java\jdk1.8.0_91\jre\bin\nio.dll
0x00007ffe3cf10000 - 0x00007ffe3cf27000 	C:\WINDOWS\SYSTEM32\CRYPTSP.dll
0x00007ffe3ce20000 - 0x00007ffe3ce53000 	C:\WINDOWS\system32\rsaenh.dll
0x00007ffe3caa0000 - 0x00007ffe3cabf000 	C:\WINDOWS\SYSTEM32\USERENV.dll
0x00007ffe3cf30000 - 0x00007ffe3cf3b000 	C:\WINDOWS\SYSTEM32\CRYPTBASE.dll
0x00007ffe2f0c0000 - 0x00007ffe2f252000 	C:\WINDOWS\SYSTEM32\dbghelp.dll

VM Arguments:
jvm_args: -agentlib:jdwp=transport=dt_socket,address=127.0.0.1:53940,suspend=y,server=n -Dfile.encoding=UTF-8 
java_command: RentCalculator
java_class_path (initial): C:\Program Files\Java\jdk1.8.0_91\jre\lib\charsets.jar;C:\Program Files\Java\jdk1.8.0_91\jre\lib\deploy.jar;C:\Program Files\Java\jdk1.8.0_91\jre\lib\ext\access-bridge-64.jar;C:\Program Files\Java\jdk1.8.0_91\jre\lib\ext\cldrdata.jar;C:\Program Files\Java\jdk1.8.0_91\jre\lib\ext\dnsns.jar;C:\Program Files\Java\jdk1.8.0_91\jre\lib\ext\jaccess.jar;C:\Program Files\Java\jdk1.8.0_91\jre\lib\ext\jfxrt.jar;C:\Program Files\Java\jdk1.8.0_91\jre\lib\ext\localedata.jar;C:\Program Files\Java\jdk1.8.0_91\jre\lib\ext\nashorn.jar;C:\Program Files\Java\jdk1.8.0_91\jre\lib\ext\sunec.jar;C:\Program Files\Java\jdk1.8.0_91\jre\lib\ext\sunjce_provider.jar;C:\Program Files\Java\jdk1.8.0_91\jre\lib\ext\sunmscapi.jar;C:\Program Files\Java\jdk1.8.0_91\jre\lib\ext\sunpkcs11.jar;C:\Program Files\Java\jdk1.8.0_91\jre\lib\ext\zipfs.jar;C:\Program Files\Java\jdk1.8.0_91\jre\lib\javaws.jar;C:\Program Files\Java\jdk1.8.0_91\jre\lib\jce.jar;C:\Program Files\Java\jdk1.8.0_91\jre\lib\jfr.jar;C:\Program Files\Java\jdk1.8.0_91\jre\lib\jfxswt.jar;C:\Program Files\Java\jdk1.8.0_91\jre\lib\jsse.jar;C:\Program Files\Java\jdk1.8.0_91\jre\lib\management-agent.jar;C:\Program Files\Java\jdk1.8.0_91\jre\lib\plugin.jar;C:\Program Files\Java\jdk1.8.0_91\jre\lib\resources.jar;C:\Program Files\Java\jdk1.8.0_91\jre\lib\rt.jar;C:\Users\Nicolas\IdeaProjects\RentCalculator\target\classes;C:\Users\Nicolas\.m2\repository\org\hibernate\hibernate-core\5.2.1.Final\hibernate-core-5.2.1.Final.jar;C:\Users\Nicolas\.m2\repository\org\jboss\logging\jboss-logging\3.3.0.Final\jboss-logging-3.3.0.Final.jar;C:\Users\Nicolas\.m2\repository\org\hibernate\javax\persistence\hibernate-jpa-2.1-api\1.0.0.Final\hibernate-jpa-2.1-api-1.0.0.Final.jar;C:\Users\Nicolas\.m2\repository\org\javassist\javassist\3.20.0-GA\javassist-3.20.0-GA.jar;C:\Users\Nicolas\.m2\repository\antlr\antlr\2.7.7\antlr-2.7.7.jar;C:\Users\Nicolas\.m2\repository\org\apache\geronimo\specs\geronimo-jta_1.1_spec\1.1.1\geronimo-jta_1.1_spec-1.
Launcher Type: SUN_STANDARD

Environment Variables:
PATH=C:\ProgramData\Oracle\Java\javapath;C:\Program Files (x86)\Intel\iCLS Client\;C:\Program Files\Intel\iCLS Client\;C:\Windows\system32;C:\Windows;C:\Windows\System32\Wbem;C:\Windows\System32\WindowsPowerShell\v1.0\;C:\Program Files (x86)\Intel\Intel(R) Management Engine Components\DAL;C:\Program Files\Intel\Intel(R) Management Engine Components\DAL;C:\Program Files (x86)\Intel\Intel(R) Management Engine Components\IPT;C:\Program Files\Intel\Intel(R) Management Engine Components\IPT;C:\Program Files (x86)\NVIDIA Corporation\PhysX\Common;C:\Program Files\Intel\WiFi\bin\;C:\Program Files\Common Files\Intel\WirelessCommon\;C:\Program Files (x86)\Skype\Phone\;C:\WINDOWS\system32;C:\WINDOWS;C:\WINDOWS\System32\Wbem;C:\WINDOWS\System32\WindowsPowerShell\v1.0\;C:\Program Files (x86)\ImageConverter Plus;C:\Program Files (x86)\NVIDIA Corporation\DDS Utilities;C:\Users\Nicolas\AppData\Local\Microsoft\WindowsApps;C:\Program Files (x86)\ImageConverter Plus;
USERNAME=Nicolas
OS=Windows_NT
PROCESSOR_IDENTIFIER=Intel64 Family 6 Model 94 Stepping 3, GenuineIntel



---------------  S Y S T E M  ---------------

OS: Windows 10.0 , 64 bit Build 14393 (10.0.14393.0)

CPU:total 8 (4 cores per cpu, 2 threads per core) family 6 model 94 stepping 3, cmov, cx8, fxsr, mmx, sse, sse2, sse3, ssse3, sse4.1, sse4.2, popcnt, avx, avx2, aes, clmul, erms, rtm, 3dnowpref, lzcnt, ht, tsc, tscinvbit, bmi1, bmi2, adx

Memory: 4k page, physical 16609304k(9616664k free), swap 19099672k(10079744k free)

vm_info: Java HotSpot(TM) 64-Bit Server VM (25.91-b14) for windows-amd64 JRE (1.8.0_91-b14), built on Apr  1 2016 00:58:32 by "java_re" with MS VC++ 10.0 (VS2010)

time: Thu Jan 12 16:26:13 2017
elapsed time: 936 seconds (0d 0h 15m 36s)

