#
# A fatal error has been detected by the Java Runtime Environment:
#
#  EXCEPTION_ACCESS_VIOLATION (0xc0000005) at pc=0x0000000060bb8f45, pid=16668, tid=7244
#
# JRE version: Java(TM) SE Runtime Environment (8.0_91-b14) (build 1.8.0_91-b14)
# Java VM: Java HotSpot(TM) 64-Bit Server VM (25.91-b14 mixed mode windows-amd64 compressed oops)
# Problematic frame:
# V  [jvm.dll+0x128f45]
#
# Failed to write core dump. Minidumps are not enabled by default on client versions of Windows
#
# If you would like to submit a bug report, please visit:
#   http://bugreport.java.com/bugreport/crash.jsp
#

---------------  T H R E A D  ---------------

Current thread (0x000000001e365800):  JavaThread "JDWP Transport Listener: dt_socket" daemon [_thread_in_vm, id=7244, stack(0x000000001eb20000,0x000000001ec20000)]

siginfo: ExceptionCode=0xc0000005, reading address 0x000000004c0f0000

Registers:
RAX=0x000000001ec1f401, RBX=0x000000001e365800, RCX=0x000000004c0f0000, RDX=0x0000000000000000
RSP=0x000000001ec1f3c0, RBP=0x000000004c0f0000, RSI=0x000000001ec1f4d8, RDI=0x00000000027ac750
R8 =0x000000001e365800, R9 =0x0000000000008000, R10=0x0000000000000000, R11=0x000000001f6d74d9
R12=0x0000000000000000, R13=0x000000001e370d58, R14=0x0000000000000000, R15=0x0000000000000000
RIP=0x0000000060bb8f45, EFLAGS=0x0000000000010206

Top of Stack: (sp=0x000000001ec1f3c0)
0x000000001ec1f3c0:   000000001e365800 000000001e365800
0x000000001ec1f3d0:   000000001ec1f488 0000000060dbf32b
0x000000001ec1f3e0:   000000001e365800 0000000060ddbb8d
0x000000001ec1f3f0:   0000000000000000 00000000608f9155
0x000000001ec1f400:   000000001fbb6000 000000006090291e
0x000000001ec1f410:   000000001e365800 0000000000000000
0x000000001ec1f420:   0000000000000000 0000000000000000
0x000000001ec1f430:   000000004c0f0000 0000000060901a15
0x000000001ec1f440:   000000001ec1f4d8 000000001ec1f4b0
0x000000001ec1f450:   0000000000000001 000000001fbb6000
0x000000001ec1f460:   000000004c0f0000 00000000608e53b3
0x000000001ec1f470:   000000001ec1f5a0 0000000000000001
0x000000001ec1f480:   0000000000000001 000000001fbb6000
0x000000001ec1f490:   0000000000000008 0000000000000000
0x000000001ec1f4a0:   0000000000000000 0000000000000000
0x000000001ec1f4b0:   0000000000000001 00000000608e5571 

Instructions: (pc=0x0000000060bb8f45)
0x0000000060bb8f25:   cc cc cc cc cc cc cc cc cc cc cc 48 83 ec 28 48
0x0000000060bb8f35:   85 c9 75 07 33 c0 48 83 c4 28 c3 48 89 5c 24 20
0x0000000060bb8f45:   48 8b 19 48 85 db 74 20 48 83 fb 37 74 1a 48 8b
0x0000000060bb8f55:   13 48 8b cb ff 52 10 84 c0 74 0d 48 8b c3 48 8b 


Register to memory mapping:

RAX=0x000000001ec1f401 is pointing into the stack for thread: 0x000000001e365800
RBX=0x000000001e365800 is a thread
RCX=0x000000004c0f0000 is an unknown value
RDX=0x0000000000000000 is an unknown value
RSP=0x000000001ec1f3c0 is pointing into the stack for thread: 0x000000001e365800
RBP=0x000000004c0f0000 is an unknown value
RSI=0x000000001ec1f4d8 is pointing into the stack for thread: 0x000000001e365800
RDI=0x00000000027ac750 is an unknown value
R8 =0x000000001e365800 is a thread
R9 =0x0000000000008000 is an unknown value
R10=0x0000000000000000 is an unknown value
R11=0x000000001f6d74d9 is an unknown value
R12=0x0000000000000000 is an unknown value
R13=0x000000001e370d58 is an unknown value
R14=0x0000000000000000 is an unknown value
R15=0x0000000000000000 is an unknown value


Stack: [0x000000001eb20000,0x000000001ec20000],  sp=0x000000001ec1f3c0,  free space=1020k
Native frames: (J=compiled Java code, j=interpreted, Vv=VM code, C=native code)
V  [jvm.dll+0x128f45]
V  [jvm.dll+0x34bb8d]
C  [jdwp.dll+0x21a15]
C  [jdwp.dll+0x53b3]
C  [jdwp.dll+0x5571]
C  [jdwp.dll+0xf0a8]
C  [jdwp.dll+0x1f2d5]
C  [jdwp.dll+0x1f4aa]
V  [jvm.dll+0x1bbf38]
V  [jvm.dll+0x243ae4]
V  [jvm.dll+0x29a99a]
C  [msvcr100.dll+0x21d9f]
C  [msvcr100.dll+0x21e3b]
C  [KERNEL32.DLL+0x8364]
C  [ntdll.dll+0x670d1]


---------------  P R O C E S S  ---------------

Java Threads: ( => current thread )
  0x000000002061a800 JavaThread "MongoCleaner133422847" daemon [_thread_blocked, id=16964, stack(0x0000000028760000,0x0000000028860000)]
  0x000000002061f000 JavaThread "MongoCleaner247260853" daemon [_thread_blocked, id=8680, stack(0x0000000028560000,0x0000000028660000)]
  0x0000000020613000 JavaThread "qtp124453429-106" [_thread_blocked, id=11720, stack(0x0000000028460000,0x0000000028560000)]
  0x000000002061a000 JavaThread "qtp124453429-105" [_thread_blocked, id=18460, stack(0x0000000028360000,0x0000000028460000)]
  0x000000001fc0c800 JavaThread "qtp124453429-103" [_thread_in_native, id=2404, stack(0x0000000028060000,0x0000000028160000)]
  0x000000001fc0f000 JavaThread "qtp124453429-100" [_thread_in_native, id=16056, stack(0x0000000027d60000,0x0000000027e60000)]
  0x000000001fc0b000 JavaThread "MongoCleaner1306933123" daemon [_thread_blocked, id=16928, stack(0x0000000027b60000,0x0000000027c60000)]
  0x000000001f8b6800 JavaThread "MongoCleaner883014209" daemon [_thread_blocked, id=17568, stack(0x0000000027960000,0x0000000027a60000)]
  0x000000001f8b6000 JavaThread "qtp124453429-96" [_thread_blocked, id=8044, stack(0x0000000027860000,0x0000000027960000)]
  0x000000001f8b5000 JavaThread "qtp124453429-95" [_thread_in_native, id=15628, stack(0x0000000027760000,0x0000000027860000)]
  0x000000002061c000 JavaThread "qtp124453429-93" [_thread_blocked, id=12692, stack(0x0000000027560000,0x0000000027660000)]
  0x000000002061d800 JavaThread "qtp124453429-92" [_thread_blocked, id=14240, stack(0x0000000027460000,0x0000000027560000)]
  0x000000002061e800 JavaThread "qtp124453429-91" [_thread_blocked, id=5588, stack(0x0000000027360000,0x0000000027460000)]
  0x0000000020621800 JavaThread "MongoCleaner910927521" daemon [_thread_blocked, id=20768, stack(0x0000000027060000,0x0000000027160000)]
  0x000000002061b800 JavaThread "MongoCleaner2004266138" daemon [_thread_blocked, id=1020, stack(0x0000000026f60000,0x0000000027060000)]
  0x0000000020620000 JavaThread "MongoCleaner1702593705" daemon [_thread_blocked, id=17260, stack(0x0000000026c60000,0x0000000026d60000)]
  0x000000002061d000 JavaThread "MongoCleaner901318143" daemon [_thread_blocked, id=14472, stack(0x0000000026b60000,0x0000000026c60000)]
  0x0000000020620800 JavaThread "MongoCleaner1413985910" daemon [_thread_blocked, id=13716, stack(0x0000000026a60000,0x0000000026b60000)]
  0x0000000020613800 JavaThread "MongoCleaner2019855025" daemon [_thread_blocked, id=14208, stack(0x0000000026960000,0x0000000026a60000)]
  0x0000000020615800 JavaThread "qtp124453429-79" [_thread_in_native, id=18476, stack(0x0000000026760000,0x0000000026860000)]
  0x0000000020614800 JavaThread "MongoCleaner1032772172" daemon [_thread_blocked, id=17208, stack(0x0000000026560000,0x0000000026660000)]
  0x0000000020617800 JavaThread "MongoCleaner1004356616" daemon [_thread_blocked, id=2268, stack(0x0000000026460000,0x0000000026560000)]
  0x0000000020612000 JavaThread "MongoCleaner518083395" daemon [_thread_blocked, id=648, stack(0x0000000026360000,0x0000000026460000)]
  0x0000000020618800 JavaThread "MongoCleaner1409859984" daemon [_thread_blocked, id=17412, stack(0x0000000026260000,0x0000000026360000)]
  0x0000000020619000 JavaThread "MongoCleaner270953811" daemon [_thread_blocked, id=19940, stack(0x0000000026060000,0x0000000026160000)]
  0x0000000020616000 JavaThread "MongoCleaner1360750440" daemon [_thread_blocked, id=19892, stack(0x0000000025f60000,0x0000000026060000)]
  0x0000000020617000 JavaThread "MongoCleaner1931301571" daemon [_thread_blocked, id=16500, stack(0x0000000025d60000,0x0000000025e60000)]
  0x000000001fc12800 JavaThread "MongoCleaner1148873979" daemon [_thread_blocked, id=21204, stack(0x0000000025c60000,0x0000000025d60000)]
  0x000000001f8b9000 JavaThread "MongoCleaner700835357" daemon [_thread_blocked, id=16908, stack(0x0000000025b60000,0x0000000025c60000)]
  0x000000001f8b8800 JavaThread "MongoCleaner1543813791" daemon [_thread_blocked, id=16016, stack(0x0000000025a60000,0x0000000025b60000)]
  0x000000001f8b3800 JavaThread "MongoCleaner609470277" daemon [_thread_blocked, id=16716, stack(0x0000000025860000,0x0000000025960000)]
  0x000000001fc14000 JavaThread "MongoCleaner361541987" daemon [_thread_blocked, id=19868, stack(0x0000000025660000,0x0000000025760000)]
  0x000000001fc0d800 JavaThread "MongoCleaner12093528" daemon [_thread_blocked, id=20496, stack(0x0000000024c60000,0x0000000024d60000)]
  0x000000001fc13800 JavaThread "MongoCleaner1310723660" daemon [_thread_blocked, id=17484, stack(0x0000000024b60000,0x0000000024c60000)]
  0x000000001fc16800 JavaThread "MongoCleaner1587814072" daemon [_thread_blocked, id=900, stack(0x0000000024860000,0x0000000024960000)]
  0x000000001fc10800 JavaThread "MongoCleaner556483128" daemon [_thread_blocked, id=19092, stack(0x0000000024760000,0x0000000024860000)]
  0x000000001fc12000 JavaThread "MongoCleaner470325440" daemon [_thread_blocked, id=8356, stack(0x0000000023690000,0x0000000023790000)]
  0x000000001fc09000 JavaThread "MongoCleaner1277847938" daemon [_thread_blocked, id=8440, stack(0x0000000023590000,0x0000000023690000)]
  0x000000001fc09800 JavaThread "MongoCleaner1347096725" daemon [_thread_blocked, id=10728, stack(0x0000000023490000,0x0000000023590000)]
  0x000000001fc0c000 JavaThread "MongoCleaner1596143224" daemon [_thread_blocked, id=15728, stack(0x0000000023390000,0x0000000023490000)]
  0x000000001fc15000 JavaThread "MongoCleaner675941425" daemon [_thread_blocked, id=11352, stack(0x0000000023290000,0x0000000023390000)]
  0x000000001fc15800 JavaThread "MongoCleaner1953170569" daemon [_thread_blocked, id=14440, stack(0x0000000023190000,0x0000000023290000)]
  0x000000001fc0a800 JavaThread "MongoCleaner1921601971" daemon [_thread_blocked, id=14984, stack(0x0000000023090000,0x0000000023190000)]
  0x000000001fc11000 JavaThread "MongoCleaner962533639" daemon [_thread_blocked, id=14396, stack(0x0000000022f90000,0x0000000023090000)]
  0x000000001fc07800 JavaThread "MongoCleaner557233425" daemon [_thread_blocked, id=9700, stack(0x0000000022790000,0x0000000022890000)]
  0x000000001fc08000 JavaThread "MongoCleaner289591394" daemon [_thread_blocked, id=21080, stack(0x0000000022690000,0x0000000022790000)]
  0x000000001fc0e000 JavaThread "Scheduler-1919497349" [_thread_blocked, id=21456, stack(0x0000000022390000,0x0000000022490000)]
  0x000000001f8b3000 JavaThread "org.eclipse.jetty.server.session.HashSessionManager@6772864dTimer" daemon [_thread_blocked, id=3684, stack(0x0000000021d90000,0x0000000021e90000)]
  0x000000001f8ba000 JavaThread "qtp124453429-26-acceptor-0@6cc07734-ServerConnector@423508a5{HTTP/1.1,[http/1.1]}{0.0.0.0:4567}" [_thread_in_native, id=15872, stack(0x0000000021c90000,0x0000000021d90000)]
  0x0000000002974800 JavaThread "DestroyJavaVM" [_thread_blocked, id=13516, stack(0x0000000002870000,0x0000000002970000)]
  0x000000001f79a000 JavaThread "Thread-2" [_thread_blocked, id=15612, stack(0x00000000201c0000,0x00000000202c0000)]
  0x000000001f79e000 JavaThread "MongoCleaner1095293768" daemon [_thread_blocked, id=13836, stack(0x000000001fc20000,0x000000001fd20000)]
  0x000000001e435000 JavaThread "Service Thread" daemon [_thread_blocked, id=1644, stack(0x000000001f220000,0x000000001f320000)]
  0x000000001e38f000 JavaThread "C1 CompilerThread3" daemon [_thread_blocked, id=6468, stack(0x000000001f120000,0x000000001f220000)]
  0x000000001e38e800 JavaThread "C2 CompilerThread2" daemon [_thread_blocked, id=18964, stack(0x000000001f020000,0x000000001f120000)]
  0x000000001e389000 JavaThread "C2 CompilerThread1" daemon [_thread_blocked, id=15144, stack(0x000000001ef20000,0x000000001f020000)]
  0x000000001e393800 JavaThread "C2 CompilerThread0" daemon [_thread_blocked, id=18520, stack(0x000000001ee20000,0x000000001ef20000)]
  0x000000001e378000 JavaThread "JDWP Command Reader" daemon [_thread_in_native, id=16796, stack(0x000000001ed20000,0x000000001ee20000)]
  0x000000001e377000 JavaThread "JDWP Event Helper Thread" daemon [_thread_blocked, id=20040, stack(0x000000001ec20000,0x000000001ed20000)]
=>0x000000001e365800 JavaThread "JDWP Transport Listener: dt_socket" daemon [_thread_in_vm, id=7244, stack(0x000000001eb20000,0x000000001ec20000)]
  0x000000001e35d800 JavaThread "Attach Listener" daemon [_thread_blocked, id=9908, stack(0x000000001ea20000,0x000000001eb20000)]
  0x000000001e35c800 JavaThread "Signal Dispatcher" daemon [_thread_blocked, id=7548, stack(0x000000001e920000,0x000000001ea20000)]
  0x000000001e350800 JavaThread "Finalizer" daemon [_thread_blocked, id=4940, stack(0x000000001e730000,0x000000001e830000)]
  0x0000000002a6c000 JavaThread "Reference Handler" daemon [_thread_blocked, id=14028, stack(0x000000001e230000,0x000000001e330000)]

Other Threads:
  0x000000001c459000 VMThread [stack: 0x000000001e130000,0x000000001e230000] [id=20020]
  0x000000001e43e800 WatcherThread [stack: 0x000000001f320000,0x000000001f420000] [id=17112]

VM state:not at safepoint (normal execution)

VM Mutex/Monitor currently owned by a thread: None

Heap:
 PSYoungGen      total 75776K, used 44591K [0x000000076b800000, 0x0000000770c80000, 0x00000007c0000000)
  eden space 65024K, 53% used [0x000000076b800000,0x000000076da0a2d8,0x000000076f780000)
  from space 10752K, 90% used [0x000000076f780000,0x0000000770101a00,0x0000000770200000)
  to   space 10752K, 0% used [0x0000000770200000,0x0000000770200000,0x0000000770c80000)
 ParOldGen       total 173568K, used 48K [0x00000006c2800000, 0x00000006cd180000, 0x000000076b800000)
  object space 173568K, 0% used [0x00000006c2800000,0x00000006c280c000,0x00000006cd180000)
 Metaspace       used 14134K, capacity 14436K, committed 14848K, reserved 1062912K
  class space    used 1569K, capacity 1682K, committed 1792K, reserved 1048576K

Card table byte_map: [0x0000000011e30000,0x0000000012620000] byte_map_base: 0x000000000e81c000

Marking Bits: (ParMarkBitMap*) 0x00000000612a2f70
 Begin Bits: [0x0000000013370000, 0x00000000172d0000)
 End Bits:   [0x00000000172d0000, 0x000000001b230000)

Polling page: 0x0000000001050000

CodeCache: size=245760Kb used=6741Kb max_used=6756Kb free=239018Kb
 bounds [0x0000000002a70000, 0x0000000003120000, 0x0000000011a70000]
 total_blobs=2229 nmethods=1835 adapters=314
 compilation: enabled

Compilation events (10 events):
Event: 3282.408 Thread 0x000000001e38f000 nmethod 2101 0x0000000002e51f10 code [0x0000000002e52160, 0x0000000002e52f28]
Event: 3282.408 Thread 0x000000001e38f000 2103       1       com.mongodb.DB::getMongo (5 bytes)
Event: 3282.408 Thread 0x000000001e38f000 nmethod 2103 0x0000000002e51c50 code [0x0000000002e51da0, 0x0000000002e51eb0]
Event: 3282.440 Thread 0x000000001e393800 nmethod 2098 0x0000000003115f50 code [0x00000000031161e0, 0x0000000003117d30]
Event: 3286.233 Thread 0x000000001e38f000 2105       1       java.util.concurrent.locks.AbstractQueuedSynchronizer::setState (6 bytes)
Event: 3286.234 Thread 0x000000001e38f000 nmethod 2105 0x0000000002e51990 code [0x0000000002e51ae0, 0x0000000002e51bf0]
Event: 3290.527 Thread 0x000000001e38f000 2106       3       org.eclipse.jetty.http.HttpGenerator::prepareChunk (46 bytes)
Event: 3290.527 Thread 0x000000001e38f000 nmethod 2106 0x0000000002e41210 code [0x0000000002e413e0, 0x0000000002e41bb8]
Event: 3290.528 Thread 0x000000001e38f000 2107       1       java.text.NumberFormat::getMinimumFractionDigits (5 bytes)
Event: 3290.529 Thread 0x000000001e38f000 nmethod 2107 0x0000000002e61310 code [0x0000000002e61460, 0x0000000002e61570]

GC Heap History (6 events):
Event: 7.011 GC heap before
{Heap before GC invocations=1 (full 0):
 PSYoungGen      total 75776K, used 65024K [0x000000076b800000, 0x0000000770c80000, 0x00000007c0000000)
  eden space 65024K, 100% used [0x000000076b800000,0x000000076f780000,0x000000076f780000)
  from space 10752K, 0% used [0x0000000770200000,0x0000000770200000,0x0000000770c80000)
  to   space 10752K, 0% used [0x000000076f780000,0x000000076f780000,0x0000000770200000)
 ParOldGen       total 173568K, used 0K [0x00000006c2800000, 0x00000006cd180000, 0x000000076b800000)
  object space 173568K, 0% used [0x00000006c2800000,0x00000006c2800000,0x00000006cd180000)
 Metaspace       used 13113K, capacity 13312K, committed 13696K, reserved 1060864K
  class space    used 1534K, capacity 1594K, committed 1664K, reserved 1048576K
Event: 7.019 GC heap after
Heap after GC invocations=1 (full 0):
 PSYoungGen      total 75776K, used 9579K [0x000000076b800000, 0x0000000770c80000, 0x00000007c0000000)
  eden space 65024K, 0% used [0x000000076b800000,0x000000076b800000,0x000000076f780000)
  from space 10752K, 89% used [0x000000076f780000,0x00000007700dad58,0x0000000770200000)
  to   space 10752K, 0% used [0x0000000770200000,0x0000000770200000,0x0000000770c80000)
 ParOldGen       total 173568K, used 24K [0x00000006c2800000, 0x00000006cd180000, 0x000000076b800000)
  object space 173568K, 0% used [0x00000006c2800000,0x00000006c2806000,0x00000006cd180000)
 Metaspace       used 13113K, capacity 13312K, committed 13696K, reserved 1060864K
  class space    used 1534K, capacity 1594K, committed 1664K, reserved 1048576K
}
Event: 1549.230 GC heap before
{Heap before GC invocations=2 (full 0):
 PSYoungGen      total 75776K, used 74603K [0x000000076b800000, 0x0000000770c80000, 0x00000007c0000000)
  eden space 65024K, 100% used [0x000000076b800000,0x000000076f780000,0x000000076f780000)
  from space 10752K, 89% used [0x000000076f780000,0x00000007700dad58,0x0000000770200000)
  to   space 10752K, 0% used [0x0000000770200000,0x0000000770200000,0x0000000770c80000)
 ParOldGen       total 173568K, used 24K [0x00000006c2800000, 0x00000006cd180000, 0x000000076b800000)
  object space 173568K, 0% used [0x00000006c2800000,0x00000006c2806000,0x00000006cd180000)
 Metaspace       used 13676K, capacity 13950K, committed 14336K, reserved 1062912K
  class space    used 1561K, capacity 1673K, committed 1792K, reserved 1048576K
Event: 1549.235 GC heap after
Heap after GC invocations=2 (full 0):
 PSYoungGen      total 75776K, used 7993K [0x000000076b800000, 0x0000000770c80000, 0x00000007c0000000)
  eden space 65024K, 0% used [0x000000076b800000,0x000000076b800000,0x000000076f780000)
  from space 10752K, 74% used [0x0000000770200000,0x00000007709ce530,0x0000000770c80000)
  to   space 10752K, 0% used [0x000000076f780000,0x000000076f780000,0x0000000770200000)
 ParOldGen       total 173568K, used 40K [0x00000006c2800000, 0x00000006cd180000, 0x000000076b800000)
  object space 173568K, 0% used [0x00000006c2800000,0x00000006c280a000,0x00000006cd180000)
 Metaspace       used 13676K, capacity 13950K, committed 14336K, reserved 1062912K
  class space    used 1561K, capacity 1673K, committed 1792K, reserved 1048576K
}
Event: 2076.047 GC heap before
{Heap before GC invocations=3 (full 0):
 PSYoungGen      total 75776K, used 73017K [0x000000076b800000, 0x0000000770c80000, 0x00000007c0000000)
  eden space 65024K, 100% used [0x000000076b800000,0x000000076f780000,0x000000076f780000)
  from space 10752K, 74% used [0x0000000770200000,0x00000007709ce530,0x0000000770c80000)
  to   space 10752K, 0% used [0x000000076f780000,0x000000076f780000,0x0000000770200000)
 ParOldGen       total 173568K, used 40K [0x00000006c2800000, 0x00000006cd180000, 0x000000076b800000)
  object space 173568K, 0% used [0x00000006c2800000,0x00000006c280a000,0x00000006cd180000)
 Metaspace       used 13953K, capacity 14230K, committed 14592K, reserved 1062912K
  class space    used 1565K, capacity 1677K, committed 1792K, reserved 1048576K
Event: 2076.052 GC heap after
Heap after GC invocations=3 (full 0):
 PSYoungGen      total 75776K, used 9734K [0x000000076b800000, 0x0000000770c80000, 0x00000007c0000000)
  eden space 65024K, 0% used [0x000000076b800000,0x000000076b800000,0x000000076f780000)
  from space 10752K, 90% used [0x000000076f780000,0x0000000770101a00,0x0000000770200000)
  to   space 10752K, 0% used [0x0000000770200000,0x0000000770200000,0x0000000770c80000)
 ParOldGen       total 173568K, used 48K [0x00000006c2800000, 0x00000006cd180000, 0x000000076b800000)
  object space 173568K, 0% used [0x00000006c2800000,0x00000006c280c000,0x00000006cd180000)
 Metaspace       used 13953K, capacity 14230K, committed 14592K, reserved 1062912K
  class space    used 1565K, capacity 1677K, committed 1792K, reserved 1048576K
}

Deoptimization events (10 events):
Event: 48.349 Thread 0x000000001f8b7800 Uncommon trap: reason=class_check action=maybe_recompile pc=0x0000000002bb0d84 method=java.util.regex.Pattern$Curly.match0(Ljava/util/regex/Matcher;IILjava/lang/CharSequence;)Z @ 31
Event: 48.349 Thread 0x000000001f8b7800 Uncommon trap: reason=bimorphic action=maybe_recompile pc=0x0000000002dcc09c method=java.util.regex.Pattern$GroupTail.match(Ljava/util/regex/Matcher;ILjava/lang/CharSequence;)Z @ 70
Event: 161.579 Thread 0x000000001fc0b000 Uncommon trap: reason=bimorphic action=maybe_recompile pc=0x0000000002dcc09c method=java.util.regex.Pattern$GroupTail.match(Ljava/util/regex/Matcher;ILjava/lang/CharSequence;)Z @ 70
Event: 351.732 Thread 0x000000001f8b6800 Uncommon trap: reason=unstable_if action=reinterpret pc=0x0000000002e7eb20 method=java.util.Formatter$Conversion.isValid(C)Z @ 11
Event: 351.732 Thread 0x000000001f8b6800 Uncommon trap: reason=class_check action=maybe_recompile pc=0x0000000002e98344 method=java.util.Formatter.format(Ljava/util/Locale;Ljava/lang/String;[Ljava/lang/Object;)Ljava/util/Formatter; @ 76
Event: 351.734 Thread 0x000000001f8b6800 Uncommon trap: reason=unstable_if action=reinterpret pc=0x0000000002e6a268 method=java.util.Formatter$Conversion.isValid(C)Z @ 11
Event: 351.734 Thread 0x000000001f8b6800 Uncommon trap: reason=class_check action=maybe_recompile pc=0x0000000002e98344 method=java.util.Formatter.format(Ljava/util/Locale;Ljava/lang/String;[Ljava/lang/Object;)Ljava/util/Formatter; @ 76
Event: 383.013 Thread 0x000000001f8b9000 Uncommon trap: reason=class_check action=maybe_recompile pc=0x0000000002e98344 method=java.util.Formatter.format(Ljava/util/Locale;Ljava/lang/String;[Ljava/lang/Object;)Ljava/util/Formatter; @ 76
Event: 383.016 Thread 0x000000001f8b9000 Uncommon trap: reason=class_check action=maybe_recompile pc=0x0000000002e98344 method=java.util.Formatter.format(Ljava/util/Locale;Ljava/lang/String;[Ljava/lang/Object;)Ljava/util/Formatter; @ 76
Event: 479.624 Thread 0x000000001f8b4800 Uncommon trap: reason=bimorphic action=maybe_recompile pc=0x0000000002dcc09c method=java.util.regex.Pattern$GroupTail.match(Ljava/util/regex/Matcher;ILjava/lang/CharSequence;)Z @ 70

Internal exceptions (10 events):
Event: 0.749 Thread 0x0000000002974800 Exception <a 'java/lang/ArrayIndexOutOfBoundsException'> (0x000000076c41e8d0) thrown at [C:\re\workspace\8-2-build-windows-amd64-cygwin\jdk8u91\6644\hotspot\src\share\vm\runtime\sharedRuntime.cpp, line 605]
Event: 0.754 Thread 0x0000000002974800 Exception <a 'java/lang/ArrayIndexOutOfBoundsException'> (0x000000076c4447b0) thrown at [C:\re\workspace\8-2-build-windows-amd64-cygwin\jdk8u91\6644\hotspot\src\share\vm\runtime\sharedRuntime.cpp, line 605]
Event: 0.759 Thread 0x0000000002974800 Exception <a 'java/lang/ArrayIndexOutOfBoundsException'> (0x000000076c453760) thrown at [C:\re\workspace\8-2-build-windows-amd64-cygwin\jdk8u91\6644\hotspot\src\share\vm\runtime\sharedRuntime.cpp, line 605]
Event: 0.854 Thread 0x0000000002974800 Exception <a 'java/lang/NoSuchFieldError': method resolution failed> (0x000000076c6e9278) thrown at [C:\re\workspace\8-2-build-windows-amd64-cygwin\jdk8u91\6644\hotspot\src\share\vm\prims\methodHandles.cpp, line 1146]
Event: 0.856 Thread 0x0000000002974800 Exception <a 'java/lang/NoSuchFieldError': method resolution failed> (0x000000076c6f6598) thrown at [C:\re\workspace\8-2-build-windows-amd64-cygwin\jdk8u91\6644\hotspot\src\share\vm\prims\methodHandles.cpp, line 1146]
Event: 6.557 Thread 0x000000001f8b6800 Exception <a 'java/lang/NoClassDefFoundError': org/apache/log/format/Formatter> (0x000000076e879888) thrown at [C:\re\workspace\8-2-build-windows-amd64-cygwin\jdk8u91\6644\hotspot\src\share\vm\classfile\systemDictionary.cpp, line 199]
Event: 479.636 Thread 0x000000001f8b9000 Exception <a 'java/io/IOException'> (0x000000076e8c77d0) thrown at [C:\re\workspace\8-2-build-windows-amd64-cygwin\jdk8u91\6644\hotspot\src\share\vm\prims\jni.cpp, line 709]
Event: 1503.601 Thread 0x000000001fc12800 Exception <a 'java/io/IOException'> (0x000000076f5ca518) thrown at [C:\re\workspace\8-2-build-windows-amd64-cygwin\jdk8u91\6644\hotspot\src\share\vm\prims\jni.cpp, line 709]
Event: 1694.838 Thread 0x000000001fc0b000 Exception <a 'java/io/IOException'> (0x000000076e04b500) thrown at [C:\re\workspace\8-2-build-windows-amd64-cygwin\jdk8u91\6644\hotspot\src\share\vm\prims\jni.cpp, line 709]
Event: 2782.268 Thread 0x000000001f8b7800 Exception <a 'java/io/IOException'> (0x000000076cef14a0) thrown at [C:\re\workspace\8-2-build-windows-amd64-cygwin\jdk8u91\6644\hotspot\src\share\vm\prims\jni.cpp, line 709]

Events (10 events):
Event: 3282.509 Executing VM operation: GetOrSetLocal
Event: 3282.509 Executing VM operation: GetOrSetLocal done
Event: 3282.515 Executing VM operation: GetOrSetLocal
Event: 3282.515 Executing VM operation: GetOrSetLocal done
Event: 3286.231 Executing VM operation: ForceSafepoint
Event: 3286.231 Executing VM operation: ForceSafepoint done
Event: 3286.233 Executing VM operation: ForceSafepoint
Event: 3286.234 Executing VM operation: ForceSafepoint done
Event: 3286.236 Executing VM operation: ForceSafepoint
Event: 3286.236 Executing VM operation: ForceSafepoint done


Dynamic libraries:
0x00007ff75a5f0000 - 0x00007ff75a627000 	C:\Program Files\Java\jdk1.8.0_91\bin\java.exe
0x00007ffe40fe0000 - 0x00007ffe411b1000 	C:\WINDOWS\SYSTEM32\ntdll.dll
0x00007ffe3e660000 - 0x00007ffe3e70b000 	C:\WINDOWS\System32\KERNEL32.DLL
0x00007ffe3dad0000 - 0x00007ffe3dced000 	C:\WINDOWS\System32\KERNELBASE.dll
0x00007ffe3e840000 - 0x00007ffe3e8e2000 	C:\WINDOWS\System32\ADVAPI32.dll
0x00007ffe3f080000 - 0x00007ffe3f11e000 	C:\WINDOWS\System32\msvcrt.dll
0x00007ffe40d90000 - 0x00007ffe40de9000 	C:\WINDOWS\System32\sechost.dll
0x00007ffe3e710000 - 0x00007ffe3e831000 	C:\WINDOWS\System32\RPCRT4.dll
0x00007ffe40ab0000 - 0x00007ffe40c15000 	C:\WINDOWS\System32\USER32.dll
0x00007ffe3d7e0000 - 0x00007ffe3d7fe000 	C:\WINDOWS\System32\win32u.dll
0x00007ffe40a70000 - 0x00007ffe40aa4000 	C:\WINDOWS\System32\GDI32.dll
0x00007ffe3d650000 - 0x00007ffe3d7d2000 	C:\WINDOWS\System32\gdi32full.dll
0x00007ffe35cf0000 - 0x00007ffe35f69000 	C:\WINDOWS\WinSxS\amd64_microsoft.windows.common-controls_6595b64144ccf1df_6.0.14393.447_none_42191651c6827bb3\COMCTL32.dll
0x00007ffe3f120000 - 0x00007ffe3f3e8000 	C:\WINDOWS\System32\combase.dll
0x00007ffe3d800000 - 0x00007ffe3d8f5000 	C:\WINDOWS\System32\ucrtbase.dll
0x00007ffe3d5e0000 - 0x00007ffe3d64a000 	C:\WINDOWS\System32\bcryptPrimitives.dll
0x00007ffe3f050000 - 0x00007ffe3f07e000 	C:\WINDOWS\System32\IMM32.DLL
0x0000000061330000 - 0x0000000061402000 	C:\Program Files\Java\jdk1.8.0_91\jre\bin\msvcr100.dll
0x0000000060a90000 - 0x0000000061323000 	C:\Program Files\Java\jdk1.8.0_91\jre\bin\server\jvm.dll
0x00007ffe40fd0000 - 0x00007ffe40fd8000 	C:\WINDOWS\System32\PSAPI.DLL
0x00007ffe3b320000 - 0x00007ffe3b343000 	C:\WINDOWS\SYSTEM32\WINMM.dll
0x00007ffe308a0000 - 0x00007ffe308a9000 	C:\WINDOWS\SYSTEM32\WSOCK32.dll
0x00007ffe39a90000 - 0x00007ffe39a9a000 	C:\WINDOWS\SYSTEM32\VERSION.dll
0x00007ffe3efe0000 - 0x00007ffe3f04a000 	C:\WINDOWS\System32\WS2_32.dll
0x0000000002800000 - 0x000000000282b000 	C:\WINDOWS\SYSTEM32\WINMMBASE.dll
0x00007ffe3dcf0000 - 0x00007ffe3dd32000 	C:\WINDOWS\System32\cfgmgr32.dll
0x0000000060a80000 - 0x0000000060a8f000 	C:\Program Files\Java\jdk1.8.0_91\jre\bin\verify.dll
0x0000000060a50000 - 0x0000000060a79000 	C:\Program Files\Java\jdk1.8.0_91\jre\bin\java.dll
0x00000000608e0000 - 0x0000000060915000 	C:\Program Files\Java\jdk1.8.0_91\jre\bin\jdwp.dll
0x00000000606d0000 - 0x00000000606d8000 	C:\Program Files\Java\jdk1.8.0_91\jre\bin\npt.dll
0x0000000060a30000 - 0x0000000060a46000 	C:\Program Files\Java\jdk1.8.0_91\jre\bin\zip.dll
0x00007ffe3f400000 - 0x00007ffe40909000 	C:\WINDOWS\System32\SHELL32.dll
0x00007ffe3dd40000 - 0x00007ffe3e41a000 	C:\WINDOWS\System32\windows.storage.dll
0x00007ffe3d480000 - 0x00007ffe3d4cc000 	C:\WINDOWS\System32\powrprof.dll
0x00007ffe40d20000 - 0x00007ffe40d72000 	C:\WINDOWS\System32\shlwapi.dll
0x00007ffe3d470000 - 0x00007ffe3d47f000 	C:\WINDOWS\System32\kernel.appcore.dll
0x00007ffe3e4c0000 - 0x00007ffe3e569000 	C:\WINDOWS\System32\shcore.dll
0x00007ffe3d450000 - 0x00007ffe3d464000 	C:\WINDOWS\System32\profapi.dll
0x00000000606c0000 - 0x00000000606c9000 	C:\Program Files\Java\jdk1.8.0_91\jre\bin\dt_socket.dll
0x00007ffe3cc20000 - 0x00007ffe3cc7c000 	C:\WINDOWS\system32\mswsock.dll
0x00000000606a0000 - 0x00000000606ba000 	C:\Program Files\Java\jdk1.8.0_91\jre\bin\net.dll
0x00007ffe3ca00000 - 0x00007ffe3caa0000 	C:\WINDOWS\SYSTEM32\DNSAPI.dll
0x00007ffe3f3f0000 - 0x00007ffe3f3f8000 	C:\WINDOWS\System32\NSI.dll
0x00007ffe3c9b0000 - 0x00007ffe3c9e8000 	C:\WINDOWS\SYSTEM32\IPHLPAPI.DLL
0x00000000626c0000 - 0x00000000626e6000 	C:\Program Files\Bonjour\mdnsNSP.dll
0x00007ffe2ed00000 - 0x00007ffe2ed0a000 	C:\Windows\System32\rasadhlp.dll
0x00007ffe34db0000 - 0x00007ffe34e1a000 	C:\WINDOWS\System32\fwpuclnt.dll
0x00007ffe3d020000 - 0x00007ffe3d04b000 	C:\WINDOWS\SYSTEM32\bcrypt.dll
0x00007ffe34e70000 - 0x00007ffe34e86000 	C:\WINDOWS\SYSTEM32\dhcpcsvc6.DLL
0x00007ffe34e50000 - 0x00007ffe34e6a000 	C:\WINDOWS\SYSTEM32\dhcpcsvc.DLL
0x0000000060670000 - 0x000000006067d000 	C:\Program Files\Java\jdk1.8.0_91\jre\bin\management.dll
0x00007ffe27950000 - 0x00007ffe27966000 	C:\WINDOWS\system32\napinsp.dll
0x00007ffe24680000 - 0x00007ffe2469a000 	C:\WINDOWS\system32\pnrpnsp.dll
0x00007ffe3b810000 - 0x00007ffe3b828000 	C:\WINDOWS\system32\NLAapi.dll
0x00007ffe27940000 - 0x00007ffe2794e000 	C:\WINDOWS\System32\winrnr.dll
0x00007ffe309f0000 - 0x00007ffe30a05000 	C:\WINDOWS\System32\wshbth.dll
0x0000000060680000 - 0x0000000060691000 	C:\Program Files\Java\jdk1.8.0_91\jre\bin\nio.dll
0x00007ffe3cf10000 - 0x00007ffe3cf27000 	C:\WINDOWS\SYSTEM32\CRYPTSP.dll
0x00007ffe3ce20000 - 0x00007ffe3ce53000 	C:\WINDOWS\system32\rsaenh.dll
0x00007ffe3caa0000 - 0x00007ffe3cabf000 	C:\WINDOWS\SYSTEM32\USERENV.dll
0x00007ffe3cf30000 - 0x00007ffe3cf3b000 	C:\WINDOWS\SYSTEM32\CRYPTBASE.dll
0x00007ffe2f0c0000 - 0x00007ffe2f252000 	C:\WINDOWS\SYSTEM32\dbghelp.dll

VM Arguments:
jvm_args: -agentlib:jdwp=transport=dt_socket,address=127.0.0.1:52737,suspend=y,server=n -Dfile.encoding=UTF-8 
java_command: RentCalculator
java_class_path (initial): C:\Program Files\Java\jdk1.8.0_91\jre\lib\charsets.jar;C:\Program Files\Java\jdk1.8.0_91\jre\lib\deploy.jar;C:\Program Files\Java\jdk1.8.0_91\jre\lib\ext\access-bridge-64.jar;C:\Program Files\Java\jdk1.8.0_91\jre\lib\ext\cldrdata.jar;C:\Program Files\Java\jdk1.8.0_91\jre\lib\ext\dnsns.jar;C:\Program Files\Java\jdk1.8.0_91\jre\lib\ext\jaccess.jar;C:\Program Files\Java\jdk1.8.0_91\jre\lib\ext\jfxrt.jar;C:\Program Files\Java\jdk1.8.0_91\jre\lib\ext\localedata.jar;C:\Program Files\Java\jdk1.8.0_91\jre\lib\ext\nashorn.jar;C:\Program Files\Java\jdk1.8.0_91\jre\lib\ext\sunec.jar;C:\Program Files\Java\jdk1.8.0_91\jre\lib\ext\sunjce_provider.jar;C:\Program Files\Java\jdk1.8.0_91\jre\lib\ext\sunmscapi.jar;C:\Program Files\Java\jdk1.8.0_91\jre\lib\ext\sunpkcs11.jar;C:\Program Files\Java\jdk1.8.0_91\jre\lib\ext\zipfs.jar;C:\Program Files\Java\jdk1.8.0_91\jre\lib\javaws.jar;C:\Program Files\Java\jdk1.8.0_91\jre\lib\jce.jar;C:\Program Files\Java\jdk1.8.0_91\jre\lib\jfr.jar;C:\Program Files\Java\jdk1.8.0_91\jre\lib\jfxswt.jar;C:\Program Files\Java\jdk1.8.0_91\jre\lib\jsse.jar;C:\Program Files\Java\jdk1.8.0_91\jre\lib\management-agent.jar;C:\Program Files\Java\jdk1.8.0_91\jre\lib\plugin.jar;C:\Program Files\Java\jdk1.8.0_91\jre\lib\resources.jar;C:\Program Files\Java\jdk1.8.0_91\jre\lib\rt.jar;C:\Users\Nicolas\IdeaProjects\RentCalculator\target\classes;C:\Users\Nicolas\.m2\repository\org\hibernate\hibernate-core\5.2.1.Final\hibernate-core-5.2.1.Final.jar;C:\Users\Nicolas\.m2\repository\org\jboss\logging\jboss-logging\3.3.0.Final\jboss-logging-3.3.0.Final.jar;C:\Users\Nicolas\.m2\repository\org\hibernate\javax\persistence\hibernate-jpa-2.1-api\1.0.0.Final\hibernate-jpa-2.1-api-1.0.0.Final.jar;C:\Users\Nicolas\.m2\repository\org\javassist\javassist\3.20.0-GA\javassist-3.20.0-GA.jar;C:\Users\Nicolas\.m2\repository\antlr\antlr\2.7.7\antlr-2.7.7.jar;C:\Users\Nicolas\.m2\repository\org\apache\geronimo\specs\geronimo-jta_1.1_spec\1.1.1\geronimo-jta_1.1_spec-1.
Launcher Type: SUN_STANDARD

Environment Variables:
PATH=C:\ProgramData\Oracle\Java\javapath;C:\Program Files (x86)\Intel\iCLS Client\;C:\Program Files\Intel\iCLS Client\;C:\Windows\system32;C:\Windows;C:\Windows\System32\Wbem;C:\Windows\System32\WindowsPowerShell\v1.0\;C:\Program Files (x86)\Intel\Intel(R) Management Engine Components\DAL;C:\Program Files\Intel\Intel(R) Management Engine Components\DAL;C:\Program Files (x86)\Intel\Intel(R) Management Engine Components\IPT;C:\Program Files\Intel\Intel(R) Management Engine Components\IPT;C:\Program Files (x86)\NVIDIA Corporation\PhysX\Common;C:\Program Files\Intel\WiFi\bin\;C:\Program Files\Common Files\Intel\WirelessCommon\;C:\Program Files (x86)\Skype\Phone\;C:\WINDOWS\system32;C:\WINDOWS;C:\WINDOWS\System32\Wbem;C:\WINDOWS\System32\WindowsPowerShell\v1.0\;C:\Program Files (x86)\ImageConverter Plus;C:\Program Files (x86)\NVIDIA Corporation\DDS Utilities;C:\Users\Nicolas\AppData\Local\Microsoft\WindowsApps;C:\Program Files (x86)\ImageConverter Plus;
USERNAME=Nicolas
OS=Windows_NT
PROCESSOR_IDENTIFIER=Intel64 Family 6 Model 94 Stepping 3, GenuineIntel



---------------  S Y S T E M  ---------------

OS: Windows 10.0 , 64 bit Build 14393 (10.0.14393.0)

CPU:total 8 (4 cores per cpu, 2 threads per core) family 6 model 94 stepping 3, cmov, cx8, fxsr, mmx, sse, sse2, sse3, ssse3, sse4.1, sse4.2, popcnt, avx, avx2, aes, clmul, erms, rtm, 3dnowpref, lzcnt, ht, tsc, tscinvbit, bmi1, bmi2, adx

Memory: 4k page, physical 16609304k(9830992k free), swap 19099672k(10283988k free)

vm_info: Java HotSpot(TM) 64-Bit Server VM (25.91-b14) for windows-amd64 JRE (1.8.0_91-b14), built on Apr  1 2016 00:58:32 by "java_re" with MS VC++ 10.0 (VS2010)

time: Thu Jan 12 16:10:22 2017
elapsed time: 3296 seconds (0d 0h 54m 56s)

